<?xml version="1.0" encoding="UTF-8"?>
<testsuites>
  <testsuite name="Application Test Suite" tests="62" assertions="171" failures="0" errors="0" time="52.455857">
    <testsuite name="DenominationsControllerTest" file="/home/vagrant/Code/gfccm/api-gfccm-systems/tests/integration/api/DenominationsControllerTest.php" tests="11" assertions="22" failures="0" errors="0" time="9.862062">
      <testcase name="it_returns_denomination_when_denomination_is_created" class="DenominationsControllerTest" file="/home/vagrant/Code/gfccm/api-gfccm-systems/tests/integration/api/DenominationsControllerTest.php" line="14" assertions="3" time="1.753752"/>
      <testsuite name="DenominationsControllerTest::it_rejects_creation_request_if_the_payload_is_invalid" tests="3" assertions="3" failures="0" errors="0" time="2.352797">
        <testcase name="it_rejects_creation_request_if_the_payload_is_invalid with data set #0" assertions="1" time="0.783488"/>
        <testcase name="it_rejects_creation_request_if_the_payload_is_invalid with data set #1" assertions="1" time="0.787240"/>
        <testcase name="it_rejects_creation_request_if_the_payload_is_invalid with data set #2" assertions="1" time="0.782069"/>
      </testsuite>
      <testcase name="it_returns_denomination_when_denomination_is_updated" class="DenominationsControllerTest" file="/home/vagrant/Code/gfccm/api-gfccm-systems/tests/integration/api/DenominationsControllerTest.php" line="38" assertions="2" time="0.845589"/>
      <testcase name="it_rejects_update_when_input_is_invalid" class="DenominationsControllerTest" file="/home/vagrant/Code/gfccm/api-gfccm-systems/tests/integration/api/DenominationsControllerTest.php" line="54" assertions="1" time="0.819254"/>
      <testcase name="it_rejects_update_when_denomination_does_not_exists" class="DenominationsControllerTest" file="/home/vagrant/Code/gfccm/api-gfccm-systems/tests/integration/api/DenominationsControllerTest.php" line="67" assertions="1" time="0.787294"/>
      <testcase name="it_returns_empty_when_no_denomination_is_empty" class="DenominationsControllerTest" file="/home/vagrant/Code/gfccm/api-gfccm-systems/tests/integration/api/DenominationsControllerTest.php" line="79" assertions="2" time="0.788845"/>
      <testcase name="it_returns_denominations" class="DenominationsControllerTest" file="/home/vagrant/Code/gfccm/api-gfccm-systems/tests/integration/api/DenominationsControllerTest.php" line="88" assertions="2" time="0.869175"/>
      <testcase name="it_returns_a_denomination_when_searched_by_id" class="DenominationsControllerTest" file="/home/vagrant/Code/gfccm/api-gfccm-systems/tests/integration/api/DenominationsControllerTest.php" line="99" assertions="7" time="0.862106"/>
      <testcase name="it_returns_an_invalid_response_when_denomination_does_not_exists" class="DenominationsControllerTest" file="/home/vagrant/Code/gfccm/api-gfccm-systems/tests/integration/api/DenominationsControllerTest.php" line="113" assertions="1" time="0.783251"/>
    </testsuite>
    <testsuite name="FundItemsControllerTest" file="/home/vagrant/Code/gfccm/api-gfccm-systems/tests/integration/api/FundItemsControllerTest.php" tests="9" assertions="25" failures="0" errors="0" time="7.624122">
      <testcase name="it_returns_fund_item_when_created" class="FundItemsControllerTest" file="/home/vagrant/Code/gfccm/api-gfccm-systems/tests/integration/api/FundItemsControllerTest.php" line="14" assertions="7" time="0.878934"/>
      <testsuite name="FundItemsControllerTest::it_rejects_create_if_input_is_invalid" tests="2" assertions="2" failures="0" errors="0" time="1.589014">
        <testcase name="it_rejects_create_if_input_is_invalid with data set #0" assertions="1" time="0.788677"/>
        <testcase name="it_rejects_create_if_input_is_invalid with data set #1" assertions="1" time="0.800337"/>
      </testsuite>
      <testcase name="it_returns_fund_item_on_update_if_fund_item_exists" class="FundItemsControllerTest" file="/home/vagrant/Code/gfccm/api-gfccm-systems/tests/integration/api/FundItemsControllerTest.php" line="40" assertions="7" time="0.893334"/>
      <testsuite name="FundItemsControllerTest::it_rejects_update_if_updated_input_is_invalid" tests="2" assertions="2" failures="0" errors="0" time="1.756751">
        <testcase name="it_rejects_update_if_updated_input_is_invalid with data set #0" assertions="1" time="0.883965"/>
        <testcase name="it_rejects_update_if_updated_input_is_invalid with data set #1" assertions="1" time="0.872786"/>
      </testsuite>
      <testcase name="it_returns_an_invalid_response_on_update_if_fund_item_does_not_exists" class="FundItemsControllerTest" file="/home/vagrant/Code/gfccm/api-gfccm-systems/tests/integration/api/FundItemsControllerTest.php" line="72" assertions="1" time="0.805893"/>
      <testcase name="it_returns_a_fund_item_if_exists" class="FundItemsControllerTest" file="/home/vagrant/Code/gfccm/api-gfccm-systems/tests/integration/api/FundItemsControllerTest.php" line="82" assertions="5" time="0.888739"/>
      <testcase name="it_returns_an_invalid_response_when_fund_item_does_not_exists" class="FundItemsControllerTest" file="/home/vagrant/Code/gfccm/api-gfccm-systems/tests/integration/api/FundItemsControllerTest.php" line="96" assertions="1" time="0.811457"/>
    </testsuite>
    <testsuite name="FundsControllerTest" file="/home/vagrant/Code/gfccm/api-gfccm-systems/tests/integration/api/FundsControllerTest.php" tests="14" assertions="29" failures="0" errors="0" time="12.353610">
      <testcase name="it_returns_a_collection_of_funds" class="FundsControllerTest" file="/home/vagrant/Code/gfccm/api-gfccm-systems/tests/integration/api/FundsControllerTest.php" line="13" assertions="2" time="1.009852"/>
      <testcase name="it_returns_an_empty_collection_when_no_fund_exists" class="FundsControllerTest" file="/home/vagrant/Code/gfccm/api-gfccm-systems/tests/integration/api/FundsControllerTest.php" line="26" assertions="2" time="0.793724"/>
      <testcase name="it_returns_fund_when_fund_is_created" class="FundsControllerTest" file="/home/vagrant/Code/gfccm/api-gfccm-systems/tests/integration/api/FundsControllerTest.php" line="37" assertions="4" time="0.833791"/>
      <testsuite name="FundsControllerTest::it_rejects_create_when_input_is_invalid" tests="2" assertions="2" failures="0" errors="0" time="1.787562">
        <testcase name="it_rejects_create_when_input_is_invalid with data set #0" assertions="1" time="0.839929"/>
        <testcase name="it_rejects_create_when_input_is_invalid with data set #1" assertions="1" time="0.947633"/>
      </testsuite>
      <testcase name="it_return_a_fund" class="FundsControllerTest" file="/home/vagrant/Code/gfccm/api-gfccm-systems/tests/integration/api/FundsControllerTest.php" line="64" assertions="4" time="0.909195"/>
      <testcase name="it_returns_an_invalid_response_when_fund_does_not_exists" class="FundsControllerTest" file="/home/vagrant/Code/gfccm/api-gfccm-systems/tests/integration/api/FundsControllerTest.php" line="79" assertions="1" time="0.842110"/>
      <testcase name="it_returns_a_fund_on_update" class="FundsControllerTest" file="/home/vagrant/Code/gfccm/api-gfccm-systems/tests/integration/api/FundsControllerTest.php" line="89" assertions="5" time="0.898658"/>
      <testsuite name="FundsControllerTest::it_rejects_update_if_input_is_invalid" tests="2" assertions="2" failures="0" errors="0" time="1.713364">
        <testcase name="it_rejects_update_if_input_is_invalid with data set #0" assertions="1" time="0.863616"/>
        <testcase name="it_rejects_update_if_input_is_invalid with data set #1" assertions="1" time="0.849748"/>
      </testsuite>
      <testcase name="it_return_an_invalid_response_on_update_when_fund_does_not_exists" class="FundsControllerTest" file="/home/vagrant/Code/gfccm/api-gfccm-systems/tests/integration/api/FundsControllerTest.php" line="122" assertions="1" time="0.814576"/>
      <testcase name="it_returns_an_invalid_response_on_showing_fund_items_in_a_fund_when_fund_does_not_exists" class="FundsControllerTest" file="/home/vagrant/Code/gfccm/api-gfccm-systems/tests/integration/api/FundsControllerTest.php" line="132" assertions="1" time="0.918807"/>
      <testcase name="it_returns_an_empty_collection_when_fund_does_not_have_fund_items" class="FundsControllerTest" file="/home/vagrant/Code/gfccm/api-gfccm-systems/tests/integration/api/FundsControllerTest.php" line="142" assertions="2" time="0.863353"/>
      <testcase name="it_returns_a_collection_of_fund_items_associated_in_a_fund" class="FundsControllerTest" file="/home/vagrant/Code/gfccm/api-gfccm-systems/tests/integration/api/FundsControllerTest.php" line="157" assertions="3" time="0.968618"/>
    </testsuite>
    <testsuite name="DenominationTransformerTest" file="/home/vagrant/Code/gfccm/api-gfccm-systems/tests/unit/ApiGfccm/Http/Controllers/Api/Transformers/DenominationTransformerTest.php" tests="1" assertions="7" failures="0" errors="0" time="0.777783">
      <testcase name="it_transforms_a_denomination_into_an_api_payload" class="DenominationTransformerTest" file="/home/vagrant/Code/gfccm/api-gfccm-systems/tests/unit/ApiGfccm/Http/Controllers/Api/Transformers/DenominationTransformerTest.php" line="19" assertions="7" time="0.777783"/>
    </testsuite>
    <testsuite name="FundItemTransformerTest" file="/home/vagrant/Code/gfccm/api-gfccm-systems/tests/unit/ApiGfccm/Http/Controllers/Api/Transformers/FundItemTransformerTest.php" tests="1" assertions="9" failures="0" errors="0" time="0.785664">
      <testcase name="it_transforms_a_fund_item_into_an_api_payload" class="FundItemTransformerTest" file="/home/vagrant/Code/gfccm/api-gfccm-systems/tests/unit/ApiGfccm/Http/Controllers/Api/Transformers/FundItemTransformerTest.php" line="20" assertions="9" time="0.785664"/>
    </testsuite>
    <testsuite name="FundTransformerTest" file="/home/vagrant/Code/gfccm/api-gfccm-systems/tests/unit/ApiGfccm/Http/Controllers/Api/Transformers/FundTransformerTest.php" tests="1" assertions="11" failures="0" errors="0" time="0.781063">
      <testcase name="it_transforms_a_fund_into_an_api_payload" class="FundTransformerTest" file="/home/vagrant/Code/gfccm/api-gfccm-systems/tests/unit/ApiGfccm/Http/Controllers/Api/Transformers/FundTransformerTest.php" line="19" assertions="11" time="0.781063"/>
    </testsuite>
    <testsuite name="DenominationRepositoryEloquentTest" file="/home/vagrant/Code/gfccm/api-gfccm-systems/tests/unit/ApiGfccm/Repositories/Eloquent/DenominationRepositoryEloquentTest.php" tests="7" assertions="15" failures="0" errors="0" time="5.559038">
      <testcase name="it_returns_denominations_order_by_amount" class="DenominationRepositoryEloquentTest" file="/home/vagrant/Code/gfccm/api-gfccm-systems/tests/unit/ApiGfccm/Repositories/Eloquent/DenominationRepositoryEloquentTest.php" line="14" assertions="2" time="0.869412"/>
      <testcase name="it_returns_denominations" class="DenominationRepositoryEloquentTest" file="/home/vagrant/Code/gfccm/api-gfccm-systems/tests/unit/ApiGfccm/Repositories/Eloquent/DenominationRepositoryEloquentTest.php" line="36" assertions="2" time="0.805799"/>
      <testcase name="it_returns_denomination_when_fetched_by_id" class="DenominationRepositoryEloquentTest" file="/home/vagrant/Code/gfccm/api-gfccm-systems/tests/unit/ApiGfccm/Repositories/Eloquent/DenominationRepositoryEloquentTest.php" line="49" assertions="5" time="0.821053"/>
      <testcase name="it_returns_exception_when_denomination_does_not_exists" class="DenominationRepositoryEloquentTest" file="/home/vagrant/Code/gfccm/api-gfccm-systems/tests/unit/ApiGfccm/Repositories/Eloquent/DenominationRepositoryEloquentTest.php" line="65" assertions="1" time="0.718725"/>
      <testcase name="it_returns_denomination_when_the_denomination_is_updated" class="DenominationRepositoryEloquentTest" file="/home/vagrant/Code/gfccm/api-gfccm-systems/tests/unit/ApiGfccm/Repositories/Eloquent/DenominationRepositoryEloquentTest.php" line="75" assertions="2" time="0.800385"/>
      <testcase name="it_returns_null_when_denomination_not_found" class="DenominationRepositoryEloquentTest" file="/home/vagrant/Code/gfccm/api-gfccm-systems/tests/unit/ApiGfccm/Repositories/Eloquent/DenominationRepositoryEloquentTest.php" line="96" assertions="1" time="0.780176"/>
      <testcase name="it_returns_denomination_when_a_new_denomination_is_created" class="DenominationRepositoryEloquentTest" file="/home/vagrant/Code/gfccm/api-gfccm-systems/tests/unit/ApiGfccm/Repositories/Eloquent/DenominationRepositoryEloquentTest.php" line="111" assertions="2" time="0.763488"/>
    </testsuite>
    <testsuite name="FundItemRepositoryEloquentTest" file="/home/vagrant/Code/gfccm/api-gfccm-systems/tests/unit/ApiGfccm/Repositories/Eloquent/FundItemRepositoryEloquentTest.php" tests="10" assertions="29" failures="0" errors="0" time="8.027960">
      <testcase name="it_returns_fund_items" class="FundItemRepositoryEloquentTest" file="/home/vagrant/Code/gfccm/api-gfccm-systems/tests/unit/ApiGfccm/Repositories/Eloquent/FundItemRepositoryEloquentTest.php" line="16" assertions="2" time="0.897949"/>
      <testcase name="it_returns_empty_when_fund_items_are_not_found" class="FundItemRepositoryEloquentTest" file="/home/vagrant/Code/gfccm/api-gfccm-systems/tests/unit/ApiGfccm/Repositories/Eloquent/FundItemRepositoryEloquentTest.php" line="30" assertions="1" time="0.729408"/>
      <testcase name="it_returns_a_fund_item_when_fetched_by_id" class="FundItemRepositoryEloquentTest" file="/home/vagrant/Code/gfccm/api-gfccm-systems/tests/unit/ApiGfccm/Repositories/Eloquent/FundItemRepositoryEloquentTest.php" line="37" assertions="6" time="0.790822"/>
      <testcase name="it_return_null_when_fund_item_is_not_found" class="FundItemRepositoryEloquentTest" file="/home/vagrant/Code/gfccm/api-gfccm-systems/tests/unit/ApiGfccm/Repositories/Eloquent/FundItemRepositoryEloquentTest.php" line="53" assertions="1" time="0.726680"/>
      <testcase name="it_returns_fund_items_which_belonged_to_a_fund" class="FundItemRepositoryEloquentTest" file="/home/vagrant/Code/gfccm/api-gfccm-systems/tests/unit/ApiGfccm/Repositories/Eloquent/FundItemRepositoryEloquentTest.php" line="60" assertions="3" time="0.833464"/>
      <testcase name="it_returns_empty_when_there_is_no_fund_items_associated_by_fund" class="FundItemRepositoryEloquentTest" file="/home/vagrant/Code/gfccm/api-gfccm-systems/tests/unit/ApiGfccm/Repositories/Eloquent/FundItemRepositoryEloquentTest.php" line="75" assertions="1" time="0.730214"/>
      <testcase name="it_returns_a_fund_item_when_created" class="FundItemRepositoryEloquentTest" file="/home/vagrant/Code/gfccm/api-gfccm-systems/tests/unit/ApiGfccm/Repositories/Eloquent/FundItemRepositoryEloquentTest.php" line="82" assertions="2" time="0.799493"/>
      <testcase name="it_returns_a_fund_item_when_updated" class="FundItemRepositoryEloquentTest" file="/home/vagrant/Code/gfccm/api-gfccm-systems/tests/unit/ApiGfccm/Repositories/Eloquent/FundItemRepositoryEloquentTest.php" line="101" assertions="5" time="0.851917"/>
      <testcase name="it_returns_empty_on_update_when_fund_item_does_not_exists" class="FundItemRepositoryEloquentTest" file="/home/vagrant/Code/gfccm/api-gfccm-systems/tests/unit/ApiGfccm/Repositories/Eloquent/FundItemRepositoryEloquentTest.php" line="130" assertions="1" time="0.735988"/>
      <testcase name="it_returns_active_fund_items" class="FundItemRepositoryEloquentTest" file="/home/vagrant/Code/gfccm/api-gfccm-systems/tests/unit/ApiGfccm/Repositories/Eloquent/FundItemRepositoryEloquentTest.php" line="139" assertions="7" time="0.932025"/>
    </testsuite>
    <testsuite name="FundRepositoryEloquentTest" file="/home/vagrant/Code/gfccm/api-gfccm-systems/tests/unit/ApiGfccm/Repositories/Eloquent/FundRepositoryEloquentTest.php" tests="8" assertions="24" failures="0" errors="0" time="6.684555">
      <testcase name="it_returns_fund_with_items" class="FundRepositoryEloquentTest" file="/home/vagrant/Code/gfccm/api-gfccm-systems/tests/unit/ApiGfccm/Repositories/Eloquent/FundRepositoryEloquentTest.php" line="15" assertions="4" time="1.209899"/>
      <testcase name="it_returns_empty_if_funds_are_empty" class="FundRepositoryEloquentTest" file="/home/vagrant/Code/gfccm/api-gfccm-systems/tests/unit/ApiGfccm/Repositories/Eloquent/FundRepositoryEloquentTest.php" line="30" assertions="1" time="0.706880"/>
      <testcase name="it_returns_fund_if_fund_exists" class="FundRepositoryEloquentTest" file="/home/vagrant/Code/gfccm/api-gfccm-systems/tests/unit/ApiGfccm/Repositories/Eloquent/FundRepositoryEloquentTest.php" line="40" assertions="2" time="0.765327"/>
      <testcase name="it_returns_null_if_fund_does_not_exists" class="FundRepositoryEloquentTest" file="/home/vagrant/Code/gfccm/api-gfccm-systems/tests/unit/ApiGfccm/Repositories/Eloquent/FundRepositoryEloquentTest.php" line="53" assertions="1" time="0.750769"/>
      <testcase name="it_returns_fund_when_fund_is_created" class="FundRepositoryEloquentTest" file="/home/vagrant/Code/gfccm/api-gfccm-systems/tests/unit/ApiGfccm/Repositories/Eloquent/FundRepositoryEloquentTest.php" line="63" assertions="2" time="0.803132"/>
      <testcase name="it_returns_fund_when_fund_is_updated" class="FundRepositoryEloquentTest" file="/home/vagrant/Code/gfccm/api-gfccm-systems/tests/unit/ApiGfccm/Repositories/Eloquent/FundRepositoryEloquentTest.php" line="82" assertions="6" time="0.792338"/>
      <testcase name="it_returns_null_on_update_if_fund_does_not_exists" class="FundRepositoryEloquentTest" file="/home/vagrant/Code/gfccm/api-gfccm-systems/tests/unit/ApiGfccm/Repositories/Eloquent/FundRepositoryEloquentTest.php" line="105" assertions="1" time="0.719862"/>
      <testcase name="it_returns_active_funds" class="FundRepositoryEloquentTest" file="/home/vagrant/Code/gfccm/api-gfccm-systems/tests/unit/ApiGfccm/Repositories/Eloquent/FundRepositoryEloquentTest.php" line="115" assertions="7" time="0.936348"/>
    </testsuite>
  </testsuite>
</testsuites>
