<?xml version="1.0" encoding="UTF-8"?>
<testsuites>
  <testsuite name="Application Test Suite" tests="94" assertions="259" failures="0" errors="0" time="82.186029">
    <testsuite name="DenominationsControllerTest" file="/home/vagrant/Code/gfccm/api-gfccm-systems/tests/integration/api/DenominationsControllerTest.php" tests="11" assertions="22" failures="0" errors="0" time="10.780849">
      <testcase name="it_returns_denomination_when_denomination_is_created" class="DenominationsControllerTest" file="/home/vagrant/Code/gfccm/api-gfccm-systems/tests/integration/api/DenominationsControllerTest.php" line="14" assertions="3" time="2.120125"/>
      <testsuite name="DenominationsControllerTest::it_rejects_creation_request_if_the_payload_is_invalid" tests="3" assertions="3" failures="0" errors="0" time="2.557065">
        <testcase name="it_rejects_creation_request_if_the_payload_is_invalid with data set #0" assertions="1" time="0.862647"/>
        <testcase name="it_rejects_creation_request_if_the_payload_is_invalid with data set #1" assertions="1" time="0.856127"/>
        <testcase name="it_rejects_creation_request_if_the_payload_is_invalid with data set #2" assertions="1" time="0.838291"/>
      </testsuite>
      <testcase name="it_returns_denomination_when_denomination_is_updated" class="DenominationsControllerTest" file="/home/vagrant/Code/gfccm/api-gfccm-systems/tests/integration/api/DenominationsControllerTest.php" line="38" assertions="2" time="0.894807"/>
      <testcase name="it_rejects_update_when_input_is_invalid" class="DenominationsControllerTest" file="/home/vagrant/Code/gfccm/api-gfccm-systems/tests/integration/api/DenominationsControllerTest.php" line="54" assertions="1" time="0.882267"/>
      <testcase name="it_rejects_update_when_denomination_does_not_exists" class="DenominationsControllerTest" file="/home/vagrant/Code/gfccm/api-gfccm-systems/tests/integration/api/DenominationsControllerTest.php" line="67" assertions="1" time="0.815878"/>
      <testcase name="it_returns_empty_when_no_denomination_is_empty" class="DenominationsControllerTest" file="/home/vagrant/Code/gfccm/api-gfccm-systems/tests/integration/api/DenominationsControllerTest.php" line="79" assertions="2" time="0.834256"/>
      <testcase name="it_returns_denominations" class="DenominationsControllerTest" file="/home/vagrant/Code/gfccm/api-gfccm-systems/tests/integration/api/DenominationsControllerTest.php" line="88" assertions="2" time="0.907885"/>
      <testcase name="it_returns_a_denomination_when_searched_by_id" class="DenominationsControllerTest" file="/home/vagrant/Code/gfccm/api-gfccm-systems/tests/integration/api/DenominationsControllerTest.php" line="99" assertions="7" time="0.950586"/>
      <testcase name="it_returns_an_invalid_response_when_denomination_does_not_exists" class="DenominationsControllerTest" file="/home/vagrant/Code/gfccm/api-gfccm-systems/tests/integration/api/DenominationsControllerTest.php" line="113" assertions="1" time="0.817980"/>
    </testsuite>
    <testsuite name="FundItemsControllerTest" file="/home/vagrant/Code/gfccm/api-gfccm-systems/tests/integration/api/FundItemsControllerTest.php" tests="9" assertions="25" failures="0" errors="0" time="7.879507">
      <testcase name="it_returns_fund_item_when_created" class="FundItemsControllerTest" file="/home/vagrant/Code/gfccm/api-gfccm-systems/tests/integration/api/FundItemsControllerTest.php" line="14" assertions="7" time="0.922225"/>
      <testsuite name="FundItemsControllerTest::it_rejects_create_if_input_is_invalid" tests="2" assertions="2" failures="0" errors="0" time="1.655856">
        <testcase name="it_rejects_create_if_input_is_invalid with data set #0" assertions="1" time="0.809395"/>
        <testcase name="it_rejects_create_if_input_is_invalid with data set #1" assertions="1" time="0.846461"/>
      </testsuite>
      <testcase name="it_returns_fund_item_on_update_if_fund_item_exists" class="FundItemsControllerTest" file="/home/vagrant/Code/gfccm/api-gfccm-systems/tests/integration/api/FundItemsControllerTest.php" line="40" assertions="7" time="0.935001"/>
      <testsuite name="FundItemsControllerTest::it_rejects_update_if_updated_input_is_invalid" tests="2" assertions="2" failures="0" errors="0" time="1.813630">
        <testcase name="it_rejects_update_if_updated_input_is_invalid with data set #0" assertions="1" time="0.912483"/>
        <testcase name="it_rejects_update_if_updated_input_is_invalid with data set #1" assertions="1" time="0.901147"/>
      </testsuite>
      <testcase name="it_returns_an_invalid_response_on_update_if_fund_item_does_not_exists" class="FundItemsControllerTest" file="/home/vagrant/Code/gfccm/api-gfccm-systems/tests/integration/api/FundItemsControllerTest.php" line="72" assertions="1" time="0.821783"/>
      <testcase name="it_returns_a_fund_item_if_exists" class="FundItemsControllerTest" file="/home/vagrant/Code/gfccm/api-gfccm-systems/tests/integration/api/FundItemsControllerTest.php" line="82" assertions="5" time="0.894004"/>
      <testcase name="it_returns_an_invalid_response_when_fund_item_does_not_exists" class="FundItemsControllerTest" file="/home/vagrant/Code/gfccm/api-gfccm-systems/tests/integration/api/FundItemsControllerTest.php" line="96" assertions="1" time="0.837008"/>
    </testsuite>
    <testsuite name="FundsControllerTest" file="/home/vagrant/Code/gfccm/api-gfccm-systems/tests/integration/api/FundsControllerTest.php" tests="14" assertions="29" failures="0" errors="0" time="12.662962">
      <testcase name="it_returns_a_collection_of_funds" class="FundsControllerTest" file="/home/vagrant/Code/gfccm/api-gfccm-systems/tests/integration/api/FundsControllerTest.php" line="13" assertions="2" time="1.017764"/>
      <testcase name="it_returns_an_empty_collection_when_no_fund_exists" class="FundsControllerTest" file="/home/vagrant/Code/gfccm/api-gfccm-systems/tests/integration/api/FundsControllerTest.php" line="26" assertions="2" time="0.830216"/>
      <testcase name="it_returns_fund_when_fund_is_created" class="FundsControllerTest" file="/home/vagrant/Code/gfccm/api-gfccm-systems/tests/integration/api/FundsControllerTest.php" line="37" assertions="4" time="0.878135"/>
      <testsuite name="FundsControllerTest::it_rejects_create_when_input_is_invalid" tests="2" assertions="2" failures="0" errors="0" time="1.807490">
        <testcase name="it_rejects_create_when_input_is_invalid with data set #0" assertions="1" time="0.901564"/>
        <testcase name="it_rejects_create_when_input_is_invalid with data set #1" assertions="1" time="0.905926"/>
      </testsuite>
      <testcase name="it_return_a_fund" class="FundsControllerTest" file="/home/vagrant/Code/gfccm/api-gfccm-systems/tests/integration/api/FundsControllerTest.php" line="64" assertions="4" time="0.928919"/>
      <testcase name="it_returns_an_invalid_response_when_fund_does_not_exists" class="FundsControllerTest" file="/home/vagrant/Code/gfccm/api-gfccm-systems/tests/integration/api/FundsControllerTest.php" line="79" assertions="1" time="0.862050"/>
      <testcase name="it_returns_a_fund_on_update" class="FundsControllerTest" file="/home/vagrant/Code/gfccm/api-gfccm-systems/tests/integration/api/FundsControllerTest.php" line="89" assertions="5" time="0.947456"/>
      <testsuite name="FundsControllerTest::it_rejects_update_if_input_is_invalid" tests="2" assertions="2" failures="0" errors="0" time="1.789733">
        <testcase name="it_rejects_update_if_input_is_invalid with data set #0" assertions="1" time="0.880763"/>
        <testcase name="it_rejects_update_if_input_is_invalid with data set #1" assertions="1" time="0.908970"/>
      </testsuite>
      <testcase name="it_return_an_invalid_response_on_update_when_fund_does_not_exists" class="FundsControllerTest" file="/home/vagrant/Code/gfccm/api-gfccm-systems/tests/integration/api/FundsControllerTest.php" line="122" assertions="1" time="0.840844"/>
      <testcase name="it_returns_an_invalid_response_on_showing_fund_items_in_a_fund_when_fund_does_not_exists" class="FundsControllerTest" file="/home/vagrant/Code/gfccm/api-gfccm-systems/tests/integration/api/FundsControllerTest.php" line="132" assertions="1" time="0.841099"/>
      <testcase name="it_returns_an_empty_collection_when_fund_does_not_have_fund_items" class="FundsControllerTest" file="/home/vagrant/Code/gfccm/api-gfccm-systems/tests/integration/api/FundsControllerTest.php" line="142" assertions="2" time="0.907701"/>
      <testcase name="it_returns_a_collection_of_fund_items_associated_in_a_fund" class="FundsControllerTest" file="/home/vagrant/Code/gfccm/api-gfccm-systems/tests/integration/api/FundsControllerTest.php" line="157" assertions="3" time="1.011555"/>
    </testsuite>
    <testsuite name="RolesControllerTest" file="/home/vagrant/Code/gfccm/api-gfccm-systems/tests/integration/api/RolesControllerTest.php" tests="4" assertions="9" failures="0" errors="0" time="3.495205">
      <testcase name="it_returns_a_collection_of_roles" class="RolesControllerTest" file="/home/vagrant/Code/gfccm/api-gfccm-systems/tests/integration/api/RolesControllerTest.php" line="12" assertions="2" time="0.989490"/>
      <testcase name="it_returns_an_empty_role_collection_when_there_is_no_roles" class="RolesControllerTest" file="/home/vagrant/Code/gfccm/api-gfccm-systems/tests/integration/api/RolesControllerTest.php" line="25" assertions="2" time="0.812343"/>
      <testcase name="it_returns_a_role" class="RolesControllerTest" file="/home/vagrant/Code/gfccm/api-gfccm-systems/tests/integration/api/RolesControllerTest.php" line="36" assertions="4" time="0.862170"/>
      <testcase name="it_returns_an_invalid_response_when_specified_role_does_not_exist" class="RolesControllerTest" file="/home/vagrant/Code/gfccm/api-gfccm-systems/tests/integration/api/RolesControllerTest.php" line="49" assertions="1" time="0.831202"/>
    </testsuite>
    <testsuite name="ServicesControllerTest" file="/home/vagrant/Code/gfccm/api-gfccm-systems/tests/integration/api/ServicesControllerTest.php" tests="14" assertions="24" failures="0" errors="0" time="12.204400">
      <testcase name="it_returns_a_collection_services" class="ServicesControllerTest" file="/home/vagrant/Code/gfccm/api-gfccm-systems/tests/integration/api/ServicesControllerTest.php" line="13" assertions="2" time="0.946865"/>
      <testcase name="it_returns_an_empty_collection_when_services_does_not_exist" class="ServicesControllerTest" file="/home/vagrant/Code/gfccm/api-gfccm-systems/tests/integration/api/ServicesControllerTest.php" line="26" assertions="2" time="0.854372"/>
      <testcase name="it_returns_a_service_on_create" class="ServicesControllerTest" file="/home/vagrant/Code/gfccm/api-gfccm-systems/tests/integration/api/ServicesControllerTest.php" line="37" assertions="5" time="0.900067"/>
      <testsuite name="ServicesControllerTest::it_rejects_create_when_payload_is_invalid" tests="5" assertions="5" failures="0" errors="0" time="4.202799">
        <testcase name="it_rejects_create_when_payload_is_invalid with data set #0" assertions="1" time="0.862446"/>
        <testcase name="it_rejects_create_when_payload_is_invalid with data set #1" assertions="1" time="0.842179"/>
        <testcase name="it_rejects_create_when_payload_is_invalid with data set #2" assertions="1" time="0.809813"/>
        <testcase name="it_rejects_create_when_payload_is_invalid with data set #3" assertions="1" time="0.841847"/>
        <testcase name="it_rejects_create_when_payload_is_invalid with data set #4" assertions="1" time="0.846514"/>
      </testsuite>
      <testcase name="it_returns_a_service_if_service_exist" class="ServicesControllerTest" file="/home/vagrant/Code/gfccm/api-gfccm-systems/tests/integration/api/ServicesControllerTest.php" line="67" assertions="2" time="0.879434"/>
      <testcase name="it_returns_error_if_service_does_now_exist" class="ServicesControllerTest" file="/home/vagrant/Code/gfccm/api-gfccm-systems/tests/integration/api/ServicesControllerTest.php" line="81" assertions="1" time="0.841949"/>
      <testcase name="it_returns_a_service_on_update" class="ServicesControllerTest" file="/home/vagrant/Code/gfccm/api-gfccm-systems/tests/integration/api/ServicesControllerTest.php" line="89" assertions="3" time="0.869367"/>
      <testcase name="it_rejects_update_if_payload_is_invalid" class="ServicesControllerTest" file="/home/vagrant/Code/gfccm/api-gfccm-systems/tests/integration/api/ServicesControllerTest.php" line="104" assertions="1" time="0.864604"/>
      <testcase name="it_rejects_update_if_service_does_not_exist" class="ServicesControllerTest" file="/home/vagrant/Code/gfccm/api-gfccm-systems/tests/integration/api/ServicesControllerTest.php" line="116" assertions="1" time="0.891608"/>
      <testcase name="it_returns_services_as_list" class="ServicesControllerTest" file="/home/vagrant/Code/gfccm/api-gfccm-systems/tests/integration/api/ServicesControllerTest.php" line="126" assertions="2" time="0.953335"/>
    </testsuite>
    <testsuite name="DenominationTransformerTest" file="/home/vagrant/Code/gfccm/api-gfccm-systems/tests/unit/ApiGfccm/Http/Controllers/Api/Transformers/DenominationTransformerTest.php" tests="1" assertions="7" failures="0" errors="0" time="0.831270">
      <testcase name="it_transforms_a_denomination_into_an_api_payload" class="DenominationTransformerTest" file="/home/vagrant/Code/gfccm/api-gfccm-systems/tests/unit/ApiGfccm/Http/Controllers/Api/Transformers/DenominationTransformerTest.php" line="19" assertions="7" time="0.831270"/>
    </testsuite>
    <testsuite name="FundItemTransformerTest" file="/home/vagrant/Code/gfccm/api-gfccm-systems/tests/unit/ApiGfccm/Http/Controllers/Api/Transformers/FundItemTransformerTest.php" tests="1" assertions="9" failures="0" errors="0" time="0.823841">
      <testcase name="it_transforms_a_fund_item_into_an_api_payload" class="FundItemTransformerTest" file="/home/vagrant/Code/gfccm/api-gfccm-systems/tests/unit/ApiGfccm/Http/Controllers/Api/Transformers/FundItemTransformerTest.php" line="20" assertions="9" time="0.823841"/>
    </testsuite>
    <testsuite name="FundTransformerTest" file="/home/vagrant/Code/gfccm/api-gfccm-systems/tests/unit/ApiGfccm/Http/Controllers/Api/Transformers/FundTransformerTest.php" tests="1" assertions="11" failures="0" errors="0" time="0.806406">
      <testcase name="it_transforms_a_fund_into_an_api_payload" class="FundTransformerTest" file="/home/vagrant/Code/gfccm/api-gfccm-systems/tests/unit/ApiGfccm/Http/Controllers/Api/Transformers/FundTransformerTest.php" line="19" assertions="11" time="0.806406"/>
    </testsuite>
    <testsuite name="RoleTransformerTest" file="/home/vagrant/Code/gfccm/api-gfccm-systems/tests/unit/ApiGfccm/Http/Controllers/Api/Transformers/RoleTransformerTest.php" tests="1" assertions="7" failures="0" errors="0" time="0.812612">
      <testcase name="it_transforms_a_role_into_an_api_payload" class="RoleTransformerTest" file="/home/vagrant/Code/gfccm/api-gfccm-systems/tests/unit/ApiGfccm/Http/Controllers/Api/Transformers/RoleTransformerTest.php" line="19" assertions="7" time="0.812612"/>
    </testsuite>
    <testsuite name="ServiceTransformerTest" file="/home/vagrant/Code/gfccm/api-gfccm-systems/tests/unit/ApiGfccm/Http/Controllers/Api/Transformers/ServiceTransformerTest.php" tests="1" assertions="11" failures="0" errors="0" time="0.795346">
      <testcase name="it_transforms_a_service_into_an_api_payload" class="ServiceTransformerTest" file="/home/vagrant/Code/gfccm/api-gfccm-systems/tests/unit/ApiGfccm/Http/Controllers/Api/Transformers/ServiceTransformerTest.php" line="19" assertions="11" time="0.795346"/>
    </testsuite>
    <testsuite name="DenominationRepositoryEloquentTest" file="/home/vagrant/Code/gfccm/api-gfccm-systems/tests/unit/ApiGfccm/Repositories/Eloquent/DenominationRepositoryEloquentTest.php" tests="7" assertions="15" failures="0" errors="0" time="5.697580">
      <testcase name="it_returns_denominations_order_by_amount" class="DenominationRepositoryEloquentTest" file="/home/vagrant/Code/gfccm/api-gfccm-systems/tests/unit/ApiGfccm/Repositories/Eloquent/DenominationRepositoryEloquentTest.php" line="14" assertions="2" time="0.874361"/>
      <testcase name="it_returns_denominations" class="DenominationRepositoryEloquentTest" file="/home/vagrant/Code/gfccm/api-gfccm-systems/tests/unit/ApiGfccm/Repositories/Eloquent/DenominationRepositoryEloquentTest.php" line="36" assertions="2" time="0.845283"/>
      <testcase name="it_returns_denomination_when_fetched_by_id" class="DenominationRepositoryEloquentTest" file="/home/vagrant/Code/gfccm/api-gfccm-systems/tests/unit/ApiGfccm/Repositories/Eloquent/DenominationRepositoryEloquentTest.php" line="49" assertions="5" time="0.796921"/>
      <testcase name="it_returns_exception_when_denomination_does_not_exists" class="DenominationRepositoryEloquentTest" file="/home/vagrant/Code/gfccm/api-gfccm-systems/tests/unit/ApiGfccm/Repositories/Eloquent/DenominationRepositoryEloquentTest.php" line="65" assertions="1" time="0.774699"/>
      <testcase name="it_returns_denomination_when_the_denomination_is_updated" class="DenominationRepositoryEloquentTest" file="/home/vagrant/Code/gfccm/api-gfccm-systems/tests/unit/ApiGfccm/Repositories/Eloquent/DenominationRepositoryEloquentTest.php" line="75" assertions="2" time="0.844841"/>
      <testcase name="it_returns_null_when_denomination_not_found" class="DenominationRepositoryEloquentTest" file="/home/vagrant/Code/gfccm/api-gfccm-systems/tests/unit/ApiGfccm/Repositories/Eloquent/DenominationRepositoryEloquentTest.php" line="96" assertions="1" time="0.761065"/>
      <testcase name="it_returns_denomination_when_a_new_denomination_is_created" class="DenominationRepositoryEloquentTest" file="/home/vagrant/Code/gfccm/api-gfccm-systems/tests/unit/ApiGfccm/Repositories/Eloquent/DenominationRepositoryEloquentTest.php" line="111" assertions="2" time="0.800410"/>
    </testsuite>
    <testsuite name="FundItemRepositoryEloquentTest" file="/home/vagrant/Code/gfccm/api-gfccm-systems/tests/unit/ApiGfccm/Repositories/Eloquent/FundItemRepositoryEloquentTest.php" tests="10" assertions="30" failures="0" errors="0" time="8.435271">
      <testcase name="it_returns_fund_items" class="FundItemRepositoryEloquentTest" file="/home/vagrant/Code/gfccm/api-gfccm-systems/tests/unit/ApiGfccm/Repositories/Eloquent/FundItemRepositoryEloquentTest.php" line="16" assertions="2" time="0.935011"/>
      <testcase name="it_returns_empty_when_fund_items_are_not_found" class="FundItemRepositoryEloquentTest" file="/home/vagrant/Code/gfccm/api-gfccm-systems/tests/unit/ApiGfccm/Repositories/Eloquent/FundItemRepositoryEloquentTest.php" line="30" assertions="1" time="0.780614"/>
      <testcase name="it_returns_a_fund_item_when_fetched_by_id" class="FundItemRepositoryEloquentTest" file="/home/vagrant/Code/gfccm/api-gfccm-systems/tests/unit/ApiGfccm/Repositories/Eloquent/FundItemRepositoryEloquentTest.php" line="37" assertions="6" time="0.823742"/>
      <testcase name="it_return_null_when_fund_item_is_not_found" class="FundItemRepositoryEloquentTest" file="/home/vagrant/Code/gfccm/api-gfccm-systems/tests/unit/ApiGfccm/Repositories/Eloquent/FundItemRepositoryEloquentTest.php" line="53" assertions="1" time="0.776633"/>
      <testcase name="it_returns_fund_items_which_belonged_to_a_fund" class="FundItemRepositoryEloquentTest" file="/home/vagrant/Code/gfccm/api-gfccm-systems/tests/unit/ApiGfccm/Repositories/Eloquent/FundItemRepositoryEloquentTest.php" line="60" assertions="3" time="0.906197"/>
      <testcase name="it_returns_empty_when_there_is_no_fund_items_associated_by_fund" class="FundItemRepositoryEloquentTest" file="/home/vagrant/Code/gfccm/api-gfccm-systems/tests/unit/ApiGfccm/Repositories/Eloquent/FundItemRepositoryEloquentTest.php" line="75" assertions="1" time="0.771331"/>
      <testcase name="it_returns_a_fund_item_when_created" class="FundItemRepositoryEloquentTest" file="/home/vagrant/Code/gfccm/api-gfccm-systems/tests/unit/ApiGfccm/Repositories/Eloquent/FundItemRepositoryEloquentTest.php" line="82" assertions="2" time="0.833790"/>
      <testcase name="it_returns_a_fund_item_when_updated" class="FundItemRepositoryEloquentTest" file="/home/vagrant/Code/gfccm/api-gfccm-systems/tests/unit/ApiGfccm/Repositories/Eloquent/FundItemRepositoryEloquentTest.php" line="101" assertions="5" time="0.853288"/>
      <testcase name="it_returns_empty_on_update_when_fund_item_does_not_exists" class="FundItemRepositoryEloquentTest" file="/home/vagrant/Code/gfccm/api-gfccm-systems/tests/unit/ApiGfccm/Repositories/Eloquent/FundItemRepositoryEloquentTest.php" line="130" assertions="1" time="0.781281"/>
      <testcase name="it_returns_active_fund_items" class="FundItemRepositoryEloquentTest" file="/home/vagrant/Code/gfccm/api-gfccm-systems/tests/unit/ApiGfccm/Repositories/Eloquent/FundItemRepositoryEloquentTest.php" line="139" assertions="8" time="0.973384"/>
    </testsuite>
    <testsuite name="FundRepositoryEloquentTest" file="/home/vagrant/Code/gfccm/api-gfccm-systems/tests/unit/ApiGfccm/Repositories/Eloquent/FundRepositoryEloquentTest.php" tests="8" assertions="24" failures="0" errors="0" time="7.150829">
      <testcase name="it_returns_fund_with_items" class="FundRepositoryEloquentTest" file="/home/vagrant/Code/gfccm/api-gfccm-systems/tests/unit/ApiGfccm/Repositories/Eloquent/FundRepositoryEloquentTest.php" line="15" assertions="4" time="1.262157"/>
      <testcase name="it_returns_empty_if_funds_are_empty" class="FundRepositoryEloquentTest" file="/home/vagrant/Code/gfccm/api-gfccm-systems/tests/unit/ApiGfccm/Repositories/Eloquent/FundRepositoryEloquentTest.php" line="30" assertions="1" time="0.761561"/>
      <testcase name="it_returns_fund_if_fund_exists" class="FundRepositoryEloquentTest" file="/home/vagrant/Code/gfccm/api-gfccm-systems/tests/unit/ApiGfccm/Repositories/Eloquent/FundRepositoryEloquentTest.php" line="40" assertions="2" time="0.875308"/>
      <testcase name="it_returns_null_if_fund_does_not_exists" class="FundRepositoryEloquentTest" file="/home/vagrant/Code/gfccm/api-gfccm-systems/tests/unit/ApiGfccm/Repositories/Eloquent/FundRepositoryEloquentTest.php" line="53" assertions="1" time="0.772474"/>
      <testcase name="it_returns_fund_when_fund_is_created" class="FundRepositoryEloquentTest" file="/home/vagrant/Code/gfccm/api-gfccm-systems/tests/unit/ApiGfccm/Repositories/Eloquent/FundRepositoryEloquentTest.php" line="63" assertions="2" time="0.800280"/>
      <testcase name="it_returns_fund_when_fund_is_updated" class="FundRepositoryEloquentTest" file="/home/vagrant/Code/gfccm/api-gfccm-systems/tests/unit/ApiGfccm/Repositories/Eloquent/FundRepositoryEloquentTest.php" line="82" assertions="6" time="0.855855"/>
      <testcase name="it_returns_null_on_update_if_fund_does_not_exists" class="FundRepositoryEloquentTest" file="/home/vagrant/Code/gfccm/api-gfccm-systems/tests/unit/ApiGfccm/Repositories/Eloquent/FundRepositoryEloquentTest.php" line="105" assertions="1" time="0.787113"/>
      <testcase name="it_returns_active_funds" class="FundRepositoryEloquentTest" file="/home/vagrant/Code/gfccm/api-gfccm-systems/tests/unit/ApiGfccm/Repositories/Eloquent/FundRepositoryEloquentTest.php" line="115" assertions="7" time="1.036081"/>
    </testsuite>
    <testsuite name="RoleRepositoryEloquentTest" file="/home/vagrant/Code/gfccm/api-gfccm-systems/tests/unit/ApiGfccm/Repositories/Eloquent/RoleRepositoryEloquentTest.php" tests="4" assertions="8" failures="0" errors="0" time="3.245865">
      <testcase name="it_returns_roles" class="RoleRepositoryEloquentTest" file="/home/vagrant/Code/gfccm/api-gfccm-systems/tests/unit/ApiGfccm/Repositories/Eloquent/RoleRepositoryEloquentTest.php" line="22" assertions="2" time="0.932891"/>
      <testcase name="it_returns_empty_data_if_roles_are_empty" class="RoleRepositoryEloquentTest" file="/home/vagrant/Code/gfccm/api-gfccm-systems/tests/unit/ApiGfccm/Repositories/Eloquent/RoleRepositoryEloquentTest.php" line="33" assertions="1" time="0.761788"/>
      <testcase name="it_return_role_when_find_by_id" class="RoleRepositoryEloquentTest" file="/home/vagrant/Code/gfccm/api-gfccm-systems/tests/unit/ApiGfccm/Repositories/Eloquent/RoleRepositoryEloquentTest.php" line="42" assertions="4" time="0.784189"/>
      <testcase name="it_returns_null_when_role_does_not_exist" class="RoleRepositoryEloquentTest" file="/home/vagrant/Code/gfccm/api-gfccm-systems/tests/unit/ApiGfccm/Repositories/Eloquent/RoleRepositoryEloquentTest.php" line="54" assertions="1" time="0.766997"/>
    </testsuite>
    <testsuite name="ServiceRepositoryEloquentTest" file="/home/vagrant/Code/gfccm/api-gfccm-systems/tests/unit/ApiGfccm/Repositories/Eloquent/ServiceRepositoryEloquentTest.php" tests="8" assertions="28" failures="0" errors="0" time="6.564086">
      <testcase name="it_return_services" class="ServiceRepositoryEloquentTest" file="/home/vagrant/Code/gfccm/api-gfccm-systems/tests/unit/ApiGfccm/Repositories/Eloquent/ServiceRepositoryEloquentTest.php" line="23" assertions="2" time="0.874468"/>
      <testcase name="it_returns_empty_when_there_is_no_service_that_exists" class="ServiceRepositoryEloquentTest" file="/home/vagrant/Code/gfccm/api-gfccm-systems/tests/unit/ApiGfccm/Repositories/Eloquent/ServiceRepositoryEloquentTest.php" line="34" assertions="1" time="0.768482"/>
      <testcase name="it_returns_a_service_when_find_by_id" class="ServiceRepositoryEloquentTest" file="/home/vagrant/Code/gfccm/api-gfccm-systems/tests/unit/ApiGfccm/Repositories/Eloquent/ServiceRepositoryEloquentTest.php" line="42" assertions="8" time="0.805777"/>
      <testcase name="it_returns_null_when_service_does_not_exist" class="ServiceRepositoryEloquentTest" file="/home/vagrant/Code/gfccm/api-gfccm-systems/tests/unit/ApiGfccm/Repositories/Eloquent/ServiceRepositoryEloquentTest.php" line="53" assertions="1" time="0.795509"/>
      <testcase name="it_returns_service_after_create" class="ServiceRepositoryEloquentTest" file="/home/vagrant/Code/gfccm/api-gfccm-systems/tests/unit/ApiGfccm/Repositories/Eloquent/ServiceRepositoryEloquentTest.php" line="61" assertions="5" time="0.825084"/>
      <testcase name="it_returns_service_after_update" class="ServiceRepositoryEloquentTest" file="/home/vagrant/Code/gfccm/api-gfccm-systems/tests/unit/ApiGfccm/Repositories/Eloquent/ServiceRepositoryEloquentTest.php" line="73" assertions="6" time="0.837794"/>
      <testcase name="it_returns_null_on_update_when_service_does_not_exist" class="ServiceRepositoryEloquentTest" file="/home/vagrant/Code/gfccm/api-gfccm-systems/tests/unit/ApiGfccm/Repositories/Eloquent/ServiceRepositoryEloquentTest.php" line="88" assertions="1" time="0.788335"/>
      <testcase name="it_returns_a_collection_services_as_list" class="ServiceRepositoryEloquentTest" file="/home/vagrant/Code/gfccm/api-gfccm-systems/tests/unit/ApiGfccm/Repositories/Eloquent/ServiceRepositoryEloquentTest.php" line="96" assertions="4" time="0.868637"/>
    </testsuite>
  </testsuite>
</testsuites>
