<?xml version="1.0" encoding="UTF-8"?>
<testsuites>
  <testsuite name="Application Test Suite" tests="133" assertions="365" failures="0" errors="0" time="137.474499">
    <testsuite name="DenominationsControllerTest" file="/home/vagrant/Code/gfccm/api-gfccm-systems/tests/integration/api/DenominationsControllerTest.php" tests="11" assertions="22" failures="0" errors="0" time="12.598268">
      <testcase name="it_returns_denomination_when_denomination_is_created" class="DenominationsControllerTest" file="/home/vagrant/Code/gfccm/api-gfccm-systems/tests/integration/api/DenominationsControllerTest.php" line="14" assertions="3" time="2.513106"/>
      <testsuite name="DenominationsControllerTest::it_rejects_creation_request_if_the_payload_is_invalid" tests="3" assertions="3" failures="0" errors="0" time="2.904024">
        <testcase name="it_rejects_creation_request_if_the_payload_is_invalid with data set #0" assertions="1" time="0.921545"/>
        <testcase name="it_rejects_creation_request_if_the_payload_is_invalid with data set #1" assertions="1" time="0.976104"/>
        <testcase name="it_rejects_creation_request_if_the_payload_is_invalid with data set #2" assertions="1" time="1.006375"/>
      </testsuite>
      <testcase name="it_returns_denomination_when_denomination_is_updated" class="DenominationsControllerTest" file="/home/vagrant/Code/gfccm/api-gfccm-systems/tests/integration/api/DenominationsControllerTest.php" line="38" assertions="2" time="1.075157"/>
      <testcase name="it_rejects_update_when_input_is_invalid" class="DenominationsControllerTest" file="/home/vagrant/Code/gfccm/api-gfccm-systems/tests/integration/api/DenominationsControllerTest.php" line="54" assertions="1" time="1.025364"/>
      <testcase name="it_rejects_update_when_denomination_does_not_exists" class="DenominationsControllerTest" file="/home/vagrant/Code/gfccm/api-gfccm-systems/tests/integration/api/DenominationsControllerTest.php" line="67" assertions="1" time="0.977792"/>
      <testcase name="it_returns_an_empty_collection_when_denomination_does_not_exist" class="DenominationsControllerTest" file="/home/vagrant/Code/gfccm/api-gfccm-systems/tests/integration/api/DenominationsControllerTest.php" line="79" assertions="2" time="0.991041"/>
      <testcase name="it_returns_denominations" class="DenominationsControllerTest" file="/home/vagrant/Code/gfccm/api-gfccm-systems/tests/integration/api/DenominationsControllerTest.php" line="88" assertions="2" time="1.085261"/>
      <testcase name="it_returns_a_denomination_when_searched_by_id" class="DenominationsControllerTest" file="/home/vagrant/Code/gfccm/api-gfccm-systems/tests/integration/api/DenominationsControllerTest.php" line="99" assertions="7" time="1.100013"/>
      <testcase name="it_returns_an_invalid_response_when_denomination_does_not_exists" class="DenominationsControllerTest" file="/home/vagrant/Code/gfccm/api-gfccm-systems/tests/integration/api/DenominationsControllerTest.php" line="113" assertions="1" time="0.926509"/>
    </testsuite>
    <testsuite name="FundItemsControllerTest" file="/home/vagrant/Code/gfccm/api-gfccm-systems/tests/integration/api/FundItemsControllerTest.php" tests="9" assertions="25" failures="0" errors="0" time="9.284956">
      <testcase name="it_returns_fund_item_when_created" class="FundItemsControllerTest" file="/home/vagrant/Code/gfccm/api-gfccm-systems/tests/integration/api/FundItemsControllerTest.php" line="14" assertions="7" time="0.968964"/>
      <testsuite name="FundItemsControllerTest::it_rejects_create_if_input_is_invalid" tests="2" assertions="2" failures="0" errors="0" time="1.913918">
        <testcase name="it_rejects_create_if_input_is_invalid with data set #0" assertions="1" time="1.017014"/>
        <testcase name="it_rejects_create_if_input_is_invalid with data set #1" assertions="1" time="0.896904"/>
      </testsuite>
      <testcase name="it_returns_fund_item_on_update_if_fund_item_exists" class="FundItemsControllerTest" file="/home/vagrant/Code/gfccm/api-gfccm-systems/tests/integration/api/FundItemsControllerTest.php" line="40" assertions="7" time="1.084677"/>
      <testsuite name="FundItemsControllerTest::it_rejects_update_if_updated_input_is_invalid" tests="2" assertions="2" failures="0" errors="0" time="2.235749">
        <testcase name="it_rejects_update_if_updated_input_is_invalid with data set #0" assertions="1" time="1.135861"/>
        <testcase name="it_rejects_update_if_updated_input_is_invalid with data set #1" assertions="1" time="1.099888"/>
      </testsuite>
      <testcase name="it_returns_an_invalid_response_on_update_if_fund_item_does_not_exists" class="FundItemsControllerTest" file="/home/vagrant/Code/gfccm/api-gfccm-systems/tests/integration/api/FundItemsControllerTest.php" line="72" assertions="1" time="0.998593"/>
      <testcase name="it_returns_a_fund_item_if_exists" class="FundItemsControllerTest" file="/home/vagrant/Code/gfccm/api-gfccm-systems/tests/integration/api/FundItemsControllerTest.php" line="82" assertions="5" time="1.139047"/>
      <testcase name="it_returns_an_invalid_response_when_fund_item_does_not_exists" class="FundItemsControllerTest" file="/home/vagrant/Code/gfccm/api-gfccm-systems/tests/integration/api/FundItemsControllerTest.php" line="96" assertions="1" time="0.944008"/>
    </testsuite>
    <testsuite name="FundsControllerTest" file="/home/vagrant/Code/gfccm/api-gfccm-systems/tests/integration/api/FundsControllerTest.php" tests="14" assertions="29" failures="0" errors="0" time="15.772556">
      <testcase name="it_returns_a_collection_of_funds" class="FundsControllerTest" file="/home/vagrant/Code/gfccm/api-gfccm-systems/tests/integration/api/FundsControllerTest.php" line="13" assertions="2" time="1.243693"/>
      <testcase name="it_returns_an_empty_collection_when_no_fund_exists" class="FundsControllerTest" file="/home/vagrant/Code/gfccm/api-gfccm-systems/tests/integration/api/FundsControllerTest.php" line="26" assertions="2" time="1.011903"/>
      <testcase name="it_returns_fund_when_fund_is_created" class="FundsControllerTest" file="/home/vagrant/Code/gfccm/api-gfccm-systems/tests/integration/api/FundsControllerTest.php" line="37" assertions="4" time="1.097928"/>
      <testsuite name="FundsControllerTest::it_rejects_create_when_input_is_invalid" tests="2" assertions="2" failures="0" errors="0" time="2.099550">
        <testcase name="it_rejects_create_when_input_is_invalid with data set #0" assertions="1" time="1.046422"/>
        <testcase name="it_rejects_create_when_input_is_invalid with data set #1" assertions="1" time="1.053128"/>
      </testsuite>
      <testcase name="it_return_a_fund" class="FundsControllerTest" file="/home/vagrant/Code/gfccm/api-gfccm-systems/tests/integration/api/FundsControllerTest.php" line="64" assertions="4" time="1.111954"/>
      <testcase name="it_returns_an_invalid_response_when_fund_does_not_exists" class="FundsControllerTest" file="/home/vagrant/Code/gfccm/api-gfccm-systems/tests/integration/api/FundsControllerTest.php" line="79" assertions="1" time="1.026837"/>
      <testcase name="it_returns_a_fund_on_update" class="FundsControllerTest" file="/home/vagrant/Code/gfccm/api-gfccm-systems/tests/integration/api/FundsControllerTest.php" line="89" assertions="5" time="1.135970"/>
      <testsuite name="FundsControllerTest::it_rejects_update_if_input_is_invalid" tests="2" assertions="2" failures="0" errors="0" time="2.336196">
        <testcase name="it_rejects_update_if_input_is_invalid with data set #0" assertions="1" time="1.152025"/>
        <testcase name="it_rejects_update_if_input_is_invalid with data set #1" assertions="1" time="1.184171"/>
      </testsuite>
      <testcase name="it_return_an_invalid_response_on_update_when_fund_does_not_exists" class="FundsControllerTest" file="/home/vagrant/Code/gfccm/api-gfccm-systems/tests/integration/api/FundsControllerTest.php" line="122" assertions="1" time="1.040036"/>
      <testcase name="it_returns_an_invalid_response_on_showing_fund_items_in_a_fund_when_fund_does_not_exists" class="FundsControllerTest" file="/home/vagrant/Code/gfccm/api-gfccm-systems/tests/integration/api/FundsControllerTest.php" line="132" assertions="1" time="1.085632"/>
      <testcase name="it_returns_an_empty_collection_when_fund_does_not_have_fund_items" class="FundsControllerTest" file="/home/vagrant/Code/gfccm/api-gfccm-systems/tests/integration/api/FundsControllerTest.php" line="142" assertions="2" time="1.223789"/>
      <testcase name="it_returns_a_collection_of_fund_items_associated_in_a_fund" class="FundsControllerTest" file="/home/vagrant/Code/gfccm/api-gfccm-systems/tests/integration/api/FundsControllerTest.php" line="157" assertions="3" time="1.359069"/>
    </testsuite>
    <testsuite name="MinistriesControllerTest" file="/home/vagrant/Code/gfccm/api-gfccm-systems/tests/integration/api/MinistriesControllerTest.php" tests="12" assertions="20" failures="0" errors="0" time="12.494424">
      <testcase name="it_returns_a_collection_of_ministries" class="MinistriesControllerTest" file="/home/vagrant/Code/gfccm/api-gfccm-systems/tests/integration/api/MinistriesControllerTest.php" line="13" assertions="2" time="1.210676"/>
      <testcase name="it_returns_an_empty_collection_when_services_does_not_exist" class="MinistriesControllerTest" file="/home/vagrant/Code/gfccm/api-gfccm-systems/tests/integration/api/MinistriesControllerTest.php" line="26" assertions="2" time="1.007875"/>
      <testcase name="it_returns_a_ministry_on_create" class="MinistriesControllerTest" file="/home/vagrant/Code/gfccm/api-gfccm-systems/tests/integration/api/MinistriesControllerTest.php" line="37" assertions="3" time="1.062525"/>
      <testsuite name="MinistriesControllerTest::it_rejects_create_when_payload_is_invalid" tests="3" assertions="3" failures="0" errors="0" time="3.041176">
        <testcase name="it_rejects_create_when_payload_is_invalid with data set #0" assertions="1" time="1.039924"/>
        <testcase name="it_rejects_create_when_payload_is_invalid with data set #1" assertions="1" time="1.030906"/>
        <testcase name="it_rejects_create_when_payload_is_invalid with data set #2" assertions="1" time="0.970346"/>
      </testsuite>
      <testcase name="it_returns_a_ministry_if_ministry_exist" class="MinistriesControllerTest" file="/home/vagrant/Code/gfccm/api-gfccm-systems/tests/integration/api/MinistriesControllerTest.php" line="65" assertions="2" time="0.978307"/>
      <testcase name="it_returns_error_if_ministry_does_not_exist" class="MinistriesControllerTest" file="/home/vagrant/Code/gfccm/api-gfccm-systems/tests/integration/api/MinistriesControllerTest.php" line="79" assertions="1" time="0.916022"/>
      <testcase name="it_returns_a_ministry_on_update" class="MinistriesControllerTest" file="/home/vagrant/Code/gfccm/api-gfccm-systems/tests/integration/api/MinistriesControllerTest.php" line="87" assertions="3" time="0.977159"/>
      <testcase name="it_rejects_update_if_payload_is_invalid" class="MinistriesControllerTest" file="/home/vagrant/Code/gfccm/api-gfccm-systems/tests/integration/api/MinistriesControllerTest.php" line="102" assertions="1" time="1.032665"/>
      <testcase name="it_rejects_update_if_ministry_does_not_exist" class="MinistriesControllerTest" file="/home/vagrant/Code/gfccm/api-gfccm-systems/tests/integration/api/MinistriesControllerTest.php" line="114" assertions="1" time="1.109012"/>
      <testcase name="it_returns_services_as_list" class="MinistriesControllerTest" file="/home/vagrant/Code/gfccm/api-gfccm-systems/tests/integration/api/MinistriesControllerTest.php" line="124" assertions="2" time="1.159007"/>
    </testsuite>
    <testsuite name="RolesControllerTest" file="/home/vagrant/Code/gfccm/api-gfccm-systems/tests/integration/api/RolesControllerTest.php" tests="4" assertions="9" failures="0" errors="0" time="4.103676">
      <testcase name="it_returns_a_collection_of_roles" class="RolesControllerTest" file="/home/vagrant/Code/gfccm/api-gfccm-systems/tests/integration/api/RolesControllerTest.php" line="12" assertions="2" time="1.165856"/>
      <testcase name="it_returns_an_empty_role_collection_when_there_is_no_roles" class="RolesControllerTest" file="/home/vagrant/Code/gfccm/api-gfccm-systems/tests/integration/api/RolesControllerTest.php" line="25" assertions="2" time="0.963479"/>
      <testcase name="it_returns_a_role" class="RolesControllerTest" file="/home/vagrant/Code/gfccm/api-gfccm-systems/tests/integration/api/RolesControllerTest.php" line="36" assertions="4" time="1.040679"/>
      <testcase name="it_returns_an_invalid_response_when_specified_role_does_not_exist" class="RolesControllerTest" file="/home/vagrant/Code/gfccm/api-gfccm-systems/tests/integration/api/RolesControllerTest.php" line="49" assertions="1" time="0.933662"/>
    </testsuite>
    <testsuite name="ServicesControllerTest" file="/home/vagrant/Code/gfccm/api-gfccm-systems/tests/integration/api/ServicesControllerTest.php" tests="14" assertions="24" failures="0" errors="0" time="14.697531">
      <testcase name="it_returns_a_collection_services" class="ServicesControllerTest" file="/home/vagrant/Code/gfccm/api-gfccm-systems/tests/integration/api/ServicesControllerTest.php" line="13" assertions="2" time="1.158903"/>
      <testcase name="it_returns_an_empty_collection_when_services_does_not_exist" class="ServicesControllerTest" file="/home/vagrant/Code/gfccm/api-gfccm-systems/tests/integration/api/ServicesControllerTest.php" line="26" assertions="2" time="1.019080"/>
      <testcase name="it_returns_a_service_on_create" class="ServicesControllerTest" file="/home/vagrant/Code/gfccm/api-gfccm-systems/tests/integration/api/ServicesControllerTest.php" line="37" assertions="5" time="1.025146"/>
      <testsuite name="ServicesControllerTest::it_rejects_create_when_payload_is_invalid" tests="5" assertions="5" failures="0" errors="0" time="4.967304">
        <testcase name="it_rejects_create_when_payload_is_invalid with data set #0" assertions="1" time="1.018660"/>
        <testcase name="it_rejects_create_when_payload_is_invalid with data set #1" assertions="1" time="1.008365"/>
        <testcase name="it_rejects_create_when_payload_is_invalid with data set #2" assertions="1" time="0.970700"/>
        <testcase name="it_rejects_create_when_payload_is_invalid with data set #3" assertions="1" time="0.965805"/>
        <testcase name="it_rejects_create_when_payload_is_invalid with data set #4" assertions="1" time="1.003774"/>
      </testsuite>
      <testcase name="it_returns_a_service_if_service_exist" class="ServicesControllerTest" file="/home/vagrant/Code/gfccm/api-gfccm-systems/tests/integration/api/ServicesControllerTest.php" line="67" assertions="2" time="1.030998"/>
      <testcase name="it_returns_error_if_service_does_not_exist" class="ServicesControllerTest" file="/home/vagrant/Code/gfccm/api-gfccm-systems/tests/integration/api/ServicesControllerTest.php" line="81" assertions="1" time="1.006318"/>
      <testcase name="it_returns_a_service_on_update" class="ServicesControllerTest" file="/home/vagrant/Code/gfccm/api-gfccm-systems/tests/integration/api/ServicesControllerTest.php" line="89" assertions="3" time="1.045499"/>
      <testcase name="it_rejects_update_if_payload_is_invalid" class="ServicesControllerTest" file="/home/vagrant/Code/gfccm/api-gfccm-systems/tests/integration/api/ServicesControllerTest.php" line="104" assertions="1" time="1.181389"/>
      <testcase name="it_rejects_update_if_service_does_not_exist" class="ServicesControllerTest" file="/home/vagrant/Code/gfccm/api-gfccm-systems/tests/integration/api/ServicesControllerTest.php" line="116" assertions="1" time="1.104119"/>
      <testcase name="it_returns_services_as_list" class="ServicesControllerTest" file="/home/vagrant/Code/gfccm/api-gfccm-systems/tests/integration/api/ServicesControllerTest.php" line="126" assertions="2" time="1.158775"/>
    </testsuite>
    <testsuite name="ApiGfccm\Http\Controllers\Api\UsersControllerTest" file="/home/vagrant/Code/gfccm/api-gfccm-systems/tests/integration/api/UsersControllerTest.php" tests="7" assertions="12" failures="0" errors="0" time="8.145561">
      <testcase name="it_returns_a_user" class="ApiGfccm\Http\Controllers\Api\UsersControllerTest" file="/home/vagrant/Code/gfccm/api-gfccm-systems/tests/integration/api/UsersControllerTest.php" line="17" assertions="2" time="1.329246"/>
      <testcase name="it_returns_error_if_a_user_does_not_exist" class="ApiGfccm\Http\Controllers\Api\UsersControllerTest" file="/home/vagrant/Code/gfccm/api-gfccm-systems/tests/integration/api/UsersControllerTest.php" line="30" assertions="1" time="0.992986"/>
      <testcase name="it_returns_a_collection_of_users" class="ApiGfccm\Http\Controllers\Api\UsersControllerTest" file="/home/vagrant/Code/gfccm/api-gfccm-systems/tests/integration/api/UsersControllerTest.php" line="38" assertions="2" time="1.523179"/>
      <testcase name="it_returns_an_empty_collection_when_users_does_not_exist" class="ApiGfccm\Http\Controllers\Api\UsersControllerTest" file="/home/vagrant/Code/gfccm/api-gfccm-systems/tests/integration/api/UsersControllerTest.php" line="52" assertions="2" time="0.991228"/>
      <testcase name="it_returns_a_user_on_update" class="ApiGfccm\Http\Controllers\Api\UsersControllerTest" file="/home/vagrant/Code/gfccm/api-gfccm-systems/tests/integration/api/UsersControllerTest.php" line="61" assertions="3" time="1.186584"/>
      <testcase name="it_returns_error_on_update_if_a_user_tries_to_modify_member_id" class="ApiGfccm\Http\Controllers\Api\UsersControllerTest" file="/home/vagrant/Code/gfccm/api-gfccm-systems/tests/integration/api/UsersControllerTest.php" line="76" assertions="1" time="1.140002"/>
      <testcase name="it_returns_error_on_update_if_a_user_does_not_exist" class="ApiGfccm\Http\Controllers\Api\UsersControllerTest" file="/home/vagrant/Code/gfccm/api-gfccm-systems/tests/integration/api/UsersControllerTest.php" line="89" assertions="1" time="0.982336"/>
    </testsuite>
    <testsuite name="DenominationTransformerTest" file="/home/vagrant/Code/gfccm/api-gfccm-systems/tests/unit/ApiGfccm/Http/Controllers/Api/Transformers/DenominationTransformerTest.php" tests="1" assertions="7" failures="0" errors="0" time="1.013354">
      <testcase name="it_transforms_a_denomination_into_an_api_payload" class="DenominationTransformerTest" file="/home/vagrant/Code/gfccm/api-gfccm-systems/tests/unit/ApiGfccm/Http/Controllers/Api/Transformers/DenominationTransformerTest.php" line="19" assertions="7" time="1.013354"/>
    </testsuite>
    <testsuite name="FundItemTransformerTest" file="/home/vagrant/Code/gfccm/api-gfccm-systems/tests/unit/ApiGfccm/Http/Controllers/Api/Transformers/FundItemTransformerTest.php" tests="1" assertions="9" failures="0" errors="0" time="0.996660">
      <testcase name="it_transforms_a_fund_item_into_an_api_payload" class="FundItemTransformerTest" file="/home/vagrant/Code/gfccm/api-gfccm-systems/tests/unit/ApiGfccm/Http/Controllers/Api/Transformers/FundItemTransformerTest.php" line="20" assertions="9" time="0.996660"/>
    </testsuite>
    <testsuite name="FundTransformerTest" file="/home/vagrant/Code/gfccm/api-gfccm-systems/tests/unit/ApiGfccm/Http/Controllers/Api/Transformers/FundTransformerTest.php" tests="1" assertions="11" failures="0" errors="0" time="0.966159">
      <testcase name="it_transforms_a_fund_into_an_api_payload" class="FundTransformerTest" file="/home/vagrant/Code/gfccm/api-gfccm-systems/tests/unit/ApiGfccm/Http/Controllers/Api/Transformers/FundTransformerTest.php" line="19" assertions="11" time="0.966159"/>
    </testsuite>
    <testsuite name="MinistryTransformerTest" file="/home/vagrant/Code/gfccm/api-gfccm-systems/tests/unit/ApiGfccm/Http/Controllers/Api/Transformers/MinistryRepositoryTest.php" tests="1" assertions="7" failures="0" errors="0" time="0.990547">
      <testcase name="it_transforms_a_ministry_into_an_api_payload" class="MinistryTransformerTest" file="/home/vagrant/Code/gfccm/api-gfccm-systems/tests/unit/ApiGfccm/Http/Controllers/Api/Transformers/MinistryRepositoryTest.php" line="19" assertions="7" time="0.990547"/>
    </testsuite>
    <testsuite name="RoleTransformerTest" file="/home/vagrant/Code/gfccm/api-gfccm-systems/tests/unit/ApiGfccm/Http/Controllers/Api/Transformers/RoleTransformerTest.php" tests="1" assertions="7" failures="0" errors="0" time="0.999181">
      <testcase name="it_transforms_a_role_into_an_api_payload" class="RoleTransformerTest" file="/home/vagrant/Code/gfccm/api-gfccm-systems/tests/unit/ApiGfccm/Http/Controllers/Api/Transformers/RoleTransformerTest.php" line="19" assertions="7" time="0.999181"/>
    </testsuite>
    <testsuite name="ServiceTransformerTest" file="/home/vagrant/Code/gfccm/api-gfccm-systems/tests/unit/ApiGfccm/Http/Controllers/Api/Transformers/ServiceTransformerTest.php" tests="1" assertions="11" failures="0" errors="0" time="1.082698">
      <testcase name="it_transforms_a_service_into_an_api_payload" class="ServiceTransformerTest" file="/home/vagrant/Code/gfccm/api-gfccm-systems/tests/unit/ApiGfccm/Http/Controllers/Api/Transformers/ServiceTransformerTest.php" line="19" assertions="11" time="1.082698"/>
    </testsuite>
    <testsuite name="UserTransformerTest" file="/home/vagrant/Code/gfccm/api-gfccm-systems/tests/unit/ApiGfccm/Http/Controllers/Api/Transformers/UserTransformerTest.php" tests="1" assertions="12" failures="0" errors="0" time="1.104625">
      <testcase name="it_transforms_a_user_into_an_api_payload" class="UserTransformerTest" file="/home/vagrant/Code/gfccm/api-gfccm-systems/tests/unit/ApiGfccm/Http/Controllers/Api/Transformers/UserTransformerTest.php" line="18" assertions="12" time="1.104625"/>
    </testsuite>
    <testsuite name="DenominationRepositoryEloquentTest" file="/home/vagrant/Code/gfccm/api-gfccm-systems/tests/unit/ApiGfccm/Repositories/Eloquent/DenominationRepositoryEloquentTest.php" tests="7" assertions="15" failures="0" errors="0" time="7.143016">
      <testcase name="it_returns_denominations_order_by_amount" class="DenominationRepositoryEloquentTest" file="/home/vagrant/Code/gfccm/api-gfccm-systems/tests/unit/ApiGfccm/Repositories/Eloquent/DenominationRepositoryEloquentTest.php" line="14" assertions="2" time="1.070290"/>
      <testcase name="it_returns_denominations" class="DenominationRepositoryEloquentTest" file="/home/vagrant/Code/gfccm/api-gfccm-systems/tests/unit/ApiGfccm/Repositories/Eloquent/DenominationRepositoryEloquentTest.php" line="36" assertions="2" time="1.102691"/>
      <testcase name="it_returns_denomination_when_fetched_by_id" class="DenominationRepositoryEloquentTest" file="/home/vagrant/Code/gfccm/api-gfccm-systems/tests/unit/ApiGfccm/Repositories/Eloquent/DenominationRepositoryEloquentTest.php" line="49" assertions="5" time="1.074886"/>
      <testcase name="it_returns_exception_when_denomination_does_not_exists" class="DenominationRepositoryEloquentTest" file="/home/vagrant/Code/gfccm/api-gfccm-systems/tests/unit/ApiGfccm/Repositories/Eloquent/DenominationRepositoryEloquentTest.php" line="65" assertions="1" time="0.946130"/>
      <testcase name="it_returns_denomination_when_the_denomination_is_updated" class="DenominationRepositoryEloquentTest" file="/home/vagrant/Code/gfccm/api-gfccm-systems/tests/unit/ApiGfccm/Repositories/Eloquent/DenominationRepositoryEloquentTest.php" line="75" assertions="2" time="1.016954"/>
      <testcase name="it_returns_null_when_denomination_not_found" class="DenominationRepositoryEloquentTest" file="/home/vagrant/Code/gfccm/api-gfccm-systems/tests/unit/ApiGfccm/Repositories/Eloquent/DenominationRepositoryEloquentTest.php" line="96" assertions="1" time="0.922167"/>
      <testcase name="it_returns_denomination_when_a_new_denomination_is_created" class="DenominationRepositoryEloquentTest" file="/home/vagrant/Code/gfccm/api-gfccm-systems/tests/unit/ApiGfccm/Repositories/Eloquent/DenominationRepositoryEloquentTest.php" line="111" assertions="2" time="1.009898"/>
    </testsuite>
    <testsuite name="FundItemRepositoryEloquentTest" file="/home/vagrant/Code/gfccm/api-gfccm-systems/tests/unit/ApiGfccm/Repositories/Eloquent/FundItemRepositoryEloquentTest.php" tests="10" assertions="30" failures="0" errors="0" time="10.300195">
      <testcase name="it_returns_fund_items" class="FundItemRepositoryEloquentTest" file="/home/vagrant/Code/gfccm/api-gfccm-systems/tests/unit/ApiGfccm/Repositories/Eloquent/FundItemRepositoryEloquentTest.php" line="16" assertions="2" time="1.149922"/>
      <testcase name="it_returns_empty_when_fund_items_are_not_found" class="FundItemRepositoryEloquentTest" file="/home/vagrant/Code/gfccm/api-gfccm-systems/tests/unit/ApiGfccm/Repositories/Eloquent/FundItemRepositoryEloquentTest.php" line="30" assertions="1" time="0.931142"/>
      <testcase name="it_returns_a_fund_item_when_fetched_by_id" class="FundItemRepositoryEloquentTest" file="/home/vagrant/Code/gfccm/api-gfccm-systems/tests/unit/ApiGfccm/Repositories/Eloquent/FundItemRepositoryEloquentTest.php" line="37" assertions="6" time="1.008399"/>
      <testcase name="it_return_null_when_fund_item_is_not_found" class="FundItemRepositoryEloquentTest" file="/home/vagrant/Code/gfccm/api-gfccm-systems/tests/unit/ApiGfccm/Repositories/Eloquent/FundItemRepositoryEloquentTest.php" line="53" assertions="1" time="0.902926"/>
      <testcase name="it_returns_fund_items_which_belonged_to_a_fund" class="FundItemRepositoryEloquentTest" file="/home/vagrant/Code/gfccm/api-gfccm-systems/tests/unit/ApiGfccm/Repositories/Eloquent/FundItemRepositoryEloquentTest.php" line="60" assertions="3" time="1.190703"/>
      <testcase name="it_returns_empty_when_there_is_no_fund_items_associated_by_fund" class="FundItemRepositoryEloquentTest" file="/home/vagrant/Code/gfccm/api-gfccm-systems/tests/unit/ApiGfccm/Repositories/Eloquent/FundItemRepositoryEloquentTest.php" line="75" assertions="1" time="0.921639"/>
      <testcase name="it_returns_a_fund_item_when_created" class="FundItemRepositoryEloquentTest" file="/home/vagrant/Code/gfccm/api-gfccm-systems/tests/unit/ApiGfccm/Repositories/Eloquent/FundItemRepositoryEloquentTest.php" line="82" assertions="2" time="1.071053"/>
      <testcase name="it_returns_a_fund_item_when_updated" class="FundItemRepositoryEloquentTest" file="/home/vagrant/Code/gfccm/api-gfccm-systems/tests/unit/ApiGfccm/Repositories/Eloquent/FundItemRepositoryEloquentTest.php" line="101" assertions="5" time="1.039491"/>
      <testcase name="it_returns_empty_on_update_when_fund_item_does_not_exists" class="FundItemRepositoryEloquentTest" file="/home/vagrant/Code/gfccm/api-gfccm-systems/tests/unit/ApiGfccm/Repositories/Eloquent/FundItemRepositoryEloquentTest.php" line="130" assertions="1" time="0.905664"/>
      <testcase name="it_returns_active_fund_items" class="FundItemRepositoryEloquentTest" file="/home/vagrant/Code/gfccm/api-gfccm-systems/tests/unit/ApiGfccm/Repositories/Eloquent/FundItemRepositoryEloquentTest.php" line="139" assertions="8" time="1.179256"/>
    </testsuite>
    <testsuite name="FundRepositoryEloquentTest" file="/home/vagrant/Code/gfccm/api-gfccm-systems/tests/unit/ApiGfccm/Repositories/Eloquent/FundRepositoryEloquentTest.php" tests="8" assertions="24" failures="0" errors="0" time="8.947595">
      <testcase name="it_returns_fund_with_items" class="FundRepositoryEloquentTest" file="/home/vagrant/Code/gfccm/api-gfccm-systems/tests/unit/ApiGfccm/Repositories/Eloquent/FundRepositoryEloquentTest.php" line="15" assertions="4" time="1.572368"/>
      <testcase name="it_returns_empty_if_funds_are_empty" class="FundRepositoryEloquentTest" file="/home/vagrant/Code/gfccm/api-gfccm-systems/tests/unit/ApiGfccm/Repositories/Eloquent/FundRepositoryEloquentTest.php" line="30" assertions="1" time="0.915773"/>
      <testcase name="it_returns_fund_if_fund_exists" class="FundRepositoryEloquentTest" file="/home/vagrant/Code/gfccm/api-gfccm-systems/tests/unit/ApiGfccm/Repositories/Eloquent/FundRepositoryEloquentTest.php" line="40" assertions="2" time="1.048911"/>
      <testcase name="it_returns_null_if_fund_does_not_exists" class="FundRepositoryEloquentTest" file="/home/vagrant/Code/gfccm/api-gfccm-systems/tests/unit/ApiGfccm/Repositories/Eloquent/FundRepositoryEloquentTest.php" line="53" assertions="1" time="0.942476"/>
      <testcase name="it_returns_fund_when_fund_is_created" class="FundRepositoryEloquentTest" file="/home/vagrant/Code/gfccm/api-gfccm-systems/tests/unit/ApiGfccm/Repositories/Eloquent/FundRepositoryEloquentTest.php" line="63" assertions="2" time="1.003461"/>
      <testcase name="it_returns_fund_when_fund_is_updated" class="FundRepositoryEloquentTest" file="/home/vagrant/Code/gfccm/api-gfccm-systems/tests/unit/ApiGfccm/Repositories/Eloquent/FundRepositoryEloquentTest.php" line="82" assertions="6" time="1.131546"/>
      <testcase name="it_returns_null_on_update_if_fund_does_not_exists" class="FundRepositoryEloquentTest" file="/home/vagrant/Code/gfccm/api-gfccm-systems/tests/unit/ApiGfccm/Repositories/Eloquent/FundRepositoryEloquentTest.php" line="105" assertions="1" time="1.065880"/>
      <testcase name="it_returns_active_funds" class="FundRepositoryEloquentTest" file="/home/vagrant/Code/gfccm/api-gfccm-systems/tests/unit/ApiGfccm/Repositories/Eloquent/FundRepositoryEloquentTest.php" line="115" assertions="7" time="1.267180"/>
    </testsuite>
    <testsuite name="MinistryRepositoryEloquentTest" file="/home/vagrant/Code/gfccm/api-gfccm-systems/tests/unit/ApiGfccm/Repositories/Eloquent/MinistryRepositoryEloquentTest.php" tests="8" assertions="22" failures="0" errors="0" time="8.044287">
      <testcase name="it_return_ministries" class="MinistryRepositoryEloquentTest" file="/home/vagrant/Code/gfccm/api-gfccm-systems/tests/unit/ApiGfccm/Repositories/Eloquent/MinistryRepositoryEloquentTest.php" line="23" assertions="2" time="1.101778"/>
      <testcase name="it_returns_empty_when_there_is_no_ministry_that_exists" class="MinistryRepositoryEloquentTest" file="/home/vagrant/Code/gfccm/api-gfccm-systems/tests/unit/ApiGfccm/Repositories/Eloquent/MinistryRepositoryEloquentTest.php" line="34" assertions="1" time="1.001829"/>
      <testcase name="it_returns_a_ministry_when_find_by_id" class="MinistryRepositoryEloquentTest" file="/home/vagrant/Code/gfccm/api-gfccm-systems/tests/unit/ApiGfccm/Repositories/Eloquent/MinistryRepositoryEloquentTest.php" line="42" assertions="6" time="0.902086"/>
      <testcase name="it_returns_null_when_Ministry_does_not_exist" class="MinistryRepositoryEloquentTest" file="/home/vagrant/Code/gfccm/api-gfccm-systems/tests/unit/ApiGfccm/Repositories/Eloquent/MinistryRepositoryEloquentTest.php" line="53" assertions="1" time="0.962250"/>
      <testcase name="it_returns_ministry_after_create" class="MinistryRepositoryEloquentTest" file="/home/vagrant/Code/gfccm/api-gfccm-systems/tests/unit/ApiGfccm/Repositories/Eloquent/MinistryRepositoryEloquentTest.php" line="61" assertions="3" time="1.013324"/>
      <testcase name="it_returns_ministry_after_update" class="MinistryRepositoryEloquentTest" file="/home/vagrant/Code/gfccm/api-gfccm-systems/tests/unit/ApiGfccm/Repositories/Eloquent/MinistryRepositoryEloquentTest.php" line="73" assertions="4" time="1.064409"/>
      <testcase name="it_returns_null_on_update_when_ministry_does_not_exist" class="MinistryRepositoryEloquentTest" file="/home/vagrant/Code/gfccm/api-gfccm-systems/tests/unit/ApiGfccm/Repositories/Eloquent/MinistryRepositoryEloquentTest.php" line="88" assertions="1" time="0.981139"/>
      <testcase name="it_returns_a_collection_of_ministry_as_list" class="MinistryRepositoryEloquentTest" file="/home/vagrant/Code/gfccm/api-gfccm-systems/tests/unit/ApiGfccm/Repositories/Eloquent/MinistryRepositoryEloquentTest.php" line="96" assertions="4" time="1.017472"/>
    </testsuite>
    <testsuite name="RoleRepositoryEloquentTest" file="/home/vagrant/Code/gfccm/api-gfccm-systems/tests/unit/ApiGfccm/Repositories/Eloquent/RoleRepositoryEloquentTest.php" tests="4" assertions="8" failures="0" errors="0" time="3.462860">
      <testcase name="it_returns_roles" class="RoleRepositoryEloquentTest" file="/home/vagrant/Code/gfccm/api-gfccm-systems/tests/unit/ApiGfccm/Repositories/Eloquent/RoleRepositoryEloquentTest.php" line="22" assertions="2" time="1.065939"/>
      <testcase name="it_returns_empty_data_if_roles_are_empty" class="RoleRepositoryEloquentTest" file="/home/vagrant/Code/gfccm/api-gfccm-systems/tests/unit/ApiGfccm/Repositories/Eloquent/RoleRepositoryEloquentTest.php" line="33" assertions="1" time="0.780997"/>
      <testcase name="it_return_role_when_find_by_id" class="RoleRepositoryEloquentTest" file="/home/vagrant/Code/gfccm/api-gfccm-systems/tests/unit/ApiGfccm/Repositories/Eloquent/RoleRepositoryEloquentTest.php" line="42" assertions="4" time="0.815030"/>
      <testcase name="it_returns_null_when_role_does_not_exist" class="RoleRepositoryEloquentTest" file="/home/vagrant/Code/gfccm/api-gfccm-systems/tests/unit/ApiGfccm/Repositories/Eloquent/RoleRepositoryEloquentTest.php" line="54" assertions="1" time="0.800894"/>
    </testsuite>
    <testsuite name="ServiceRepositoryEloquentTest" file="/home/vagrant/Code/gfccm/api-gfccm-systems/tests/unit/ApiGfccm/Repositories/Eloquent/ServiceRepositoryEloquentTest.php" tests="8" assertions="28" failures="0" errors="0" time="6.601635">
      <testcase name="it_return_services" class="ServiceRepositoryEloquentTest" file="/home/vagrant/Code/gfccm/api-gfccm-systems/tests/unit/ApiGfccm/Repositories/Eloquent/ServiceRepositoryEloquentTest.php" line="23" assertions="2" time="0.853883"/>
      <testcase name="it_returns_empty_when_there_is_no_service_that_exists" class="ServiceRepositoryEloquentTest" file="/home/vagrant/Code/gfccm/api-gfccm-systems/tests/unit/ApiGfccm/Repositories/Eloquent/ServiceRepositoryEloquentTest.php" line="34" assertions="1" time="0.844425"/>
      <testcase name="it_returns_a_service_when_find_by_id" class="ServiceRepositoryEloquentTest" file="/home/vagrant/Code/gfccm/api-gfccm-systems/tests/unit/ApiGfccm/Repositories/Eloquent/ServiceRepositoryEloquentTest.php" line="42" assertions="8" time="0.821874"/>
      <testcase name="it_returns_null_when_service_does_not_exist" class="ServiceRepositoryEloquentTest" file="/home/vagrant/Code/gfccm/api-gfccm-systems/tests/unit/ApiGfccm/Repositories/Eloquent/ServiceRepositoryEloquentTest.php" line="53" assertions="1" time="0.783021"/>
      <testcase name="it_returns_service_after_create" class="ServiceRepositoryEloquentTest" file="/home/vagrant/Code/gfccm/api-gfccm-systems/tests/unit/ApiGfccm/Repositories/Eloquent/ServiceRepositoryEloquentTest.php" line="61" assertions="5" time="0.829963"/>
      <testcase name="it_returns_service_after_update" class="ServiceRepositoryEloquentTest" file="/home/vagrant/Code/gfccm/api-gfccm-systems/tests/unit/ApiGfccm/Repositories/Eloquent/ServiceRepositoryEloquentTest.php" line="73" assertions="6" time="0.825421"/>
      <testcase name="it_returns_null_on_update_when_service_does_not_exist" class="ServiceRepositoryEloquentTest" file="/home/vagrant/Code/gfccm/api-gfccm-systems/tests/unit/ApiGfccm/Repositories/Eloquent/ServiceRepositoryEloquentTest.php" line="88" assertions="1" time="0.782883"/>
      <testcase name="it_returns_a_collection_services_as_list" class="ServiceRepositoryEloquentTest" file="/home/vagrant/Code/gfccm/api-gfccm-systems/tests/unit/ApiGfccm/Repositories/Eloquent/ServiceRepositoryEloquentTest.php" line="96" assertions="4" time="0.860165"/>
    </testsuite>
    <testsuite name="UserRepositoryEloquentTest" file="/home/vagrant/Code/gfccm/api-gfccm-systems/tests/unit/ApiGfccm/Repositories/Eloquent/UserRepositoryEloquentTest.php" tests="10" assertions="33" failures="0" errors="0" time="8.724715">
      <testcase name="it_returns_all_users" class="UserRepositoryEloquentTest" file="/home/vagrant/Code/gfccm/api-gfccm-systems/tests/unit/ApiGfccm/Repositories/Eloquent/UserRepositoryEloquentTest.php" line="21" assertions="2" time="1.192802"/>
      <testcase name="it_returns_empty_when_there_is_no_user_that_exist" class="UserRepositoryEloquentTest" file="/home/vagrant/Code/gfccm/api-gfccm-systems/tests/unit/ApiGfccm/Repositories/Eloquent/UserRepositoryEloquentTest.php" line="33" assertions="1" time="0.742918"/>
      <testcase name="it_returns_a_user_when_find_by_id" class="UserRepositoryEloquentTest" file="/home/vagrant/Code/gfccm/api-gfccm-systems/tests/unit/ApiGfccm/Repositories/Eloquent/UserRepositoryEloquentTest.php" line="41" assertions="8" time="0.892392"/>
      <testcase name="it_returns_null_when_user_does_not_exist" class="UserRepositoryEloquentTest" file="/home/vagrant/Code/gfccm/api-gfccm-systems/tests/unit/ApiGfccm/Repositories/Eloquent/UserRepositoryEloquentTest.php" line="61" assertions="1" time="0.756228"/>
      <testcase name="it_returns_a_user_when_find_by_username" class="UserRepositoryEloquentTest" file="/home/vagrant/Code/gfccm/api-gfccm-systems/tests/unit/ApiGfccm/Repositories/Eloquent/UserRepositoryEloquentTest.php" line="69" assertions="8" time="0.901661"/>
      <testcase name="it_returns_null_when_finding_user_by_username_and_does_not_exist" class="UserRepositoryEloquentTest" file="/home/vagrant/Code/gfccm/api-gfccm-systems/tests/unit/ApiGfccm/Repositories/Eloquent/UserRepositoryEloquentTest.php" line="89" assertions="1" time="0.770194"/>
      <testcase name="it_returns_user_after_create" class="UserRepositoryEloquentTest" file="/home/vagrant/Code/gfccm/api-gfccm-systems/tests/unit/ApiGfccm/Repositories/Eloquent/UserRepositoryEloquentTest.php" line="98" assertions="5" time="0.945967"/>
      <testcase name="it_returns_a_user_after_update" class="UserRepositoryEloquentTest" file="/home/vagrant/Code/gfccm/api-gfccm-systems/tests/unit/ApiGfccm/Repositories/Eloquent/UserRepositoryEloquentTest.php" line="112" assertions="5" time="0.885241"/>
      <testcase name="it_returns_null_on_update_if_user_tries_to_update_member_id" class="UserRepositoryEloquentTest" file="/home/vagrant/Code/gfccm/api-gfccm-systems/tests/unit/ApiGfccm/Repositories/Eloquent/UserRepositoryEloquentTest.php" line="128" assertions="1" time="0.888961"/>
      <testcase name="it_returns_null_on_update_when_user_does_not_exist" class="UserRepositoryEloquentTest" file="/home/vagrant/Code/gfccm/api-gfccm-systems/tests/unit/ApiGfccm/Repositories/Eloquent/UserRepositoryEloquentTest.php" line="141" assertions="1" time="0.748352"/>
    </testsuite>
  </testsuite>
</testsuites>
