<?xml version="1.0" encoding="UTF-8"?>
<testsuites>
  <testsuite name="Application Test Suite" tests="115" assertions="302" failures="0" errors="0" time="99.899648">
    <testsuite name="DenominationsControllerTest" file="/home/vagrant/Code/gfccm/api-gfccm-systems/tests/integration/api/DenominationsControllerTest.php" tests="11" assertions="22" failures="0" errors="0" time="10.646697">
      <testcase name="it_returns_denomination_when_denomination_is_created" class="DenominationsControllerTest" file="/home/vagrant/Code/gfccm/api-gfccm-systems/tests/integration/api/DenominationsControllerTest.php" line="14" assertions="3" time="1.952858"/>
      <testsuite name="DenominationsControllerTest::it_rejects_creation_request_if_the_payload_is_invalid" tests="3" assertions="3" failures="0" errors="0" time="2.507587">
        <testcase name="it_rejects_creation_request_if_the_payload_is_invalid with data set #0" assertions="1" time="0.820868"/>
        <testcase name="it_rejects_creation_request_if_the_payload_is_invalid with data set #1" assertions="1" time="0.858004"/>
        <testcase name="it_rejects_creation_request_if_the_payload_is_invalid with data set #2" assertions="1" time="0.828715"/>
      </testsuite>
      <testcase name="it_returns_denomination_when_denomination_is_updated" class="DenominationsControllerTest" file="/home/vagrant/Code/gfccm/api-gfccm-systems/tests/integration/api/DenominationsControllerTest.php" line="38" assertions="2" time="0.884234"/>
      <testcase name="it_rejects_update_when_input_is_invalid" class="DenominationsControllerTest" file="/home/vagrant/Code/gfccm/api-gfccm-systems/tests/integration/api/DenominationsControllerTest.php" line="54" assertions="1" time="0.879751"/>
      <testcase name="it_rejects_update_when_denomination_does_not_exists" class="DenominationsControllerTest" file="/home/vagrant/Code/gfccm/api-gfccm-systems/tests/integration/api/DenominationsControllerTest.php" line="67" assertions="1" time="0.876344"/>
      <testcase name="it_returns_empty_when_no_denomination_is_empty" class="DenominationsControllerTest" file="/home/vagrant/Code/gfccm/api-gfccm-systems/tests/integration/api/DenominationsControllerTest.php" line="79" assertions="2" time="0.814885"/>
      <testcase name="it_returns_denominations" class="DenominationsControllerTest" file="/home/vagrant/Code/gfccm/api-gfccm-systems/tests/integration/api/DenominationsControllerTest.php" line="88" assertions="2" time="0.929787"/>
      <testcase name="it_returns_a_denomination_when_searched_by_id" class="DenominationsControllerTest" file="/home/vagrant/Code/gfccm/api-gfccm-systems/tests/integration/api/DenominationsControllerTest.php" line="99" assertions="7" time="0.931318"/>
      <testcase name="it_returns_an_invalid_response_when_denomination_does_not_exists" class="DenominationsControllerTest" file="/home/vagrant/Code/gfccm/api-gfccm-systems/tests/integration/api/DenominationsControllerTest.php" line="113" assertions="1" time="0.869933"/>
    </testsuite>
    <testsuite name="FundItemsControllerTest" file="/home/vagrant/Code/gfccm/api-gfccm-systems/tests/integration/api/FundItemsControllerTest.php" tests="9" assertions="25" failures="0" errors="0" time="7.834793">
      <testcase name="it_returns_fund_item_when_created" class="FundItemsControllerTest" file="/home/vagrant/Code/gfccm/api-gfccm-systems/tests/integration/api/FundItemsControllerTest.php" line="14" assertions="7" time="0.957667"/>
      <testsuite name="FundItemsControllerTest::it_rejects_create_if_input_is_invalid" tests="2" assertions="2" failures="0" errors="0" time="1.630503">
        <testcase name="it_rejects_create_if_input_is_invalid with data set #0" assertions="1" time="0.818416"/>
        <testcase name="it_rejects_create_if_input_is_invalid with data set #1" assertions="1" time="0.812087"/>
      </testsuite>
      <testcase name="it_returns_fund_item_on_update_if_fund_item_exists" class="FundItemsControllerTest" file="/home/vagrant/Code/gfccm/api-gfccm-systems/tests/integration/api/FundItemsControllerTest.php" line="40" assertions="7" time="0.918116"/>
      <testsuite name="FundItemsControllerTest::it_rejects_update_if_updated_input_is_invalid" tests="2" assertions="2" failures="0" errors="0" time="1.762274">
        <testcase name="it_rejects_update_if_updated_input_is_invalid with data set #0" assertions="1" time="0.877086"/>
        <testcase name="it_rejects_update_if_updated_input_is_invalid with data set #1" assertions="1" time="0.885188"/>
      </testsuite>
      <testcase name="it_returns_an_invalid_response_on_update_if_fund_item_does_not_exists" class="FundItemsControllerTest" file="/home/vagrant/Code/gfccm/api-gfccm-systems/tests/integration/api/FundItemsControllerTest.php" line="72" assertions="1" time="0.790723"/>
      <testcase name="it_returns_a_fund_item_if_exists" class="FundItemsControllerTest" file="/home/vagrant/Code/gfccm/api-gfccm-systems/tests/integration/api/FundItemsControllerTest.php" line="82" assertions="5" time="0.916446"/>
      <testcase name="it_returns_an_invalid_response_when_fund_item_does_not_exists" class="FundItemsControllerTest" file="/home/vagrant/Code/gfccm/api-gfccm-systems/tests/integration/api/FundItemsControllerTest.php" line="96" assertions="1" time="0.859064"/>
    </testsuite>
    <testsuite name="FundsControllerTest" file="/home/vagrant/Code/gfccm/api-gfccm-systems/tests/integration/api/FundsControllerTest.php" tests="14" assertions="29" failures="0" errors="0" time="12.506049">
      <testcase name="it_returns_a_collection_of_funds" class="FundsControllerTest" file="/home/vagrant/Code/gfccm/api-gfccm-systems/tests/integration/api/FundsControllerTest.php" line="13" assertions="2" time="1.106489"/>
      <testcase name="it_returns_an_empty_collection_when_no_fund_exists" class="FundsControllerTest" file="/home/vagrant/Code/gfccm/api-gfccm-systems/tests/integration/api/FundsControllerTest.php" line="26" assertions="2" time="0.882808"/>
      <testcase name="it_returns_fund_when_fund_is_created" class="FundsControllerTest" file="/home/vagrant/Code/gfccm/api-gfccm-systems/tests/integration/api/FundsControllerTest.php" line="37" assertions="4" time="0.895258"/>
      <testsuite name="FundsControllerTest::it_rejects_create_when_input_is_invalid" tests="2" assertions="2" failures="0" errors="0" time="1.832952">
        <testcase name="it_rejects_create_when_input_is_invalid with data set #0" assertions="1" time="0.976452"/>
        <testcase name="it_rejects_create_when_input_is_invalid with data set #1" assertions="1" time="0.856500"/>
      </testsuite>
      <testcase name="it_return_a_fund" class="FundsControllerTest" file="/home/vagrant/Code/gfccm/api-gfccm-systems/tests/integration/api/FundsControllerTest.php" line="64" assertions="4" time="0.876302"/>
      <testcase name="it_returns_an_invalid_response_when_fund_does_not_exists" class="FundsControllerTest" file="/home/vagrant/Code/gfccm/api-gfccm-systems/tests/integration/api/FundsControllerTest.php" line="79" assertions="1" time="0.807707"/>
      <testcase name="it_returns_a_fund_on_update" class="FundsControllerTest" file="/home/vagrant/Code/gfccm/api-gfccm-systems/tests/integration/api/FundsControllerTest.php" line="89" assertions="5" time="0.884116"/>
      <testsuite name="FundsControllerTest::it_rejects_update_if_input_is_invalid" tests="2" assertions="2" failures="0" errors="0" time="1.739066">
        <testcase name="it_rejects_update_if_input_is_invalid with data set #0" assertions="1" time="0.857096"/>
        <testcase name="it_rejects_update_if_input_is_invalid with data set #1" assertions="1" time="0.881970"/>
      </testsuite>
      <testcase name="it_return_an_invalid_response_on_update_when_fund_does_not_exists" class="FundsControllerTest" file="/home/vagrant/Code/gfccm/api-gfccm-systems/tests/integration/api/FundsControllerTest.php" line="122" assertions="1" time="0.799705"/>
      <testcase name="it_returns_an_invalid_response_on_showing_fund_items_in_a_fund_when_fund_does_not_exists" class="FundsControllerTest" file="/home/vagrant/Code/gfccm/api-gfccm-systems/tests/integration/api/FundsControllerTest.php" line="132" assertions="1" time="0.820977"/>
      <testcase name="it_returns_an_empty_collection_when_fund_does_not_have_fund_items" class="FundsControllerTest" file="/home/vagrant/Code/gfccm/api-gfccm-systems/tests/integration/api/FundsControllerTest.php" line="142" assertions="2" time="0.873663"/>
      <testcase name="it_returns_a_collection_of_fund_items_associated_in_a_fund" class="FundsControllerTest" file="/home/vagrant/Code/gfccm/api-gfccm-systems/tests/integration/api/FundsControllerTest.php" line="157" assertions="3" time="0.987006"/>
    </testsuite>
    <testsuite name="MinistriesControllerTest" file="/home/vagrant/Code/gfccm/api-gfccm-systems/tests/integration/api/MinistriesControllerTest.php" tests="12" assertions="20" failures="0" errors="0" time="10.055366">
      <testcase name="it_returns_a_collection_of_ministries" class="MinistriesControllerTest" file="/home/vagrant/Code/gfccm/api-gfccm-systems/tests/integration/api/MinistriesControllerTest.php" line="13" assertions="2" time="0.913179"/>
      <testcase name="it_returns_an_empty_collection_when_services_does_not_exist" class="MinistriesControllerTest" file="/home/vagrant/Code/gfccm/api-gfccm-systems/tests/integration/api/MinistriesControllerTest.php" line="26" assertions="2" time="0.788210"/>
      <testcase name="it_returns_a_ministry_on_create" class="MinistriesControllerTest" file="/home/vagrant/Code/gfccm/api-gfccm-systems/tests/integration/api/MinistriesControllerTest.php" line="37" assertions="3" time="0.855953"/>
      <testsuite name="MinistriesControllerTest::it_rejects_create_when_payload_is_invalid" tests="3" assertions="3" failures="0" errors="0" time="2.407893">
        <testcase name="it_rejects_create_when_payload_is_invalid with data set #0" assertions="1" time="0.803005"/>
        <testcase name="it_rejects_create_when_payload_is_invalid with data set #1" assertions="1" time="0.797691"/>
        <testcase name="it_rejects_create_when_payload_is_invalid with data set #2" assertions="1" time="0.807197"/>
      </testsuite>
      <testcase name="it_returns_a_ministry_if_ministry_exist" class="MinistriesControllerTest" file="/home/vagrant/Code/gfccm/api-gfccm-systems/tests/integration/api/MinistriesControllerTest.php" line="65" assertions="2" time="0.859280"/>
      <testcase name="it_returns_error_if_ministry_does_not_exist" class="MinistriesControllerTest" file="/home/vagrant/Code/gfccm/api-gfccm-systems/tests/integration/api/MinistriesControllerTest.php" line="79" assertions="1" time="0.800258"/>
      <testcase name="it_returns_a_ministry_on_update" class="MinistriesControllerTest" file="/home/vagrant/Code/gfccm/api-gfccm-systems/tests/integration/api/MinistriesControllerTest.php" line="87" assertions="3" time="0.858650"/>
      <testcase name="it_rejects_update_if_payload_is_invalid" class="MinistriesControllerTest" file="/home/vagrant/Code/gfccm/api-gfccm-systems/tests/integration/api/MinistriesControllerTest.php" line="102" assertions="1" time="0.849369"/>
      <testcase name="it_rejects_update_if_ministry_does_not_exist" class="MinistriesControllerTest" file="/home/vagrant/Code/gfccm/api-gfccm-systems/tests/integration/api/MinistriesControllerTest.php" line="114" assertions="1" time="0.845080"/>
      <testcase name="it_returns_services_as_list" class="MinistriesControllerTest" file="/home/vagrant/Code/gfccm/api-gfccm-systems/tests/integration/api/MinistriesControllerTest.php" line="124" assertions="2" time="0.877494"/>
    </testsuite>
    <testsuite name="RolesControllerTest" file="/home/vagrant/Code/gfccm/api-gfccm-systems/tests/integration/api/RolesControllerTest.php" tests="4" assertions="9" failures="0" errors="0" time="3.365608">
      <testcase name="it_returns_a_collection_of_roles" class="RolesControllerTest" file="/home/vagrant/Code/gfccm/api-gfccm-systems/tests/integration/api/RolesControllerTest.php" line="12" assertions="2" time="0.948314"/>
      <testcase name="it_returns_an_empty_role_collection_when_there_is_no_roles" class="RolesControllerTest" file="/home/vagrant/Code/gfccm/api-gfccm-systems/tests/integration/api/RolesControllerTest.php" line="25" assertions="2" time="0.799155"/>
      <testcase name="it_returns_a_role" class="RolesControllerTest" file="/home/vagrant/Code/gfccm/api-gfccm-systems/tests/integration/api/RolesControllerTest.php" line="36" assertions="4" time="0.835647"/>
      <testcase name="it_returns_an_invalid_response_when_specified_role_does_not_exist" class="RolesControllerTest" file="/home/vagrant/Code/gfccm/api-gfccm-systems/tests/integration/api/RolesControllerTest.php" line="49" assertions="1" time="0.782491"/>
    </testsuite>
    <testsuite name="ServicesControllerTest" file="/home/vagrant/Code/gfccm/api-gfccm-systems/tests/integration/api/ServicesControllerTest.php" tests="14" assertions="24" failures="0" errors="0" time="11.575446">
      <testcase name="it_returns_a_collection_services" class="ServicesControllerTest" file="/home/vagrant/Code/gfccm/api-gfccm-systems/tests/integration/api/ServicesControllerTest.php" line="13" assertions="2" time="0.915419"/>
      <testcase name="it_returns_an_empty_collection_when_services_does_not_exist" class="ServicesControllerTest" file="/home/vagrant/Code/gfccm/api-gfccm-systems/tests/integration/api/ServicesControllerTest.php" line="26" assertions="2" time="0.791872"/>
      <testcase name="it_returns_a_service_on_create" class="ServicesControllerTest" file="/home/vagrant/Code/gfccm/api-gfccm-systems/tests/integration/api/ServicesControllerTest.php" line="37" assertions="5" time="0.842394"/>
      <testsuite name="ServicesControllerTest::it_rejects_create_when_payload_is_invalid" tests="5" assertions="5" failures="0" errors="0" time="3.969325">
        <testcase name="it_rejects_create_when_payload_is_invalid with data set #0" assertions="1" time="0.791266"/>
        <testcase name="it_rejects_create_when_payload_is_invalid with data set #1" assertions="1" time="0.789525"/>
        <testcase name="it_rejects_create_when_payload_is_invalid with data set #2" assertions="1" time="0.803383"/>
        <testcase name="it_rejects_create_when_payload_is_invalid with data set #3" assertions="1" time="0.796962"/>
        <testcase name="it_rejects_create_when_payload_is_invalid with data set #4" assertions="1" time="0.788189"/>
      </testsuite>
      <testcase name="it_returns_a_service_if_service_exist" class="ServicesControllerTest" file="/home/vagrant/Code/gfccm/api-gfccm-systems/tests/integration/api/ServicesControllerTest.php" line="67" assertions="2" time="0.850635"/>
      <testcase name="it_returns_error_if_service_does_not_exist" class="ServicesControllerTest" file="/home/vagrant/Code/gfccm/api-gfccm-systems/tests/integration/api/ServicesControllerTest.php" line="81" assertions="1" time="0.791616"/>
      <testcase name="it_returns_a_service_on_update" class="ServicesControllerTest" file="/home/vagrant/Code/gfccm/api-gfccm-systems/tests/integration/api/ServicesControllerTest.php" line="89" assertions="3" time="0.853718"/>
      <testcase name="it_rejects_update_if_payload_is_invalid" class="ServicesControllerTest" file="/home/vagrant/Code/gfccm/api-gfccm-systems/tests/integration/api/ServicesControllerTest.php" line="104" assertions="1" time="0.840251"/>
      <testcase name="it_rejects_update_if_service_does_not_exist" class="ServicesControllerTest" file="/home/vagrant/Code/gfccm/api-gfccm-systems/tests/integration/api/ServicesControllerTest.php" line="116" assertions="1" time="0.828551"/>
      <testcase name="it_returns_services_as_list" class="ServicesControllerTest" file="/home/vagrant/Code/gfccm/api-gfccm-systems/tests/integration/api/ServicesControllerTest.php" line="126" assertions="2" time="0.891665"/>
    </testsuite>
    <testsuite name="DenominationTransformerTest" file="/home/vagrant/Code/gfccm/api-gfccm-systems/tests/unit/ApiGfccm/Http/Controllers/Api/Transformers/DenominationTransformerTest.php" tests="1" assertions="7" failures="0" errors="0" time="0.775353">
      <testcase name="it_transforms_a_denomination_into_an_api_payload" class="DenominationTransformerTest" file="/home/vagrant/Code/gfccm/api-gfccm-systems/tests/unit/ApiGfccm/Http/Controllers/Api/Transformers/DenominationTransformerTest.php" line="19" assertions="7" time="0.775353"/>
    </testsuite>
    <testsuite name="FundItemTransformerTest" file="/home/vagrant/Code/gfccm/api-gfccm-systems/tests/unit/ApiGfccm/Http/Controllers/Api/Transformers/FundItemTransformerTest.php" tests="1" assertions="9" failures="0" errors="0" time="0.803428">
      <testcase name="it_transforms_a_fund_item_into_an_api_payload" class="FundItemTransformerTest" file="/home/vagrant/Code/gfccm/api-gfccm-systems/tests/unit/ApiGfccm/Http/Controllers/Api/Transformers/FundItemTransformerTest.php" line="20" assertions="9" time="0.803428"/>
    </testsuite>
    <testsuite name="FundTransformerTest" file="/home/vagrant/Code/gfccm/api-gfccm-systems/tests/unit/ApiGfccm/Http/Controllers/Api/Transformers/FundTransformerTest.php" tests="1" assertions="11" failures="0" errors="0" time="0.771499">
      <testcase name="it_transforms_a_fund_into_an_api_payload" class="FundTransformerTest" file="/home/vagrant/Code/gfccm/api-gfccm-systems/tests/unit/ApiGfccm/Http/Controllers/Api/Transformers/FundTransformerTest.php" line="19" assertions="11" time="0.771499"/>
    </testsuite>
    <testsuite name="MinistryTransformerTest" file="/home/vagrant/Code/gfccm/api-gfccm-systems/tests/unit/ApiGfccm/Http/Controllers/Api/Transformers/MinistryRepositoryTest.php" tests="1" assertions="7" failures="0" errors="0" time="0.777088">
      <testcase name="it_transforms_a_ministry_into_an_api_payload" class="MinistryTransformerTest" file="/home/vagrant/Code/gfccm/api-gfccm-systems/tests/unit/ApiGfccm/Http/Controllers/Api/Transformers/MinistryRepositoryTest.php" line="19" assertions="7" time="0.777088"/>
    </testsuite>
    <testsuite name="RoleTransformerTest" file="/home/vagrant/Code/gfccm/api-gfccm-systems/tests/unit/ApiGfccm/Http/Controllers/Api/Transformers/RoleTransformerTest.php" tests="1" assertions="7" failures="0" errors="0" time="0.779444">
      <testcase name="it_transforms_a_role_into_an_api_payload" class="RoleTransformerTest" file="/home/vagrant/Code/gfccm/api-gfccm-systems/tests/unit/ApiGfccm/Http/Controllers/Api/Transformers/RoleTransformerTest.php" line="19" assertions="7" time="0.779444"/>
    </testsuite>
    <testsuite name="ServiceTransformerTest" file="/home/vagrant/Code/gfccm/api-gfccm-systems/tests/unit/ApiGfccm/Http/Controllers/Api/Transformers/ServiceTransformerTest.php" tests="1" assertions="11" failures="0" errors="0" time="0.790087">
      <testcase name="it_transforms_a_service_into_an_api_payload" class="ServiceTransformerTest" file="/home/vagrant/Code/gfccm/api-gfccm-systems/tests/unit/ApiGfccm/Http/Controllers/Api/Transformers/ServiceTransformerTest.php" line="19" assertions="11" time="0.790087"/>
    </testsuite>
    <testsuite name="DenominationRepositoryEloquentTest" file="/home/vagrant/Code/gfccm/api-gfccm-systems/tests/unit/ApiGfccm/Repositories/Eloquent/DenominationRepositoryEloquentTest.php" tests="7" assertions="15" failures="0" errors="0" time="5.810756">
      <testcase name="it_returns_denominations_order_by_amount" class="DenominationRepositoryEloquentTest" file="/home/vagrant/Code/gfccm/api-gfccm-systems/tests/unit/ApiGfccm/Repositories/Eloquent/DenominationRepositoryEloquentTest.php" line="14" assertions="2" time="0.852331"/>
      <testcase name="it_returns_denominations" class="DenominationRepositoryEloquentTest" file="/home/vagrant/Code/gfccm/api-gfccm-systems/tests/unit/ApiGfccm/Repositories/Eloquent/DenominationRepositoryEloquentTest.php" line="36" assertions="2" time="0.895888"/>
      <testcase name="it_returns_denomination_when_fetched_by_id" class="DenominationRepositoryEloquentTest" file="/home/vagrant/Code/gfccm/api-gfccm-systems/tests/unit/ApiGfccm/Repositories/Eloquent/DenominationRepositoryEloquentTest.php" line="49" assertions="5" time="0.833419"/>
      <testcase name="it_returns_exception_when_denomination_does_not_exists" class="DenominationRepositoryEloquentTest" file="/home/vagrant/Code/gfccm/api-gfccm-systems/tests/unit/ApiGfccm/Repositories/Eloquent/DenominationRepositoryEloquentTest.php" line="65" assertions="1" time="0.787626"/>
      <testcase name="it_returns_denomination_when_the_denomination_is_updated" class="DenominationRepositoryEloquentTest" file="/home/vagrant/Code/gfccm/api-gfccm-systems/tests/unit/ApiGfccm/Repositories/Eloquent/DenominationRepositoryEloquentTest.php" line="75" assertions="2" time="0.820176"/>
      <testcase name="it_returns_null_when_denomination_not_found" class="DenominationRepositoryEloquentTest" file="/home/vagrant/Code/gfccm/api-gfccm-systems/tests/unit/ApiGfccm/Repositories/Eloquent/DenominationRepositoryEloquentTest.php" line="96" assertions="1" time="0.785842"/>
      <testcase name="it_returns_denomination_when_a_new_denomination_is_created" class="DenominationRepositoryEloquentTest" file="/home/vagrant/Code/gfccm/api-gfccm-systems/tests/unit/ApiGfccm/Repositories/Eloquent/DenominationRepositoryEloquentTest.php" line="111" assertions="2" time="0.835474"/>
    </testsuite>
    <testsuite name="FundItemRepositoryEloquentTest" file="/home/vagrant/Code/gfccm/api-gfccm-systems/tests/unit/ApiGfccm/Repositories/Eloquent/FundItemRepositoryEloquentTest.php" tests="10" assertions="24" failures="0" errors="0" time="9.042863">
      <testcase name="it_returns_fund_items" class="FundItemRepositoryEloquentTest" file="/home/vagrant/Code/gfccm/api-gfccm-systems/tests/unit/ApiGfccm/Repositories/Eloquent/FundItemRepositoryEloquentTest.php" line="16" assertions="2" time="1.076575"/>
      <testcase name="it_returns_empty_when_fund_items_are_not_found" class="FundItemRepositoryEloquentTest" file="/home/vagrant/Code/gfccm/api-gfccm-systems/tests/unit/ApiGfccm/Repositories/Eloquent/FundItemRepositoryEloquentTest.php" line="30" assertions="1" time="0.795313"/>
      <testcase name="it_returns_a_fund_item_when_fetched_by_id" class="FundItemRepositoryEloquentTest" file="/home/vagrant/Code/gfccm/api-gfccm-systems/tests/unit/ApiGfccm/Repositories/Eloquent/FundItemRepositoryEloquentTest.php" line="37" assertions="6" time="0.894644"/>
      <testcase name="it_return_null_when_fund_item_is_not_found" class="FundItemRepositoryEloquentTest" file="/home/vagrant/Code/gfccm/api-gfccm-systems/tests/unit/ApiGfccm/Repositories/Eloquent/FundItemRepositoryEloquentTest.php" line="53" assertions="1" time="0.803620"/>
      <testcase name="it_returns_fund_items_which_belonged_to_a_fund" class="FundItemRepositoryEloquentTest" file="/home/vagrant/Code/gfccm/api-gfccm-systems/tests/unit/ApiGfccm/Repositories/Eloquent/FundItemRepositoryEloquentTest.php" line="60" assertions="3" time="0.952020"/>
      <testcase name="it_returns_empty_when_there_is_no_fund_items_associated_by_fund" class="FundItemRepositoryEloquentTest" file="/home/vagrant/Code/gfccm/api-gfccm-systems/tests/unit/ApiGfccm/Repositories/Eloquent/FundItemRepositoryEloquentTest.php" line="75" assertions="1" time="0.801444"/>
      <testcase name="it_returns_a_fund_item_when_created" class="FundItemRepositoryEloquentTest" file="/home/vagrant/Code/gfccm/api-gfccm-systems/tests/unit/ApiGfccm/Repositories/Eloquent/FundItemRepositoryEloquentTest.php" line="82" assertions="2" time="0.905642"/>
      <testcase name="it_returns_a_fund_item_when_updated" class="FundItemRepositoryEloquentTest" file="/home/vagrant/Code/gfccm/api-gfccm-systems/tests/unit/ApiGfccm/Repositories/Eloquent/FundItemRepositoryEloquentTest.php" line="101" assertions="5" time="0.960908"/>
      <testcase name="it_returns_empty_on_update_when_fund_item_does_not_exists" class="FundItemRepositoryEloquentTest" file="/home/vagrant/Code/gfccm/api-gfccm-systems/tests/unit/ApiGfccm/Repositories/Eloquent/FundItemRepositoryEloquentTest.php" line="130" assertions="1" time="0.845985"/>
      <testcase name="it_returns_active_fund_items" class="FundItemRepositoryEloquentTest" file="/home/vagrant/Code/gfccm/api-gfccm-systems/tests/unit/ApiGfccm/Repositories/Eloquent/FundItemRepositoryEloquentTest.php" line="139" assertions="2" time="1.006712"/>
    </testsuite>
    <testsuite name="FundRepositoryEloquentTest" file="/home/vagrant/Code/gfccm/api-gfccm-systems/tests/unit/ApiGfccm/Repositories/Eloquent/FundRepositoryEloquentTest.php" tests="8" assertions="24" failures="0" errors="0" time="7.437008">
      <testcase name="it_returns_fund_with_items" class="FundRepositoryEloquentTest" file="/home/vagrant/Code/gfccm/api-gfccm-systems/tests/unit/ApiGfccm/Repositories/Eloquent/FundRepositoryEloquentTest.php" line="15" assertions="4" time="1.298235"/>
      <testcase name="it_returns_empty_if_funds_are_empty" class="FundRepositoryEloquentTest" file="/home/vagrant/Code/gfccm/api-gfccm-systems/tests/unit/ApiGfccm/Repositories/Eloquent/FundRepositoryEloquentTest.php" line="30" assertions="1" time="0.790473"/>
      <testcase name="it_returns_fund_if_fund_exists" class="FundRepositoryEloquentTest" file="/home/vagrant/Code/gfccm/api-gfccm-systems/tests/unit/ApiGfccm/Repositories/Eloquent/FundRepositoryEloquentTest.php" line="40" assertions="2" time="0.880919"/>
      <testcase name="it_returns_null_if_fund_does_not_exists" class="FundRepositoryEloquentTest" file="/home/vagrant/Code/gfccm/api-gfccm-systems/tests/unit/ApiGfccm/Repositories/Eloquent/FundRepositoryEloquentTest.php" line="53" assertions="1" time="0.804383"/>
      <testcase name="it_returns_fund_when_fund_is_created" class="FundRepositoryEloquentTest" file="/home/vagrant/Code/gfccm/api-gfccm-systems/tests/unit/ApiGfccm/Repositories/Eloquent/FundRepositoryEloquentTest.php" line="63" assertions="2" time="0.862632"/>
      <testcase name="it_returns_fund_when_fund_is_updated" class="FundRepositoryEloquentTest" file="/home/vagrant/Code/gfccm/api-gfccm-systems/tests/unit/ApiGfccm/Repositories/Eloquent/FundRepositoryEloquentTest.php" line="82" assertions="6" time="0.867069"/>
      <testcase name="it_returns_null_on_update_if_fund_does_not_exists" class="FundRepositoryEloquentTest" file="/home/vagrant/Code/gfccm/api-gfccm-systems/tests/unit/ApiGfccm/Repositories/Eloquent/FundRepositoryEloquentTest.php" line="105" assertions="1" time="0.843147"/>
      <testcase name="it_returns_active_funds" class="FundRepositoryEloquentTest" file="/home/vagrant/Code/gfccm/api-gfccm-systems/tests/unit/ApiGfccm/Repositories/Eloquent/FundRepositoryEloquentTest.php" line="115" assertions="7" time="1.090150"/>
    </testsuite>
    <testsuite name="MinistryRepositoryEloquentTest" file="/home/vagrant/Code/gfccm/api-gfccm-systems/tests/unit/ApiGfccm/Repositories/Eloquent/MinistryRepositoryEloquentTest.php" tests="8" assertions="22" failures="0" errors="0" time="6.859967">
      <testcase name="it_return_ministries" class="MinistryRepositoryEloquentTest" file="/home/vagrant/Code/gfccm/api-gfccm-systems/tests/unit/ApiGfccm/Repositories/Eloquent/MinistryRepositoryEloquentTest.php" line="23" assertions="2" time="0.912341"/>
      <testcase name="it_returns_empty_when_there_is_no_ministry_that_exists" class="MinistryRepositoryEloquentTest" file="/home/vagrant/Code/gfccm/api-gfccm-systems/tests/unit/ApiGfccm/Repositories/Eloquent/MinistryRepositoryEloquentTest.php" line="34" assertions="1" time="0.804392"/>
      <testcase name="it_returns_a_ministry_when_find_by_id" class="MinistryRepositoryEloquentTest" file="/home/vagrant/Code/gfccm/api-gfccm-systems/tests/unit/ApiGfccm/Repositories/Eloquent/MinistryRepositoryEloquentTest.php" line="42" assertions="6" time="0.865941"/>
      <testcase name="it_returns_null_when_Ministry_does_not_exist" class="MinistryRepositoryEloquentTest" file="/home/vagrant/Code/gfccm/api-gfccm-systems/tests/unit/ApiGfccm/Repositories/Eloquent/MinistryRepositoryEloquentTest.php" line="53" assertions="1" time="0.813932"/>
      <testcase name="it_returns_ministry_after_create" class="MinistryRepositoryEloquentTest" file="/home/vagrant/Code/gfccm/api-gfccm-systems/tests/unit/ApiGfccm/Repositories/Eloquent/MinistryRepositoryEloquentTest.php" line="61" assertions="3" time="0.882298"/>
      <testcase name="it_returns_ministry_after_update" class="MinistryRepositoryEloquentTest" file="/home/vagrant/Code/gfccm/api-gfccm-systems/tests/unit/ApiGfccm/Repositories/Eloquent/MinistryRepositoryEloquentTest.php" line="73" assertions="4" time="0.887709"/>
      <testcase name="it_returns_null_on_update_when_ministry_does_not_exist" class="MinistryRepositoryEloquentTest" file="/home/vagrant/Code/gfccm/api-gfccm-systems/tests/unit/ApiGfccm/Repositories/Eloquent/MinistryRepositoryEloquentTest.php" line="88" assertions="1" time="0.782567"/>
      <testcase name="it_returns_a_collection_of_ministry_as_list" class="MinistryRepositoryEloquentTest" file="/home/vagrant/Code/gfccm/api-gfccm-systems/tests/unit/ApiGfccm/Repositories/Eloquent/MinistryRepositoryEloquentTest.php" line="96" assertions="4" time="0.910787"/>
    </testsuite>
    <testsuite name="RoleRepositoryEloquentTest" file="/home/vagrant/Code/gfccm/api-gfccm-systems/tests/unit/ApiGfccm/Repositories/Eloquent/RoleRepositoryEloquentTest.php" tests="4" assertions="8" failures="0" errors="0" time="3.384743">
      <testcase name="it_returns_roles" class="RoleRepositoryEloquentTest" file="/home/vagrant/Code/gfccm/api-gfccm-systems/tests/unit/ApiGfccm/Repositories/Eloquent/RoleRepositoryEloquentTest.php" line="22" assertions="2" time="0.951612"/>
      <testcase name="it_returns_empty_data_if_roles_are_empty" class="RoleRepositoryEloquentTest" file="/home/vagrant/Code/gfccm/api-gfccm-systems/tests/unit/ApiGfccm/Repositories/Eloquent/RoleRepositoryEloquentTest.php" line="33" assertions="1" time="0.801687"/>
      <testcase name="it_return_role_when_find_by_id" class="RoleRepositoryEloquentTest" file="/home/vagrant/Code/gfccm/api-gfccm-systems/tests/unit/ApiGfccm/Repositories/Eloquent/RoleRepositoryEloquentTest.php" line="42" assertions="4" time="0.845682"/>
      <testcase name="it_returns_null_when_role_does_not_exist" class="RoleRepositoryEloquentTest" file="/home/vagrant/Code/gfccm/api-gfccm-systems/tests/unit/ApiGfccm/Repositories/Eloquent/RoleRepositoryEloquentTest.php" line="54" assertions="1" time="0.785762"/>
    </testsuite>
    <testsuite name="ServiceRepositoryEloquentTest" file="/home/vagrant/Code/gfccm/api-gfccm-systems/tests/unit/ApiGfccm/Repositories/Eloquent/ServiceRepositoryEloquentTest.php" tests="8" assertions="28" failures="0" errors="0" time="6.683454">
      <testcase name="it_return_services" class="ServiceRepositoryEloquentTest" file="/home/vagrant/Code/gfccm/api-gfccm-systems/tests/unit/ApiGfccm/Repositories/Eloquent/ServiceRepositoryEloquentTest.php" line="23" assertions="2" time="0.873990"/>
      <testcase name="it_returns_empty_when_there_is_no_service_that_exists" class="ServiceRepositoryEloquentTest" file="/home/vagrant/Code/gfccm/api-gfccm-systems/tests/unit/ApiGfccm/Repositories/Eloquent/ServiceRepositoryEloquentTest.php" line="34" assertions="1" time="0.800550"/>
      <testcase name="it_returns_a_service_when_find_by_id" class="ServiceRepositoryEloquentTest" file="/home/vagrant/Code/gfccm/api-gfccm-systems/tests/unit/ApiGfccm/Repositories/Eloquent/ServiceRepositoryEloquentTest.php" line="42" assertions="8" time="0.842593"/>
      <testcase name="it_returns_null_when_service_does_not_exist" class="ServiceRepositoryEloquentTest" file="/home/vagrant/Code/gfccm/api-gfccm-systems/tests/unit/ApiGfccm/Repositories/Eloquent/ServiceRepositoryEloquentTest.php" line="53" assertions="1" time="0.789757"/>
      <testcase name="it_returns_service_after_create" class="ServiceRepositoryEloquentTest" file="/home/vagrant/Code/gfccm/api-gfccm-systems/tests/unit/ApiGfccm/Repositories/Eloquent/ServiceRepositoryEloquentTest.php" line="61" assertions="5" time="0.847185"/>
      <testcase name="it_returns_service_after_update" class="ServiceRepositoryEloquentTest" file="/home/vagrant/Code/gfccm/api-gfccm-systems/tests/unit/ApiGfccm/Repositories/Eloquent/ServiceRepositoryEloquentTest.php" line="73" assertions="6" time="0.853241"/>
      <testcase name="it_returns_null_on_update_when_service_does_not_exist" class="ServiceRepositoryEloquentTest" file="/home/vagrant/Code/gfccm/api-gfccm-systems/tests/unit/ApiGfccm/Repositories/Eloquent/ServiceRepositoryEloquentTest.php" line="88" assertions="1" time="0.795115"/>
      <testcase name="it_returns_a_collection_services_as_list" class="ServiceRepositoryEloquentTest" file="/home/vagrant/Code/gfccm/api-gfccm-systems/tests/unit/ApiGfccm/Repositories/Eloquent/ServiceRepositoryEloquentTest.php" line="96" assertions="4" time="0.881023"/>
    </testsuite>
  </testsuite>
</testsuites>
