<?xml version="1.0" encoding="UTF-8"?>
<testsuites>
  <testsuite name="Application Test Suite" tests="154" assertions="451" failures="0" errors="0" time="137.059485">
    <testsuite name="DenominationsControllerTest" file="/home/vagrant/Code/gfccm/api-gfccm-systems/tests/integration/api/DenominationsControllerTest.php" tests="11" assertions="22" failures="0" errors="0" time="10.340682">
      <testcase name="it_returns_denomination_when_denomination_is_created" class="DenominationsControllerTest" file="/home/vagrant/Code/gfccm/api-gfccm-systems/tests/integration/api/DenominationsControllerTest.php" line="14" assertions="3" time="1.964971"/>
      <testsuite name="DenominationsControllerTest::it_rejects_creation_request_if_the_payload_is_invalid" tests="3" assertions="3" failures="0" errors="0" time="2.386067">
        <testcase name="it_rejects_creation_request_if_the_payload_is_invalid with data set #0" assertions="1" time="0.802877"/>
        <testcase name="it_rejects_creation_request_if_the_payload_is_invalid with data set #1" assertions="1" time="0.797019"/>
        <testcase name="it_rejects_creation_request_if_the_payload_is_invalid with data set #2" assertions="1" time="0.786171"/>
      </testsuite>
      <testcase name="it_returns_denomination_when_denomination_is_updated" class="DenominationsControllerTest" file="/home/vagrant/Code/gfccm/api-gfccm-systems/tests/integration/api/DenominationsControllerTest.php" line="38" assertions="2" time="0.856429"/>
      <testcase name="it_rejects_update_when_input_is_invalid" class="DenominationsControllerTest" file="/home/vagrant/Code/gfccm/api-gfccm-systems/tests/integration/api/DenominationsControllerTest.php" line="54" assertions="1" time="0.838870"/>
      <testcase name="it_rejects_update_when_denomination_does_not_exists" class="DenominationsControllerTest" file="/home/vagrant/Code/gfccm/api-gfccm-systems/tests/integration/api/DenominationsControllerTest.php" line="67" assertions="1" time="0.794243"/>
      <testcase name="it_returns_an_empty_collection_when_denomination_does_not_exist" class="DenominationsControllerTest" file="/home/vagrant/Code/gfccm/api-gfccm-systems/tests/integration/api/DenominationsControllerTest.php" line="79" assertions="2" time="0.807190"/>
      <testcase name="it_returns_denominations" class="DenominationsControllerTest" file="/home/vagrant/Code/gfccm/api-gfccm-systems/tests/integration/api/DenominationsControllerTest.php" line="88" assertions="2" time="0.941344"/>
      <testcase name="it_returns_a_denomination_when_searched_by_id" class="DenominationsControllerTest" file="/home/vagrant/Code/gfccm/api-gfccm-systems/tests/integration/api/DenominationsControllerTest.php" line="99" assertions="7" time="0.924859"/>
      <testcase name="it_returns_an_invalid_response_when_denomination_does_not_exists" class="DenominationsControllerTest" file="/home/vagrant/Code/gfccm/api-gfccm-systems/tests/integration/api/DenominationsControllerTest.php" line="113" assertions="1" time="0.826709"/>
    </testsuite>
    <testsuite name="FundItemsControllerTest" file="/home/vagrant/Code/gfccm/api-gfccm-systems/tests/integration/api/FundItemsControllerTest.php" tests="9" assertions="25" failures="0" errors="0" time="7.708466">
      <testcase name="it_returns_fund_item_when_created" class="FundItemsControllerTest" file="/home/vagrant/Code/gfccm/api-gfccm-systems/tests/integration/api/FundItemsControllerTest.php" line="14" assertions="7" time="0.932509"/>
      <testsuite name="FundItemsControllerTest::it_rejects_create_if_input_is_invalid" tests="2" assertions="2" failures="0" errors="0" time="1.620548">
        <testcase name="it_rejects_create_if_input_is_invalid with data set #0" assertions="1" time="0.808688"/>
        <testcase name="it_rejects_create_if_input_is_invalid with data set #1" assertions="1" time="0.811860"/>
      </testsuite>
      <testcase name="it_returns_fund_item_on_update_if_fund_item_exists" class="FundItemsControllerTest" file="/home/vagrant/Code/gfccm/api-gfccm-systems/tests/integration/api/FundItemsControllerTest.php" line="40" assertions="7" time="0.906498"/>
      <testsuite name="FundItemsControllerTest::it_rejects_update_if_updated_input_is_invalid" tests="2" assertions="2" failures="0" errors="0" time="1.730383">
        <testcase name="it_rejects_update_if_updated_input_is_invalid with data set #0" assertions="1" time="0.881692"/>
        <testcase name="it_rejects_update_if_updated_input_is_invalid with data set #1" assertions="1" time="0.848691"/>
      </testsuite>
      <testcase name="it_returns_an_invalid_response_on_update_if_fund_item_does_not_exists" class="FundItemsControllerTest" file="/home/vagrant/Code/gfccm/api-gfccm-systems/tests/integration/api/FundItemsControllerTest.php" line="72" assertions="1" time="0.802649"/>
      <testcase name="it_returns_a_fund_item_if_exists" class="FundItemsControllerTest" file="/home/vagrant/Code/gfccm/api-gfccm-systems/tests/integration/api/FundItemsControllerTest.php" line="82" assertions="5" time="0.877190"/>
      <testcase name="it_returns_an_invalid_response_when_fund_item_does_not_exists" class="FundItemsControllerTest" file="/home/vagrant/Code/gfccm/api-gfccm-systems/tests/integration/api/FundItemsControllerTest.php" line="96" assertions="1" time="0.838689"/>
    </testsuite>
    <testsuite name="FundsControllerTest" file="/home/vagrant/Code/gfccm/api-gfccm-systems/tests/integration/api/FundsControllerTest.php" tests="14" assertions="29" failures="0" errors="0" time="12.785450">
      <testcase name="it_returns_a_collection_of_funds" class="FundsControllerTest" file="/home/vagrant/Code/gfccm/api-gfccm-systems/tests/integration/api/FundsControllerTest.php" line="13" assertions="2" time="1.019231"/>
      <testcase name="it_returns_an_empty_collection_when_no_fund_exists" class="FundsControllerTest" file="/home/vagrant/Code/gfccm/api-gfccm-systems/tests/integration/api/FundsControllerTest.php" line="26" assertions="2" time="0.858026"/>
      <testcase name="it_returns_fund_when_fund_is_created" class="FundsControllerTest" file="/home/vagrant/Code/gfccm/api-gfccm-systems/tests/integration/api/FundsControllerTest.php" line="37" assertions="4" time="0.927211"/>
      <testsuite name="FundsControllerTest::it_rejects_create_when_input_is_invalid" tests="2" assertions="2" failures="0" errors="0" time="1.868103">
        <testcase name="it_rejects_create_when_input_is_invalid with data set #0" assertions="1" time="0.886397"/>
        <testcase name="it_rejects_create_when_input_is_invalid with data set #1" assertions="1" time="0.981706"/>
      </testsuite>
      <testcase name="it_return_a_fund" class="FundsControllerTest" file="/home/vagrant/Code/gfccm/api-gfccm-systems/tests/integration/api/FundsControllerTest.php" line="64" assertions="4" time="0.969176"/>
      <testcase name="it_returns_an_invalid_response_when_fund_does_not_exists" class="FundsControllerTest" file="/home/vagrant/Code/gfccm/api-gfccm-systems/tests/integration/api/FundsControllerTest.php" line="79" assertions="1" time="0.816019"/>
      <testcase name="it_returns_a_fund_on_update" class="FundsControllerTest" file="/home/vagrant/Code/gfccm/api-gfccm-systems/tests/integration/api/FundsControllerTest.php" line="89" assertions="5" time="0.884268"/>
      <testsuite name="FundsControllerTest::it_rejects_update_if_input_is_invalid" tests="2" assertions="2" failures="0" errors="0" time="1.792792">
        <testcase name="it_rejects_update_if_input_is_invalid with data set #0" assertions="1" time="0.898428"/>
        <testcase name="it_rejects_update_if_input_is_invalid with data set #1" assertions="1" time="0.894364"/>
      </testsuite>
      <testcase name="it_return_an_invalid_response_on_update_when_fund_does_not_exists" class="FundsControllerTest" file="/home/vagrant/Code/gfccm/api-gfccm-systems/tests/integration/api/FundsControllerTest.php" line="122" assertions="1" time="0.872101"/>
      <testcase name="it_returns_an_invalid_response_on_showing_fund_items_in_a_fund_when_fund_does_not_exists" class="FundsControllerTest" file="/home/vagrant/Code/gfccm/api-gfccm-systems/tests/integration/api/FundsControllerTest.php" line="132" assertions="1" time="0.843426"/>
      <testcase name="it_returns_an_empty_collection_when_fund_does_not_have_fund_items" class="FundsControllerTest" file="/home/vagrant/Code/gfccm/api-gfccm-systems/tests/integration/api/FundsControllerTest.php" line="142" assertions="2" time="0.905490"/>
      <testcase name="it_returns_a_collection_of_fund_items_associated_in_a_fund" class="FundsControllerTest" file="/home/vagrant/Code/gfccm/api-gfccm-systems/tests/integration/api/FundsControllerTest.php" line="157" assertions="3" time="1.029607"/>
    </testsuite>
    <testsuite name="MinistriesControllerTest" file="/home/vagrant/Code/gfccm/api-gfccm-systems/tests/integration/api/MinistriesControllerTest.php" tests="12" assertions="20" failures="0" errors="0" time="10.664006">
      <testcase name="it_returns_a_collection_of_ministries" class="MinistriesControllerTest" file="/home/vagrant/Code/gfccm/api-gfccm-systems/tests/integration/api/MinistriesControllerTest.php" line="13" assertions="2" time="0.935964"/>
      <testcase name="it_returns_an_empty_collection_when_services_does_not_exist" class="MinistriesControllerTest" file="/home/vagrant/Code/gfccm/api-gfccm-systems/tests/integration/api/MinistriesControllerTest.php" line="26" assertions="2" time="0.803922"/>
      <testcase name="it_returns_a_ministry_on_create" class="MinistriesControllerTest" file="/home/vagrant/Code/gfccm/api-gfccm-systems/tests/integration/api/MinistriesControllerTest.php" line="37" assertions="3" time="0.886505"/>
      <testsuite name="MinistriesControllerTest::it_rejects_create_when_payload_is_invalid" tests="3" assertions="3" failures="0" errors="0" time="2.540738">
        <testcase name="it_rejects_create_when_payload_is_invalid with data set #0" assertions="1" time="0.862883"/>
        <testcase name="it_rejects_create_when_payload_is_invalid with data set #1" assertions="1" time="0.826724"/>
        <testcase name="it_rejects_create_when_payload_is_invalid with data set #2" assertions="1" time="0.851131"/>
      </testsuite>
      <testcase name="it_returns_a_ministry_if_ministry_exist" class="MinistriesControllerTest" file="/home/vagrant/Code/gfccm/api-gfccm-systems/tests/integration/api/MinistriesControllerTest.php" line="65" assertions="2" time="0.887555"/>
      <testcase name="it_returns_error_if_ministry_does_not_exist" class="MinistriesControllerTest" file="/home/vagrant/Code/gfccm/api-gfccm-systems/tests/integration/api/MinistriesControllerTest.php" line="79" assertions="1" time="0.828340"/>
      <testcase name="it_returns_a_ministry_on_update" class="MinistriesControllerTest" file="/home/vagrant/Code/gfccm/api-gfccm-systems/tests/integration/api/MinistriesControllerTest.php" line="87" assertions="3" time="0.970644"/>
      <testcase name="it_rejects_update_if_payload_is_invalid" class="MinistriesControllerTest" file="/home/vagrant/Code/gfccm/api-gfccm-systems/tests/integration/api/MinistriesControllerTest.php" line="102" assertions="1" time="1.005711"/>
      <testcase name="it_rejects_update_if_ministry_does_not_exist" class="MinistriesControllerTest" file="/home/vagrant/Code/gfccm/api-gfccm-systems/tests/integration/api/MinistriesControllerTest.php" line="114" assertions="1" time="0.880618"/>
      <testcase name="it_returns_services_as_list" class="MinistriesControllerTest" file="/home/vagrant/Code/gfccm/api-gfccm-systems/tests/integration/api/MinistriesControllerTest.php" line="124" assertions="2" time="0.924009"/>
    </testsuite>
    <testsuite name="RolesControllerTest" file="/home/vagrant/Code/gfccm/api-gfccm-systems/tests/integration/api/RolesControllerTest.php" tests="4" assertions="9" failures="0" errors="0" time="4.801972">
      <testcase name="it_returns_a_collection_of_roles" class="RolesControllerTest" file="/home/vagrant/Code/gfccm/api-gfccm-systems/tests/integration/api/RolesControllerTest.php" line="12" assertions="2" time="2.339131"/>
      <testcase name="it_returns_an_empty_role_collection_when_there_is_no_roles" class="RolesControllerTest" file="/home/vagrant/Code/gfccm/api-gfccm-systems/tests/integration/api/RolesControllerTest.php" line="25" assertions="2" time="0.803152"/>
      <testcase name="it_returns_a_role" class="RolesControllerTest" file="/home/vagrant/Code/gfccm/api-gfccm-systems/tests/integration/api/RolesControllerTest.php" line="36" assertions="4" time="0.864152"/>
      <testcase name="it_returns_an_invalid_response_when_specified_role_does_not_exist" class="RolesControllerTest" file="/home/vagrant/Code/gfccm/api-gfccm-systems/tests/integration/api/RolesControllerTest.php" line="49" assertions="1" time="0.795537"/>
    </testsuite>
    <testsuite name="ServicesControllerTest" file="/home/vagrant/Code/gfccm/api-gfccm-systems/tests/integration/api/ServicesControllerTest.php" tests="14" assertions="24" failures="0" errors="0" time="12.092503">
      <testcase name="it_returns_a_collection_services" class="ServicesControllerTest" file="/home/vagrant/Code/gfccm/api-gfccm-systems/tests/integration/api/ServicesControllerTest.php" line="13" assertions="2" time="0.927154"/>
      <testcase name="it_returns_an_empty_collection_when_services_does_not_exist" class="ServicesControllerTest" file="/home/vagrant/Code/gfccm/api-gfccm-systems/tests/integration/api/ServicesControllerTest.php" line="26" assertions="2" time="0.802155"/>
      <testcase name="it_returns_a_service_on_create" class="ServicesControllerTest" file="/home/vagrant/Code/gfccm/api-gfccm-systems/tests/integration/api/ServicesControllerTest.php" line="37" assertions="5" time="0.871372"/>
      <testsuite name="ServicesControllerTest::it_rejects_create_when_payload_is_invalid" tests="5" assertions="5" failures="0" errors="0" time="4.137976">
        <testcase name="it_rejects_create_when_payload_is_invalid with data set #0" assertions="1" time="0.814685"/>
        <testcase name="it_rejects_create_when_payload_is_invalid with data set #1" assertions="1" time="0.820934"/>
        <testcase name="it_rejects_create_when_payload_is_invalid with data set #2" assertions="1" time="0.820518"/>
        <testcase name="it_rejects_create_when_payload_is_invalid with data set #3" assertions="1" time="0.847587"/>
        <testcase name="it_rejects_create_when_payload_is_invalid with data set #4" assertions="1" time="0.834252"/>
      </testsuite>
      <testcase name="it_returns_a_service_if_service_exist" class="ServicesControllerTest" file="/home/vagrant/Code/gfccm/api-gfccm-systems/tests/integration/api/ServicesControllerTest.php" line="67" assertions="2" time="0.884624"/>
      <testcase name="it_returns_error_if_service_does_not_exist" class="ServicesControllerTest" file="/home/vagrant/Code/gfccm/api-gfccm-systems/tests/integration/api/ServicesControllerTest.php" line="81" assertions="1" time="0.846808"/>
      <testcase name="it_returns_a_service_on_update" class="ServicesControllerTest" file="/home/vagrant/Code/gfccm/api-gfccm-systems/tests/integration/api/ServicesControllerTest.php" line="89" assertions="3" time="0.918334"/>
      <testcase name="it_rejects_update_if_payload_is_invalid" class="ServicesControllerTest" file="/home/vagrant/Code/gfccm/api-gfccm-systems/tests/integration/api/ServicesControllerTest.php" line="104" assertions="1" time="0.877694"/>
      <testcase name="it_rejects_update_if_service_does_not_exist" class="ServicesControllerTest" file="/home/vagrant/Code/gfccm/api-gfccm-systems/tests/integration/api/ServicesControllerTest.php" line="116" assertions="1" time="0.908237"/>
      <testcase name="it_returns_services_as_list" class="ServicesControllerTest" file="/home/vagrant/Code/gfccm/api-gfccm-systems/tests/integration/api/ServicesControllerTest.php" line="126" assertions="2" time="0.918149"/>
    </testsuite>
    <testsuite name="ApiGfccm\Http\Controllers\Api\UsersControllerTest" file="/home/vagrant/Code/gfccm/api-gfccm-systems/tests/integration/api/UsersControllerTest.php" tests="7" assertions="12" failures="0" errors="0" time="6.667541">
      <testcase name="it_returns_a_user" class="ApiGfccm\Http\Controllers\Api\UsersControllerTest" file="/home/vagrant/Code/gfccm/api-gfccm-systems/tests/integration/api/UsersControllerTest.php" line="17" assertions="2" time="1.032210"/>
      <testcase name="it_returns_error_if_a_user_does_not_exist" class="ApiGfccm\Http\Controllers\Api\UsersControllerTest" file="/home/vagrant/Code/gfccm/api-gfccm-systems/tests/integration/api/UsersControllerTest.php" line="30" assertions="1" time="0.821342"/>
      <testcase name="it_returns_a_collection_of_users" class="ApiGfccm\Http\Controllers\Api\UsersControllerTest" file="/home/vagrant/Code/gfccm/api-gfccm-systems/tests/integration/api/UsersControllerTest.php" line="38" assertions="2" time="1.285049"/>
      <testcase name="it_returns_an_empty_collection_when_users_does_not_exist" class="ApiGfccm\Http\Controllers\Api\UsersControllerTest" file="/home/vagrant/Code/gfccm/api-gfccm-systems/tests/integration/api/UsersControllerTest.php" line="52" assertions="2" time="0.804118"/>
      <testcase name="it_returns_a_user_on_update" class="ApiGfccm\Http\Controllers\Api\UsersControllerTest" file="/home/vagrant/Code/gfccm/api-gfccm-systems/tests/integration/api/UsersControllerTest.php" line="61" assertions="3" time="0.971770"/>
      <testcase name="it_returns_error_on_update_if_a_user_tries_to_modify_member_id" class="ApiGfccm\Http\Controllers\Api\UsersControllerTest" file="/home/vagrant/Code/gfccm/api-gfccm-systems/tests/integration/api/UsersControllerTest.php" line="76" assertions="1" time="0.945465"/>
      <testcase name="it_returns_error_on_update_if_a_user_does_not_exist" class="ApiGfccm\Http\Controllers\Api\UsersControllerTest" file="/home/vagrant/Code/gfccm/api-gfccm-systems/tests/integration/api/UsersControllerTest.php" line="89" assertions="1" time="0.807587"/>
    </testsuite>
    <testsuite name="DenominationTransformerTest" file="/home/vagrant/Code/gfccm/api-gfccm-systems/tests/unit/ApiGfccm/Http/Controllers/Api/Transformers/DenominationTransformerTest.php" tests="1" assertions="7" failures="0" errors="0" time="0.821896">
      <testcase name="it_transforms_a_denomination_into_an_api_payload" class="DenominationTransformerTest" file="/home/vagrant/Code/gfccm/api-gfccm-systems/tests/unit/ApiGfccm/Http/Controllers/Api/Transformers/DenominationTransformerTest.php" line="19" assertions="7" time="0.821896"/>
    </testsuite>
    <testsuite name="FundItemTransformerTest" file="/home/vagrant/Code/gfccm/api-gfccm-systems/tests/unit/ApiGfccm/Http/Controllers/Api/Transformers/FundItemTransformerTest.php" tests="1" assertions="9" failures="0" errors="0" time="0.862611">
      <testcase name="it_transforms_a_fund_item_into_an_api_payload" class="FundItemTransformerTest" file="/home/vagrant/Code/gfccm/api-gfccm-systems/tests/unit/ApiGfccm/Http/Controllers/Api/Transformers/FundItemTransformerTest.php" line="20" assertions="9" time="0.862611"/>
    </testsuite>
    <testsuite name="FundTransformerTest" file="/home/vagrant/Code/gfccm/api-gfccm-systems/tests/unit/ApiGfccm/Http/Controllers/Api/Transformers/FundTransformerTest.php" tests="1" assertions="11" failures="0" errors="0" time="0.825702">
      <testcase name="it_transforms_a_fund_into_an_api_payload" class="FundTransformerTest" file="/home/vagrant/Code/gfccm/api-gfccm-systems/tests/unit/ApiGfccm/Http/Controllers/Api/Transformers/FundTransformerTest.php" line="19" assertions="11" time="0.825702"/>
    </testsuite>
    <testsuite name="MinistryTransformerTest" file="/home/vagrant/Code/gfccm/api-gfccm-systems/tests/unit/ApiGfccm/Http/Controllers/Api/Transformers/MinistryRepositoryTest.php" tests="1" assertions="7" failures="0" errors="0" time="0.843425">
      <testcase name="it_transforms_a_ministry_into_an_api_payload" class="MinistryTransformerTest" file="/home/vagrant/Code/gfccm/api-gfccm-systems/tests/unit/ApiGfccm/Http/Controllers/Api/Transformers/MinistryRepositoryTest.php" line="19" assertions="7" time="0.843425"/>
    </testsuite>
    <testsuite name="RoleTransformerTest" file="/home/vagrant/Code/gfccm/api-gfccm-systems/tests/unit/ApiGfccm/Http/Controllers/Api/Transformers/RoleTransformerTest.php" tests="1" assertions="7" failures="0" errors="0" time="0.798705">
      <testcase name="it_transforms_a_role_into_an_api_payload" class="RoleTransformerTest" file="/home/vagrant/Code/gfccm/api-gfccm-systems/tests/unit/ApiGfccm/Http/Controllers/Api/Transformers/RoleTransformerTest.php" line="19" assertions="7" time="0.798705"/>
    </testsuite>
    <testsuite name="ServiceTransformerTest" file="/home/vagrant/Code/gfccm/api-gfccm-systems/tests/unit/ApiGfccm/Http/Controllers/Api/Transformers/ServiceTransformerTest.php" tests="1" assertions="11" failures="0" errors="0" time="0.817307">
      <testcase name="it_transforms_a_service_into_an_api_payload" class="ServiceTransformerTest" file="/home/vagrant/Code/gfccm/api-gfccm-systems/tests/unit/ApiGfccm/Http/Controllers/Api/Transformers/ServiceTransformerTest.php" line="19" assertions="11" time="0.817307"/>
    </testsuite>
    <testsuite name="UserTransformerTest" file="/home/vagrant/Code/gfccm/api-gfccm-systems/tests/unit/ApiGfccm/Http/Controllers/Api/Transformers/UserTransformerTest.php" tests="1" assertions="12" failures="0" errors="0" time="0.904298">
      <testcase name="it_transforms_a_user_into_an_api_payload" class="UserTransformerTest" file="/home/vagrant/Code/gfccm/api-gfccm-systems/tests/unit/ApiGfccm/Http/Controllers/Api/Transformers/UserTransformerTest.php" line="18" assertions="12" time="0.904298"/>
    </testsuite>
    <testsuite name="DenominationRepositoryEloquentTest" file="/home/vagrant/Code/gfccm/api-gfccm-systems/tests/unit/ApiGfccm/Repositories/Eloquent/DenominationRepositoryEloquentTest.php" tests="7" assertions="19" failures="0" errors="0" time="5.882725">
      <testcase name="it_returns_denominations_order_by_amount" class="DenominationRepositoryEloquentTest" file="/home/vagrant/Code/gfccm/api-gfccm-systems/tests/unit/ApiGfccm/Repositories/Eloquent/DenominationRepositoryEloquentTest.php" line="14" assertions="2" time="0.888021"/>
      <testcase name="it_returns_denominations" class="DenominationRepositoryEloquentTest" file="/home/vagrant/Code/gfccm/api-gfccm-systems/tests/unit/ApiGfccm/Repositories/Eloquent/DenominationRepositoryEloquentTest.php" line="36" assertions="2" time="0.871182"/>
      <testcase name="it_returns_denomination_when_fetched_by_id" class="DenominationRepositoryEloquentTest" file="/home/vagrant/Code/gfccm/api-gfccm-systems/tests/unit/ApiGfccm/Repositories/Eloquent/DenominationRepositoryEloquentTest.php" line="49" assertions="5" time="0.877032"/>
      <testcase name="it_returns_exception_when_denomination_does_not_exists" class="DenominationRepositoryEloquentTest" file="/home/vagrant/Code/gfccm/api-gfccm-systems/tests/unit/ApiGfccm/Repositories/Eloquent/DenominationRepositoryEloquentTest.php" line="65" assertions="1" time="0.787222"/>
      <testcase name="it_returns_denomination_when_the_denomination_is_updated" class="DenominationRepositoryEloquentTest" file="/home/vagrant/Code/gfccm/api-gfccm-systems/tests/unit/ApiGfccm/Repositories/Eloquent/DenominationRepositoryEloquentTest.php" line="75" assertions="4" time="0.846283"/>
      <testcase name="it_returns_null_when_denomination_not_found" class="DenominationRepositoryEloquentTest" file="/home/vagrant/Code/gfccm/api-gfccm-systems/tests/unit/ApiGfccm/Repositories/Eloquent/DenominationRepositoryEloquentTest.php" line="93" assertions="1" time="0.788791"/>
      <testcase name="it_returns_denomination_when_a_new_denomination_is_created" class="DenominationRepositoryEloquentTest" file="/home/vagrant/Code/gfccm/api-gfccm-systems/tests/unit/ApiGfccm/Repositories/Eloquent/DenominationRepositoryEloquentTest.php" line="105" assertions="4" time="0.824194"/>
    </testsuite>
    <testsuite name="FundItemRepositoryEloquentTest" file="/home/vagrant/Code/gfccm/api-gfccm-systems/tests/unit/ApiGfccm/Repositories/Eloquent/FundItemRepositoryEloquentTest.php" tests="10" assertions="25" failures="0" errors="0" time="8.948499">
      <testcase name="it_returns_fund_items" class="FundItemRepositoryEloquentTest" file="/home/vagrant/Code/gfccm/api-gfccm-systems/tests/unit/ApiGfccm/Repositories/Eloquent/FundItemRepositoryEloquentTest.php" line="16" assertions="2" time="0.978743"/>
      <testcase name="it_returns_empty_when_fund_items_are_not_found" class="FundItemRepositoryEloquentTest" file="/home/vagrant/Code/gfccm/api-gfccm-systems/tests/unit/ApiGfccm/Repositories/Eloquent/FundItemRepositoryEloquentTest.php" line="30" assertions="1" time="0.758589"/>
      <testcase name="it_returns_a_fund_item_when_fetched_by_id" class="FundItemRepositoryEloquentTest" file="/home/vagrant/Code/gfccm/api-gfccm-systems/tests/unit/ApiGfccm/Repositories/Eloquent/FundItemRepositoryEloquentTest.php" line="37" assertions="6" time="0.867347"/>
      <testcase name="it_return_null_when_fund_item_is_not_found" class="FundItemRepositoryEloquentTest" file="/home/vagrant/Code/gfccm/api-gfccm-systems/tests/unit/ApiGfccm/Repositories/Eloquent/FundItemRepositoryEloquentTest.php" line="52" assertions="1" time="0.833682"/>
      <testcase name="it_returns_fund_items_which_belonged_to_a_fund" class="FundItemRepositoryEloquentTest" file="/home/vagrant/Code/gfccm/api-gfccm-systems/tests/unit/ApiGfccm/Repositories/Eloquent/FundItemRepositoryEloquentTest.php" line="59" assertions="3" time="0.947307"/>
      <testcase name="it_returns_empty_when_there_is_no_fund_items_associated_by_fund" class="FundItemRepositoryEloquentTest" file="/home/vagrant/Code/gfccm/api-gfccm-systems/tests/unit/ApiGfccm/Repositories/Eloquent/FundItemRepositoryEloquentTest.php" line="74" assertions="1" time="0.818772"/>
      <testcase name="it_returns_a_fund_item_when_created" class="FundItemRepositoryEloquentTest" file="/home/vagrant/Code/gfccm/api-gfccm-systems/tests/unit/ApiGfccm/Repositories/Eloquent/FundItemRepositoryEloquentTest.php" line="81" assertions="2" time="0.931847"/>
      <testcase name="it_returns_a_fund_item_when_updated" class="FundItemRepositoryEloquentTest" file="/home/vagrant/Code/gfccm/api-gfccm-systems/tests/unit/ApiGfccm/Repositories/Eloquent/FundItemRepositoryEloquentTest.php" line="100" assertions="5" time="0.967230"/>
      <testcase name="it_returns_empty_on_update_when_fund_item_does_not_exists" class="FundItemRepositoryEloquentTest" file="/home/vagrant/Code/gfccm/api-gfccm-systems/tests/unit/ApiGfccm/Repositories/Eloquent/FundItemRepositoryEloquentTest.php" line="129" assertions="1" time="0.819677"/>
      <testcase name="it_returns_active_fund_items" class="FundItemRepositoryEloquentTest" file="/home/vagrant/Code/gfccm/api-gfccm-systems/tests/unit/ApiGfccm/Repositories/Eloquent/FundItemRepositoryEloquentTest.php" line="138" assertions="3" time="1.025305"/>
    </testsuite>
    <testsuite name="FundRepositoryEloquentTest" file="/home/vagrant/Code/gfccm/api-gfccm-systems/tests/unit/ApiGfccm/Repositories/Eloquent/FundRepositoryEloquentTest.php" tests="8" assertions="29" failures="0" errors="0" time="7.094984">
      <testcase name="it_returns_fund_with_items" class="FundRepositoryEloquentTest" file="/home/vagrant/Code/gfccm/api-gfccm-systems/tests/unit/ApiGfccm/Repositories/Eloquent/FundRepositoryEloquentTest.php" line="15" assertions="4" time="1.266228"/>
      <testcase name="it_returns_empty_if_funds_are_empty" class="FundRepositoryEloquentTest" file="/home/vagrant/Code/gfccm/api-gfccm-systems/tests/unit/ApiGfccm/Repositories/Eloquent/FundRepositoryEloquentTest.php" line="30" assertions="1" time="0.772692"/>
      <testcase name="it_returns_fund_if_fund_exists" class="FundRepositoryEloquentTest" file="/home/vagrant/Code/gfccm/api-gfccm-systems/tests/unit/ApiGfccm/Repositories/Eloquent/FundRepositoryEloquentTest.php" line="40" assertions="2" time="0.855453"/>
      <testcase name="it_returns_null_if_fund_does_not_exists" class="FundRepositoryEloquentTest" file="/home/vagrant/Code/gfccm/api-gfccm-systems/tests/unit/ApiGfccm/Repositories/Eloquent/FundRepositoryEloquentTest.php" line="53" assertions="1" time="0.792354"/>
      <testcase name="it_returns_fund_when_fund_is_created" class="FundRepositoryEloquentTest" file="/home/vagrant/Code/gfccm/api-gfccm-systems/tests/unit/ApiGfccm/Repositories/Eloquent/FundRepositoryEloquentTest.php" line="63" assertions="6" time="0.830708"/>
      <testcase name="it_returns_fund_when_fund_is_updated" class="FundRepositoryEloquentTest" file="/home/vagrant/Code/gfccm/api-gfccm-systems/tests/unit/ApiGfccm/Repositories/Eloquent/FundRepositoryEloquentTest.php" line="83" assertions="7" time="0.840310"/>
      <testcase name="it_returns_null_on_update_if_fund_does_not_exists" class="FundRepositoryEloquentTest" file="/home/vagrant/Code/gfccm/api-gfccm-systems/tests/unit/ApiGfccm/Repositories/Eloquent/FundRepositoryEloquentTest.php" line="112" assertions="1" time="0.743652"/>
      <testcase name="it_returns_active_funds" class="FundRepositoryEloquentTest" file="/home/vagrant/Code/gfccm/api-gfccm-systems/tests/unit/ApiGfccm/Repositories/Eloquent/FundRepositoryEloquentTest.php" line="122" assertions="7" time="0.993586"/>
    </testsuite>
    <testsuite name="IncomeServiceMemberFundRepositoryEloquentTest" file="/home/vagrant/Code/gfccm/api-gfccm-systems/tests/unit/ApiGfccm/Repositories/Eloquent/IncomeServiceMemberFundRepositoryEloquentTest.php" tests="1" assertions="0" failures="0" errors="0" time="0.760795">
      <testcase name="insert_test" class="IncomeServiceMemberFundRepositoryEloquentTest" file="/home/vagrant/Code/gfccm/api-gfccm-systems/tests/unit/ApiGfccm/Repositories/Eloquent/IncomeServiceMemberFundRepositoryEloquentTest.php" line="12" assertions="0" time="0.760795"/>
    </testsuite>
    <testsuite name="IncomeServiceRepositoryEloquentTest" file="/home/vagrant/Code/gfccm/api-gfccm-systems/tests/unit/ApiGfccm/Repositories/Eloquent/IncomeServiceRepositoryEloquentTest.php" tests="13" assertions="48" failures="0" errors="0" time="12.002603">
      <testcase name="it_returns_income_service_on_create" class="IncomeServiceRepositoryEloquentTest" file="/home/vagrant/Code/gfccm/api-gfccm-systems/tests/unit/ApiGfccm/Repositories/Eloquent/IncomeServiceRepositoryEloquentTest.php" line="25" assertions="10" time="0.864304"/>
      <testcase name="it_returns_income_service" class="IncomeServiceRepositoryEloquentTest" file="/home/vagrant/Code/gfccm/api-gfccm-systems/tests/unit/ApiGfccm/Repositories/Eloquent/IncomeServiceRepositoryEloquentTest.php" line="55" assertions="2" time="0.919639"/>
      <testcase name="it_returns_null_when_income_service_does_not_exist" class="IncomeServiceRepositoryEloquentTest" file="/home/vagrant/Code/gfccm/api-gfccm-systems/tests/unit/ApiGfccm/Repositories/Eloquent/IncomeServiceRepositoryEloquentTest.php" line="66" assertions="1" time="0.768297"/>
      <testcase name="it_returns_a_collection_income_services" class="IncomeServiceRepositoryEloquentTest" file="/home/vagrant/Code/gfccm/api-gfccm-systems/tests/unit/ApiGfccm/Repositories/Eloquent/IncomeServiceRepositoryEloquentTest.php" line="74" assertions="2" time="0.945271"/>
      <testcase name="it_returns_an_empty_collection_if_no_income_service_exists" class="IncomeServiceRepositoryEloquentTest" file="/home/vagrant/Code/gfccm/api-gfccm-systems/tests/unit/ApiGfccm/Repositories/Eloquent/IncomeServiceRepositoryEloquentTest.php" line="85" assertions="1" time="0.763591"/>
      <testcase name="it_returns_income_service_on_update" class="IncomeServiceRepositoryEloquentTest" file="/home/vagrant/Code/gfccm/api-gfccm-systems/tests/unit/ApiGfccm/Repositories/Eloquent/IncomeServiceRepositoryEloquentTest.php" line="93" assertions="8" time="0.913079"/>
      <testcase name="it_returns_null_on_update_if_income_service_does_not_exist" class="IncomeServiceRepositoryEloquentTest" file="/home/vagrant/Code/gfccm/api-gfccm-systems/tests/unit/ApiGfccm/Repositories/Eloquent/IncomeServiceRepositoryEloquentTest.php" line="128" assertions="1" time="0.759683"/>
      <testcase name="it_returns_income_service_when_filter_by_year_and_month" class="IncomeServiceRepositoryEloquentTest" file="/home/vagrant/Code/gfccm/api-gfccm-systems/tests/unit/ApiGfccm/Repositories/Eloquent/IncomeServiceRepositoryEloquentTest.php" line="136" assertions="2" time="1.019337"/>
      <testcase name="it_returns_income_service_filtered_to_current_year_and_date_when_no_year_and_month_declared" class="IncomeServiceRepositoryEloquentTest" file="/home/vagrant/Code/gfccm/api-gfccm-systems/tests/unit/ApiGfccm/Repositories/Eloquent/IncomeServiceRepositoryEloquentTest.php" line="151" assertions="2" time="1.042208"/>
      <testcase name="it_returns_and_empty_collection_when_no_income_service_found_on_filter_by_year_and_month" class="IncomeServiceRepositoryEloquentTest" file="/home/vagrant/Code/gfccm/api-gfccm-systems/tests/unit/ApiGfccm/Repositories/Eloquent/IncomeServiceRepositoryEloquentTest.php" line="163" assertions="1" time="0.788740"/>
      <testcase name="it_creates_fund_structures" class="IncomeServiceRepositoryEloquentTest" file="/home/vagrant/Code/gfccm/api-gfccm-systems/tests/unit/ApiGfccm/Repositories/Eloquent/IncomeServiceRepositoryEloquentTest.php" line="172" assertions="6" time="1.040730"/>
      <testcase name="it_creates_fund_item_structures" class="IncomeServiceRepositoryEloquentTest" file="/home/vagrant/Code/gfccm/api-gfccm-systems/tests/unit/ApiGfccm/Repositories/Eloquent/IncomeServiceRepositoryEloquentTest.php" line="184" assertions="6" time="1.173441"/>
      <testcase name="it_creates_denomination_structures" class="IncomeServiceRepositoryEloquentTest" file="/home/vagrant/Code/gfccm/api-gfccm-systems/tests/unit/ApiGfccm/Repositories/Eloquent/IncomeServiceRepositoryEloquentTest.php" line="195" assertions="6" time="1.004283"/>
    </testsuite>
    <testsuite name="MemberRepositoryEloquentTest" file="/home/vagrant/Code/gfccm/api-gfccm-systems/tests/unit/ApiGfccm/Repositories/Eloquent/MemberRepositoryEloquentTest.php" tests="7" assertions="28" failures="0" errors="0" time="5.875952">
      <testcase name="it_returns_members" class="MemberRepositoryEloquentTest" file="/home/vagrant/Code/gfccm/api-gfccm-systems/tests/unit/ApiGfccm/Repositories/Eloquent/MemberRepositoryEloquentTest.php" line="23" assertions="2" time="0.908695"/>
      <testcase name="it_returns_empty_when_members_does_not_exist" class="MemberRepositoryEloquentTest" file="/home/vagrant/Code/gfccm/api-gfccm-systems/tests/unit/ApiGfccm/Repositories/Eloquent/MemberRepositoryEloquentTest.php" line="34" assertions="1" time="0.849702"/>
      <testcase name="it_returns_a_member" class="MemberRepositoryEloquentTest" file="/home/vagrant/Code/gfccm/api-gfccm-systems/tests/unit/ApiGfccm/Repositories/Eloquent/MemberRepositoryEloquentTest.php" line="42" assertions="2" time="0.836416"/>
      <testcase name="it_returns_null_when_member_does_not_exist" class="MemberRepositoryEloquentTest" file="/home/vagrant/Code/gfccm/api-gfccm-systems/tests/unit/ApiGfccm/Repositories/Eloquent/MemberRepositoryEloquentTest.php" line="53" assertions="1" time="0.784658"/>
      <testcase name="it_returns_a_member_on_create" class="MemberRepositoryEloquentTest" file="/home/vagrant/Code/gfccm/api-gfccm-systems/tests/unit/ApiGfccm/Repositories/Eloquent/MemberRepositoryEloquentTest.php" line="61" assertions="13" time="0.873594"/>
      <testcase name="it_returns_member_on_update" class="MemberRepositoryEloquentTest" file="/home/vagrant/Code/gfccm/api-gfccm-systems/tests/unit/ApiGfccm/Repositories/Eloquent/MemberRepositoryEloquentTest.php" line="97" assertions="8" time="0.869001"/>
      <testcase name="it_returns_null_on_update_when_member_does_not_exist" class="MemberRepositoryEloquentTest" file="/home/vagrant/Code/gfccm/api-gfccm-systems/tests/unit/ApiGfccm/Repositories/Eloquent/MemberRepositoryEloquentTest.php" line="114" assertions="1" time="0.753886"/>
    </testsuite>
    <testsuite name="MinistryRepositoryEloquentTest" file="/home/vagrant/Code/gfccm/api-gfccm-systems/tests/unit/ApiGfccm/Repositories/Eloquent/MinistryRepositoryEloquentTest.php" tests="8" assertions="24" failures="0" errors="0" time="6.655766">
      <testcase name="it_return_ministries" class="MinistryRepositoryEloquentTest" file="/home/vagrant/Code/gfccm/api-gfccm-systems/tests/unit/ApiGfccm/Repositories/Eloquent/MinistryRepositoryEloquentTest.php" line="23" assertions="2" time="0.909949"/>
      <testcase name="it_returns_empty_when_there_is_no_ministry_that_exists" class="MinistryRepositoryEloquentTest" file="/home/vagrant/Code/gfccm/api-gfccm-systems/tests/unit/ApiGfccm/Repositories/Eloquent/MinistryRepositoryEloquentTest.php" line="34" assertions="1" time="0.854129"/>
      <testcase name="it_returns_a_ministry_when_find_by_id" class="MinistryRepositoryEloquentTest" file="/home/vagrant/Code/gfccm/api-gfccm-systems/tests/unit/ApiGfccm/Repositories/Eloquent/MinistryRepositoryEloquentTest.php" line="42" assertions="6" time="0.810052"/>
      <testcase name="it_returns_null_when_Ministry_does_not_exist" class="MinistryRepositoryEloquentTest" file="/home/vagrant/Code/gfccm/api-gfccm-systems/tests/unit/ApiGfccm/Repositories/Eloquent/MinistryRepositoryEloquentTest.php" line="53" assertions="1" time="0.768876"/>
      <testcase name="it_returns_ministry_after_create" class="MinistryRepositoryEloquentTest" file="/home/vagrant/Code/gfccm/api-gfccm-systems/tests/unit/ApiGfccm/Repositories/Eloquent/MinistryRepositoryEloquentTest.php" line="61" assertions="4" time="0.805600"/>
      <testcase name="it_returns_ministry_after_update" class="MinistryRepositoryEloquentTest" file="/home/vagrant/Code/gfccm/api-gfccm-systems/tests/unit/ApiGfccm/Repositories/Eloquent/MinistryRepositoryEloquentTest.php" line="74" assertions="5" time="0.808618"/>
      <testcase name="it_returns_null_on_update_when_ministry_does_not_exist" class="MinistryRepositoryEloquentTest" file="/home/vagrant/Code/gfccm/api-gfccm-systems/tests/unit/ApiGfccm/Repositories/Eloquent/MinistryRepositoryEloquentTest.php" line="89" assertions="1" time="0.821886"/>
      <testcase name="it_returns_a_collection_of_ministry_as_list" class="MinistryRepositoryEloquentTest" file="/home/vagrant/Code/gfccm/api-gfccm-systems/tests/unit/ApiGfccm/Repositories/Eloquent/MinistryRepositoryEloquentTest.php" line="97" assertions="4" time="0.876656"/>
    </testsuite>
    <testsuite name="RoleRepositoryEloquentTest" file="/home/vagrant/Code/gfccm/api-gfccm-systems/tests/unit/ApiGfccm/Repositories/Eloquent/RoleRepositoryEloquentTest.php" tests="4" assertions="8" failures="0" errors="0" time="3.286186">
      <testcase name="it_returns_roles" class="RoleRepositoryEloquentTest" file="/home/vagrant/Code/gfccm/api-gfccm-systems/tests/unit/ApiGfccm/Repositories/Eloquent/RoleRepositoryEloquentTest.php" line="22" assertions="2" time="0.926656"/>
      <testcase name="it_returns_empty_data_if_roles_are_empty" class="RoleRepositoryEloquentTest" file="/home/vagrant/Code/gfccm/api-gfccm-systems/tests/unit/ApiGfccm/Repositories/Eloquent/RoleRepositoryEloquentTest.php" line="33" assertions="1" time="0.771515"/>
      <testcase name="it_return_role_when_find_by_id" class="RoleRepositoryEloquentTest" file="/home/vagrant/Code/gfccm/api-gfccm-systems/tests/unit/ApiGfccm/Repositories/Eloquent/RoleRepositoryEloquentTest.php" line="42" assertions="4" time="0.802369"/>
      <testcase name="it_returns_null_when_role_does_not_exist" class="RoleRepositoryEloquentTest" file="/home/vagrant/Code/gfccm/api-gfccm-systems/tests/unit/ApiGfccm/Repositories/Eloquent/RoleRepositoryEloquentTest.php" line="54" assertions="1" time="0.785646"/>
    </testsuite>
    <testsuite name="ServiceRepositoryEloquentTest" file="/home/vagrant/Code/gfccm/api-gfccm-systems/tests/unit/ApiGfccm/Repositories/Eloquent/ServiceRepositoryEloquentTest.php" tests="8" assertions="30" failures="0" errors="0" time="6.750689">
      <testcase name="it_return_services" class="ServiceRepositoryEloquentTest" file="/home/vagrant/Code/gfccm/api-gfccm-systems/tests/unit/ApiGfccm/Repositories/Eloquent/ServiceRepositoryEloquentTest.php" line="23" assertions="2" time="0.904863"/>
      <testcase name="it_returns_empty_when_there_is_no_service_that_exists" class="ServiceRepositoryEloquentTest" file="/home/vagrant/Code/gfccm/api-gfccm-systems/tests/unit/ApiGfccm/Repositories/Eloquent/ServiceRepositoryEloquentTest.php" line="34" assertions="1" time="0.845914"/>
      <testcase name="it_returns_a_service_when_find_by_id" class="ServiceRepositoryEloquentTest" file="/home/vagrant/Code/gfccm/api-gfccm-systems/tests/unit/ApiGfccm/Repositories/Eloquent/ServiceRepositoryEloquentTest.php" line="42" assertions="8" time="0.836229"/>
      <testcase name="it_returns_null_when_service_does_not_exist" class="ServiceRepositoryEloquentTest" file="/home/vagrant/Code/gfccm/api-gfccm-systems/tests/unit/ApiGfccm/Repositories/Eloquent/ServiceRepositoryEloquentTest.php" line="53" assertions="1" time="0.768039"/>
      <testcase name="it_returns_service_after_create" class="ServiceRepositoryEloquentTest" file="/home/vagrant/Code/gfccm/api-gfccm-systems/tests/unit/ApiGfccm/Repositories/Eloquent/ServiceRepositoryEloquentTest.php" line="61" assertions="6" time="0.835046"/>
      <testcase name="it_returns_service_after_update" class="ServiceRepositoryEloquentTest" file="/home/vagrant/Code/gfccm/api-gfccm-systems/tests/unit/ApiGfccm/Repositories/Eloquent/ServiceRepositoryEloquentTest.php" line="78" assertions="7" time="0.899446"/>
      <testcase name="it_returns_null_on_update_when_service_does_not_exist" class="ServiceRepositoryEloquentTest" file="/home/vagrant/Code/gfccm/api-gfccm-systems/tests/unit/ApiGfccm/Repositories/Eloquent/ServiceRepositoryEloquentTest.php" line="98" assertions="1" time="0.806044"/>
      <testcase name="it_returns_a_collection_services_as_list" class="ServiceRepositoryEloquentTest" file="/home/vagrant/Code/gfccm/api-gfccm-systems/tests/unit/ApiGfccm/Repositories/Eloquent/ServiceRepositoryEloquentTest.php" line="106" assertions="4" time="0.855108"/>
    </testsuite>
    <testsuite name="UserRepositoryEloquentTest" file="/home/vagrant/Code/gfccm/api-gfccm-systems/tests/unit/ApiGfccm/Repositories/Eloquent/UserRepositoryEloquentTest.php" tests="10" assertions="35" failures="0" errors="0" time="8.866721">
      <testcase name="it_returns_all_users" class="UserRepositoryEloquentTest" file="/home/vagrant/Code/gfccm/api-gfccm-systems/tests/unit/ApiGfccm/Repositories/Eloquent/UserRepositoryEloquentTest.php" line="21" assertions="2" time="1.179457"/>
      <testcase name="it_returns_empty_when_there_is_no_user_that_exist" class="UserRepositoryEloquentTest" file="/home/vagrant/Code/gfccm/api-gfccm-systems/tests/unit/ApiGfccm/Repositories/Eloquent/UserRepositoryEloquentTest.php" line="33" assertions="1" time="0.760577"/>
      <testcase name="it_returns_a_user_when_find_by_id" class="UserRepositoryEloquentTest" file="/home/vagrant/Code/gfccm/api-gfccm-systems/tests/unit/ApiGfccm/Repositories/Eloquent/UserRepositoryEloquentTest.php" line="41" assertions="8" time="0.899406"/>
      <testcase name="it_returns_null_when_user_does_not_exist" class="UserRepositoryEloquentTest" file="/home/vagrant/Code/gfccm/api-gfccm-systems/tests/unit/ApiGfccm/Repositories/Eloquent/UserRepositoryEloquentTest.php" line="61" assertions="1" time="0.816391"/>
      <testcase name="it_returns_a_user_when_find_by_username" class="UserRepositoryEloquentTest" file="/home/vagrant/Code/gfccm/api-gfccm-systems/tests/unit/ApiGfccm/Repositories/Eloquent/UserRepositoryEloquentTest.php" line="69" assertions="8" time="0.896360"/>
      <testcase name="it_returns_null_when_finding_user_by_username_and_does_not_exist" class="UserRepositoryEloquentTest" file="/home/vagrant/Code/gfccm/api-gfccm-systems/tests/unit/ApiGfccm/Repositories/Eloquent/UserRepositoryEloquentTest.php" line="89" assertions="1" time="0.791110"/>
      <testcase name="it_returns_user_after_create" class="UserRepositoryEloquentTest" file="/home/vagrant/Code/gfccm/api-gfccm-systems/tests/unit/ApiGfccm/Repositories/Eloquent/UserRepositoryEloquentTest.php" line="98" assertions="6" time="0.937544"/>
      <testcase name="it_returns_a_user_after_update" class="UserRepositoryEloquentTest" file="/home/vagrant/Code/gfccm/api-gfccm-systems/tests/unit/ApiGfccm/Repositories/Eloquent/UserRepositoryEloquentTest.php" line="118" assertions="6" time="0.887423"/>
      <testcase name="it_returns_null_on_update_if_user_tries_to_update_member_id" class="UserRepositoryEloquentTest" file="/home/vagrant/Code/gfccm/api-gfccm-systems/tests/unit/ApiGfccm/Repositories/Eloquent/UserRepositoryEloquentTest.php" line="139" assertions="1" time="0.918428"/>
      <testcase name="it_returns_null_on_update_when_user_does_not_exist" class="UserRepositoryEloquentTest" file="/home/vagrant/Code/gfccm/api-gfccm-systems/tests/unit/ApiGfccm/Repositories/Eloquent/UserRepositoryEloquentTest.php" line="152" assertions="1" time="0.780025"/>
    </testsuite>
  </testsuite>
</testsuites>
