<?xml version="1.0" encoding="UTF-8"?>
<testsuites>
  <testsuite name="Application Test Suite" tests="37" assertions="85" failures="0" errors="0" time="31.169811">
    <testsuite name="DenominationsControllerTest" file="/home/vagrant/Code/gfccm/api-gfccm-systems/tests/integration/api/DenominationsControllerTest.php" tests="11" assertions="22" failures="0" errors="0" time="9.903325">
      <testcase name="it_returns_denomination_when_denomination_is_created" class="DenominationsControllerTest" file="/home/vagrant/Code/gfccm/api-gfccm-systems/tests/integration/api/DenominationsControllerTest.php" line="14" assertions="3" time="1.779090"/>
      <testsuite name="DenominationsControllerTest::it_rejects_creation_request_if_the_payload_is_invalid" tests="3" assertions="3" failures="0" errors="0" time="2.373381">
        <testcase name="it_rejects_creation_request_if_the_payload_is_invalid with data set #0" assertions="1" time="0.801351"/>
        <testcase name="it_rejects_creation_request_if_the_payload_is_invalid with data set #1" assertions="1" time="0.786879"/>
        <testcase name="it_rejects_creation_request_if_the_payload_is_invalid with data set #2" assertions="1" time="0.785151"/>
      </testsuite>
      <testcase name="it_returns_denomination_when_denomination_is_updated" class="DenominationsControllerTest" file="/home/vagrant/Code/gfccm/api-gfccm-systems/tests/integration/api/DenominationsControllerTest.php" line="38" assertions="2" time="0.839568"/>
      <testcase name="it_rejects_update_when_input_is_invalid" class="DenominationsControllerTest" file="/home/vagrant/Code/gfccm/api-gfccm-systems/tests/integration/api/DenominationsControllerTest.php" line="54" assertions="1" time="0.822707"/>
      <testcase name="it_rejects_update_when_denomination_does_not_exists" class="DenominationsControllerTest" file="/home/vagrant/Code/gfccm/api-gfccm-systems/tests/integration/api/DenominationsControllerTest.php" line="67" assertions="1" time="0.790538"/>
      <testcase name="it_returns_empty_when_no_denomination_is_empty" class="DenominationsControllerTest" file="/home/vagrant/Code/gfccm/api-gfccm-systems/tests/integration/api/DenominationsControllerTest.php" line="79" assertions="2" time="0.791941"/>
      <testcase name="it_returns_denominations" class="DenominationsControllerTest" file="/home/vagrant/Code/gfccm/api-gfccm-systems/tests/integration/api/DenominationsControllerTest.php" line="88" assertions="2" time="0.862126"/>
      <testcase name="it_returns_a_denomination_when_searched_by_id" class="DenominationsControllerTest" file="/home/vagrant/Code/gfccm/api-gfccm-systems/tests/integration/api/DenominationsControllerTest.php" line="99" assertions="7" time="0.865686"/>
      <testcase name="it_returns_an_invalid_response_when_denomination_does_not_exists" class="DenominationsControllerTest" file="/home/vagrant/Code/gfccm/api-gfccm-systems/tests/integration/api/DenominationsControllerTest.php" line="113" assertions="1" time="0.778288"/>
    </testsuite>
    <testsuite name="FundItemsControllerTest" file="/home/vagrant/Code/gfccm/api-gfccm-systems/tests/integration/api/FundItemsControllerTest.php" tests="9" assertions="19" failures="0" errors="0" time="7.498632">
      <testcase name="it_returns_fund_item_when_created" class="FundItemsControllerTest" file="/home/vagrant/Code/gfccm/api-gfccm-systems/tests/integration/api/FundItemsControllerTest.php" line="13" assertions="4" time="0.872210"/>
      <testsuite name="FundItemsControllerTest::it_rejects_create_if_input_is_invalid" tests="2" assertions="2" failures="0" errors="0" time="1.578023">
        <testcase name="it_rejects_create_if_input_is_invalid with data set #0" assertions="1" time="0.784833"/>
        <testcase name="it_rejects_create_if_input_is_invalid with data set #1" assertions="1" time="0.793190"/>
      </testsuite>
      <testcase name="it_returns_fund_item_on_update_if_fund_item_exists" class="FundItemsControllerTest" file="/home/vagrant/Code/gfccm/api-gfccm-systems/tests/integration/api/FundItemsControllerTest.php" line="38" assertions="4" time="0.874833"/>
      <testsuite name="FundItemsControllerTest::it_rejects_update_if_updated_input_is_invalid" tests="2" assertions="2" failures="0" errors="0" time="1.710395">
        <testcase name="it_rejects_update_if_updated_input_is_invalid with data set #0" assertions="1" time="0.852840"/>
        <testcase name="it_rejects_update_if_updated_input_is_invalid with data set #1" assertions="1" time="0.857555"/>
      </testsuite>
      <testcase name="it_returns_an_invalid_response_on_update_if_fund_item_does_not_exists" class="FundItemsControllerTest" file="/home/vagrant/Code/gfccm/api-gfccm-systems/tests/integration/api/FundItemsControllerTest.php" line="69" assertions="1" time="0.794262"/>
      <testcase name="it_returns_a_fund_item_if_exists" class="FundItemsControllerTest" file="/home/vagrant/Code/gfccm/api-gfccm-systems/tests/integration/api/FundItemsControllerTest.php" line="79" assertions="5" time="0.857513"/>
      <testcase name="it_returns_an_invalid_response_when_fund_item_does_not_exists" class="FundItemsControllerTest" file="/home/vagrant/Code/gfccm/api-gfccm-systems/tests/integration/api/FundItemsControllerTest.php" line="93" assertions="1" time="0.811396"/>
    </testsuite>
    <testsuite name="DenominationRepositoryEloquentTest" file="/home/vagrant/Code/gfccm/api-gfccm-systems/tests/unit/ApiGfccm/Repositories/Eloquent/DenominationRepositoryEloquentTest.php" tests="7" assertions="15" failures="0" errors="0" time="5.545801">
      <testcase name="it_returns_denominations_order_by_amount" class="DenominationRepositoryEloquentTest" file="/home/vagrant/Code/gfccm/api-gfccm-systems/tests/unit/ApiGfccm/Repositories/Eloquent/DenominationRepositoryEloquentTest.php" line="14" assertions="2" time="0.837300"/>
      <testcase name="it_returns_denominations" class="DenominationRepositoryEloquentTest" file="/home/vagrant/Code/gfccm/api-gfccm-systems/tests/unit/ApiGfccm/Repositories/Eloquent/DenominationRepositoryEloquentTest.php" line="36" assertions="2" time="0.874309"/>
      <testcase name="it_returns_denomination_when_fetched_by_id" class="DenominationRepositoryEloquentTest" file="/home/vagrant/Code/gfccm/api-gfccm-systems/tests/unit/ApiGfccm/Repositories/Eloquent/DenominationRepositoryEloquentTest.php" line="49" assertions="5" time="0.776207"/>
      <testcase name="it_returns_exception_when_denomination_does_not_exists" class="DenominationRepositoryEloquentTest" file="/home/vagrant/Code/gfccm/api-gfccm-systems/tests/unit/ApiGfccm/Repositories/Eloquent/DenominationRepositoryEloquentTest.php" line="65" assertions="1" time="0.755446"/>
      <testcase name="it_returns_denomination_when_the_denomination_is_updated" class="DenominationRepositoryEloquentTest" file="/home/vagrant/Code/gfccm/api-gfccm-systems/tests/unit/ApiGfccm/Repositories/Eloquent/DenominationRepositoryEloquentTest.php" line="75" assertions="2" time="0.791404"/>
      <testcase name="it_returns_null_when_denomination_not_found" class="DenominationRepositoryEloquentTest" file="/home/vagrant/Code/gfccm/api-gfccm-systems/tests/unit/ApiGfccm/Repositories/Eloquent/DenominationRepositoryEloquentTest.php" line="96" assertions="1" time="0.733827"/>
      <testcase name="it_returns_denomination_when_a_new_denomination_is_created" class="DenominationRepositoryEloquentTest" file="/home/vagrant/Code/gfccm/api-gfccm-systems/tests/unit/ApiGfccm/Repositories/Eloquent/DenominationRepositoryEloquentTest.php" line="111" assertions="2" time="0.777308"/>
    </testsuite>
    <testsuite name="FundItemRepositoryEloquentTest" file="/home/vagrant/Code/gfccm/api-gfccm-systems/tests/unit/ApiGfccm/Repositories/Eloquent/FundItemRepositoryEloquentTest.php" tests="10" assertions="29" failures="0" errors="0" time="8.222053">
      <testcase name="it_returns_fund_items" class="FundItemRepositoryEloquentTest" file="/home/vagrant/Code/gfccm/api-gfccm-systems/tests/unit/ApiGfccm/Repositories/Eloquent/FundItemRepositoryEloquentTest.php" line="16" assertions="2" time="0.979377"/>
      <testcase name="it_returns_empty_when_fund_items_are_not_found" class="FundItemRepositoryEloquentTest" file="/home/vagrant/Code/gfccm/api-gfccm-systems/tests/unit/ApiGfccm/Repositories/Eloquent/FundItemRepositoryEloquentTest.php" line="30" assertions="1" time="0.759022"/>
      <testcase name="it_returns_a_fund_item_when_fetched_by_id" class="FundItemRepositoryEloquentTest" file="/home/vagrant/Code/gfccm/api-gfccm-systems/tests/unit/ApiGfccm/Repositories/Eloquent/FundItemRepositoryEloquentTest.php" line="37" assertions="6" time="0.880874"/>
      <testcase name="it_return_null_when_fund_item_is_not_found" class="FundItemRepositoryEloquentTest" file="/home/vagrant/Code/gfccm/api-gfccm-systems/tests/unit/ApiGfccm/Repositories/Eloquent/FundItemRepositoryEloquentTest.php" line="53" assertions="1" time="0.743231"/>
      <testcase name="it_returns_fund_items_which_belonged_to_a_fund" class="FundItemRepositoryEloquentTest" file="/home/vagrant/Code/gfccm/api-gfccm-systems/tests/unit/ApiGfccm/Repositories/Eloquent/FundItemRepositoryEloquentTest.php" line="60" assertions="3" time="0.851797"/>
      <testcase name="it_returns_empty_when_there_is_no_fund_items_associated_by_fund" class="FundItemRepositoryEloquentTest" file="/home/vagrant/Code/gfccm/api-gfccm-systems/tests/unit/ApiGfccm/Repositories/Eloquent/FundItemRepositoryEloquentTest.php" line="75" assertions="1" time="0.731093"/>
      <testcase name="it_returns_a_fund_item_when_created" class="FundItemRepositoryEloquentTest" file="/home/vagrant/Code/gfccm/api-gfccm-systems/tests/unit/ApiGfccm/Repositories/Eloquent/FundItemRepositoryEloquentTest.php" line="82" assertions="2" time="0.787690"/>
      <testcase name="it_returns_a_fund_item_when_updated" class="FundItemRepositoryEloquentTest" file="/home/vagrant/Code/gfccm/api-gfccm-systems/tests/unit/ApiGfccm/Repositories/Eloquent/FundItemRepositoryEloquentTest.php" line="101" assertions="5" time="0.821434"/>
      <testcase name="it_returns_empty_on_update_when_fund_item_does_not_exists" class="FundItemRepositoryEloquentTest" file="/home/vagrant/Code/gfccm/api-gfccm-systems/tests/unit/ApiGfccm/Repositories/Eloquent/FundItemRepositoryEloquentTest.php" line="130" assertions="1" time="0.738473"/>
      <testcase name="it_returns_active_fund_items" class="FundItemRepositoryEloquentTest" file="/home/vagrant/Code/gfccm/api-gfccm-systems/tests/unit/ApiGfccm/Repositories/Eloquent/FundItemRepositoryEloquentTest.php" line="139" assertions="7" time="0.929062"/>
    </testsuite>
  </testsuite>
</testsuites>
