<?xml version="1.0" encoding="UTF-8"?>
<testsuites>
  <testsuite name="Application Test Suite" tests="176" assertions="475" failures="0" errors="0" time="141.179818">
    <testsuite name="DenominationsControllerTest" file="/home/vagrant/Code/gfccm/api-gfccm-systems/tests/integration/api/DenominationsControllerTest.php" tests="11" assertions="22" failures="0" errors="0" time="10.261692">
      <testcase name="it_returns_denomination_when_denomination_is_created" class="DenominationsControllerTest" file="/home/vagrant/Code/gfccm/api-gfccm-systems/tests/integration/api/DenominationsControllerTest.php" line="14" assertions="3" time="2.028447"/>
      <testsuite name="DenominationsControllerTest::it_rejects_creation_request_if_the_payload_is_invalid" tests="3" assertions="3" failures="0" errors="0" time="2.434002">
        <testcase name="it_rejects_creation_request_if_the_payload_is_invalid with data set #0" assertions="1" time="0.820936"/>
        <testcase name="it_rejects_creation_request_if_the_payload_is_invalid with data set #1" assertions="1" time="0.806479"/>
        <testcase name="it_rejects_creation_request_if_the_payload_is_invalid with data set #2" assertions="1" time="0.806587"/>
      </testsuite>
      <testcase name="it_returns_denomination_when_denomination_is_updated" class="DenominationsControllerTest" file="/home/vagrant/Code/gfccm/api-gfccm-systems/tests/integration/api/DenominationsControllerTest.php" line="38" assertions="2" time="0.844321"/>
      <testcase name="it_rejects_update_when_input_is_invalid" class="DenominationsControllerTest" file="/home/vagrant/Code/gfccm/api-gfccm-systems/tests/integration/api/DenominationsControllerTest.php" line="54" assertions="1" time="0.849079"/>
      <testcase name="it_rejects_update_when_denomination_does_not_exists" class="DenominationsControllerTest" file="/home/vagrant/Code/gfccm/api-gfccm-systems/tests/integration/api/DenominationsControllerTest.php" line="67" assertions="1" time="0.790952"/>
      <testcase name="it_returns_an_empty_collection_when_denomination_does_not_exist" class="DenominationsControllerTest" file="/home/vagrant/Code/gfccm/api-gfccm-systems/tests/integration/api/DenominationsControllerTest.php" line="79" assertions="2" time="0.802541"/>
      <testcase name="it_returns_denominations" class="DenominationsControllerTest" file="/home/vagrant/Code/gfccm/api-gfccm-systems/tests/integration/api/DenominationsControllerTest.php" line="88" assertions="2" time="0.857194"/>
      <testcase name="it_returns_a_denomination_when_searched_by_id" class="DenominationsControllerTest" file="/home/vagrant/Code/gfccm/api-gfccm-systems/tests/integration/api/DenominationsControllerTest.php" line="99" assertions="7" time="0.869305"/>
      <testcase name="it_returns_an_invalid_response_when_denomination_does_not_exists" class="DenominationsControllerTest" file="/home/vagrant/Code/gfccm/api-gfccm-systems/tests/integration/api/DenominationsControllerTest.php" line="113" assertions="1" time="0.785851"/>
    </testsuite>
    <testsuite name="FundItemsControllerTest" file="/home/vagrant/Code/gfccm/api-gfccm-systems/tests/integration/api/FundItemsControllerTest.php" tests="9" assertions="25" failures="0" errors="0" time="7.787175">
      <testcase name="it_returns_fund_item_when_created" class="FundItemsControllerTest" file="/home/vagrant/Code/gfccm/api-gfccm-systems/tests/integration/api/FundItemsControllerTest.php" line="14" assertions="7" time="0.921572"/>
      <testsuite name="FundItemsControllerTest::it_rejects_create_if_input_is_invalid" tests="2" assertions="2" failures="0" errors="0" time="1.679570">
        <testcase name="it_rejects_create_if_input_is_invalid with data set #0" assertions="1" time="0.831656"/>
        <testcase name="it_rejects_create_if_input_is_invalid with data set #1" assertions="1" time="0.847914"/>
      </testsuite>
      <testcase name="it_returns_fund_item_on_update_if_fund_item_exists" class="FundItemsControllerTest" file="/home/vagrant/Code/gfccm/api-gfccm-systems/tests/integration/api/FundItemsControllerTest.php" line="40" assertions="7" time="0.923387"/>
      <testsuite name="FundItemsControllerTest::it_rejects_update_if_updated_input_is_invalid" tests="2" assertions="2" failures="0" errors="0" time="1.777016">
        <testcase name="it_rejects_update_if_updated_input_is_invalid with data set #0" assertions="1" time="0.893837"/>
        <testcase name="it_rejects_update_if_updated_input_is_invalid with data set #1" assertions="1" time="0.883179"/>
      </testsuite>
      <testcase name="it_returns_an_invalid_response_on_update_if_fund_item_does_not_exists" class="FundItemsControllerTest" file="/home/vagrant/Code/gfccm/api-gfccm-systems/tests/integration/api/FundItemsControllerTest.php" line="72" assertions="1" time="0.797164"/>
      <testcase name="it_returns_a_fund_item_if_exists" class="FundItemsControllerTest" file="/home/vagrant/Code/gfccm/api-gfccm-systems/tests/integration/api/FundItemsControllerTest.php" line="82" assertions="5" time="0.887184"/>
      <testcase name="it_returns_an_invalid_response_when_fund_item_does_not_exists" class="FundItemsControllerTest" file="/home/vagrant/Code/gfccm/api-gfccm-systems/tests/integration/api/FundItemsControllerTest.php" line="96" assertions="1" time="0.801282"/>
    </testsuite>
    <testsuite name="FundsControllerTest" file="/home/vagrant/Code/gfccm/api-gfccm-systems/tests/integration/api/FundsControllerTest.php" tests="14" assertions="29" failures="0" errors="0" time="12.240593">
      <testcase name="it_returns_a_collection_of_funds" class="FundsControllerTest" file="/home/vagrant/Code/gfccm/api-gfccm-systems/tests/integration/api/FundsControllerTest.php" line="13" assertions="2" time="0.993326"/>
      <testcase name="it_returns_an_empty_collection_when_no_fund_exists" class="FundsControllerTest" file="/home/vagrant/Code/gfccm/api-gfccm-systems/tests/integration/api/FundsControllerTest.php" line="26" assertions="2" time="0.804117"/>
      <testcase name="it_returns_fund_when_fund_is_created" class="FundsControllerTest" file="/home/vagrant/Code/gfccm/api-gfccm-systems/tests/integration/api/FundsControllerTest.php" line="37" assertions="4" time="0.886126"/>
      <testsuite name="FundsControllerTest::it_rejects_create_when_input_is_invalid" tests="2" assertions="2" failures="0" errors="0" time="1.737291">
        <testcase name="it_rejects_create_when_input_is_invalid with data set #0" assertions="1" time="0.878237"/>
        <testcase name="it_rejects_create_when_input_is_invalid with data set #1" assertions="1" time="0.859054"/>
      </testsuite>
      <testcase name="it_return_a_fund" class="FundsControllerTest" file="/home/vagrant/Code/gfccm/api-gfccm-systems/tests/integration/api/FundsControllerTest.php" line="64" assertions="4" time="0.864066"/>
      <testcase name="it_returns_an_invalid_response_when_fund_does_not_exists" class="FundsControllerTest" file="/home/vagrant/Code/gfccm/api-gfccm-systems/tests/integration/api/FundsControllerTest.php" line="79" assertions="1" time="0.816779"/>
      <testcase name="it_returns_a_fund_on_update" class="FundsControllerTest" file="/home/vagrant/Code/gfccm/api-gfccm-systems/tests/integration/api/FundsControllerTest.php" line="89" assertions="5" time="0.884141"/>
      <testsuite name="FundsControllerTest::it_rejects_update_if_input_is_invalid" tests="2" assertions="2" failures="0" errors="0" time="1.699836">
        <testcase name="it_rejects_update_if_input_is_invalid with data set #0" assertions="1" time="0.847001"/>
        <testcase name="it_rejects_update_if_input_is_invalid with data set #1" assertions="1" time="0.852835"/>
      </testsuite>
      <testcase name="it_return_an_invalid_response_on_update_when_fund_does_not_exists" class="FundsControllerTest" file="/home/vagrant/Code/gfccm/api-gfccm-systems/tests/integration/api/FundsControllerTest.php" line="122" assertions="1" time="0.819802"/>
      <testcase name="it_returns_an_invalid_response_on_showing_fund_items_in_a_fund_when_fund_does_not_exists" class="FundsControllerTest" file="/home/vagrant/Code/gfccm/api-gfccm-systems/tests/integration/api/FundsControllerTest.php" line="132" assertions="1" time="0.821798"/>
      <testcase name="it_returns_an_empty_collection_when_fund_does_not_have_fund_items" class="FundsControllerTest" file="/home/vagrant/Code/gfccm/api-gfccm-systems/tests/integration/api/FundsControllerTest.php" line="142" assertions="2" time="0.891345"/>
      <testcase name="it_returns_a_collection_of_fund_items_associated_in_a_fund" class="FundsControllerTest" file="/home/vagrant/Code/gfccm/api-gfccm-systems/tests/integration/api/FundsControllerTest.php" line="157" assertions="3" time="1.021966"/>
    </testsuite>
    <testsuite name="MinistriesControllerTest" file="/home/vagrant/Code/gfccm/api-gfccm-systems/tests/integration/api/MinistriesControllerTest.php" tests="12" assertions="20" failures="0" errors="0" time="10.113747">
      <testcase name="it_returns_a_collection_of_ministries" class="MinistriesControllerTest" file="/home/vagrant/Code/gfccm/api-gfccm-systems/tests/integration/api/MinistriesControllerTest.php" line="13" assertions="2" time="0.921468"/>
      <testcase name="it_returns_an_empty_collection_when_services_does_not_exist" class="MinistriesControllerTest" file="/home/vagrant/Code/gfccm/api-gfccm-systems/tests/integration/api/MinistriesControllerTest.php" line="26" assertions="2" time="0.797706"/>
      <testcase name="it_returns_a_ministry_on_create" class="MinistriesControllerTest" file="/home/vagrant/Code/gfccm/api-gfccm-systems/tests/integration/api/MinistriesControllerTest.php" line="37" assertions="3" time="0.841391"/>
      <testsuite name="MinistriesControllerTest::it_rejects_create_when_payload_is_invalid" tests="3" assertions="3" failures="0" errors="0" time="2.402489">
        <testcase name="it_rejects_create_when_payload_is_invalid with data set #0" assertions="1" time="0.789530"/>
        <testcase name="it_rejects_create_when_payload_is_invalid with data set #1" assertions="1" time="0.797509"/>
        <testcase name="it_rejects_create_when_payload_is_invalid with data set #2" assertions="1" time="0.815450"/>
      </testsuite>
      <testcase name="it_returns_a_ministry_if_ministry_exist" class="MinistriesControllerTest" file="/home/vagrant/Code/gfccm/api-gfccm-systems/tests/integration/api/MinistriesControllerTest.php" line="65" assertions="2" time="0.876197"/>
      <testcase name="it_returns_error_if_ministry_does_not_exist" class="MinistriesControllerTest" file="/home/vagrant/Code/gfccm/api-gfccm-systems/tests/integration/api/MinistriesControllerTest.php" line="79" assertions="1" time="0.803563"/>
      <testcase name="it_returns_a_ministry_on_update" class="MinistriesControllerTest" file="/home/vagrant/Code/gfccm/api-gfccm-systems/tests/integration/api/MinistriesControllerTest.php" line="87" assertions="3" time="0.879418"/>
      <testcase name="it_rejects_update_if_payload_is_invalid" class="MinistriesControllerTest" file="/home/vagrant/Code/gfccm/api-gfccm-systems/tests/integration/api/MinistriesControllerTest.php" line="102" assertions="1" time="0.881465"/>
      <testcase name="it_rejects_update_if_ministry_does_not_exist" class="MinistriesControllerTest" file="/home/vagrant/Code/gfccm/api-gfccm-systems/tests/integration/api/MinistriesControllerTest.php" line="114" assertions="1" time="0.833238"/>
      <testcase name="it_returns_services_as_list" class="MinistriesControllerTest" file="/home/vagrant/Code/gfccm/api-gfccm-systems/tests/integration/api/MinistriesControllerTest.php" line="124" assertions="2" time="0.876812"/>
    </testsuite>
    <testsuite name="RolesControllerTest" file="/home/vagrant/Code/gfccm/api-gfccm-systems/tests/integration/api/RolesControllerTest.php" tests="4" assertions="9" failures="0" errors="0" time="3.409117">
      <testcase name="it_returns_a_collection_of_roles" class="RolesControllerTest" file="/home/vagrant/Code/gfccm/api-gfccm-systems/tests/integration/api/RolesControllerTest.php" line="12" assertions="2" time="0.971174"/>
      <testcase name="it_returns_an_empty_role_collection_when_there_is_no_roles" class="RolesControllerTest" file="/home/vagrant/Code/gfccm/api-gfccm-systems/tests/integration/api/RolesControllerTest.php" line="25" assertions="2" time="0.824841"/>
      <testcase name="it_returns_a_role" class="RolesControllerTest" file="/home/vagrant/Code/gfccm/api-gfccm-systems/tests/integration/api/RolesControllerTest.php" line="36" assertions="4" time="0.836642"/>
      <testcase name="it_returns_an_invalid_response_when_specified_role_does_not_exist" class="RolesControllerTest" file="/home/vagrant/Code/gfccm/api-gfccm-systems/tests/integration/api/RolesControllerTest.php" line="49" assertions="1" time="0.776460"/>
    </testsuite>
    <testsuite name="ServicesControllerTest" file="/home/vagrant/Code/gfccm/api-gfccm-systems/tests/integration/api/ServicesControllerTest.php" tests="14" assertions="24" failures="0" errors="0" time="11.896246">
      <testcase name="it_returns_a_collection_services" class="ServicesControllerTest" file="/home/vagrant/Code/gfccm/api-gfccm-systems/tests/integration/api/ServicesControllerTest.php" line="13" assertions="2" time="0.917843"/>
      <testcase name="it_returns_an_empty_collection_when_services_does_not_exist" class="ServicesControllerTest" file="/home/vagrant/Code/gfccm/api-gfccm-systems/tests/integration/api/ServicesControllerTest.php" line="26" assertions="2" time="0.787064"/>
      <testcase name="it_returns_a_service_on_create" class="ServicesControllerTest" file="/home/vagrant/Code/gfccm/api-gfccm-systems/tests/integration/api/ServicesControllerTest.php" line="37" assertions="5" time="0.872564"/>
      <testsuite name="ServicesControllerTest::it_rejects_create_when_payload_is_invalid" tests="5" assertions="5" failures="0" errors="0" time="4.201136">
        <testcase name="it_rejects_create_when_payload_is_invalid with data set #0" assertions="1" time="0.862090"/>
        <testcase name="it_rejects_create_when_payload_is_invalid with data set #1" assertions="1" time="0.893667"/>
        <testcase name="it_rejects_create_when_payload_is_invalid with data set #2" assertions="1" time="0.800098"/>
        <testcase name="it_rejects_create_when_payload_is_invalid with data set #3" assertions="1" time="0.817466"/>
        <testcase name="it_rejects_create_when_payload_is_invalid with data set #4" assertions="1" time="0.827815"/>
      </testsuite>
      <testcase name="it_returns_a_service_if_service_exist" class="ServicesControllerTest" file="/home/vagrant/Code/gfccm/api-gfccm-systems/tests/integration/api/ServicesControllerTest.php" line="67" assertions="2" time="0.866462"/>
      <testcase name="it_returns_error_if_service_does_not_exist" class="ServicesControllerTest" file="/home/vagrant/Code/gfccm/api-gfccm-systems/tests/integration/api/ServicesControllerTest.php" line="81" assertions="1" time="0.802206"/>
      <testcase name="it_returns_a_service_on_update" class="ServicesControllerTest" file="/home/vagrant/Code/gfccm/api-gfccm-systems/tests/integration/api/ServicesControllerTest.php" line="89" assertions="3" time="0.859175"/>
      <testcase name="it_rejects_update_if_payload_is_invalid" class="ServicesControllerTest" file="/home/vagrant/Code/gfccm/api-gfccm-systems/tests/integration/api/ServicesControllerTest.php" line="104" assertions="1" time="0.848586"/>
      <testcase name="it_rejects_update_if_service_does_not_exist" class="ServicesControllerTest" file="/home/vagrant/Code/gfccm/api-gfccm-systems/tests/integration/api/ServicesControllerTest.php" line="116" assertions="1" time="0.855348"/>
      <testcase name="it_returns_services_as_list" class="ServicesControllerTest" file="/home/vagrant/Code/gfccm/api-gfccm-systems/tests/integration/api/ServicesControllerTest.php" line="126" assertions="2" time="0.885863"/>
    </testsuite>
    <testsuite name="ApiGfccm\Http\Controllers\Api\UsersControllerTest" file="/home/vagrant/Code/gfccm/api-gfccm-systems/tests/integration/api/UsersControllerTest.php" tests="7" assertions="12" failures="0" errors="0" time="6.499470">
      <testcase name="it_returns_a_user" class="ApiGfccm\Http\Controllers\Api\UsersControllerTest" file="/home/vagrant/Code/gfccm/api-gfccm-systems/tests/integration/api/UsersControllerTest.php" line="17" assertions="2" time="0.986177"/>
      <testcase name="it_returns_error_if_a_user_does_not_exist" class="ApiGfccm\Http\Controllers\Api\UsersControllerTest" file="/home/vagrant/Code/gfccm/api-gfccm-systems/tests/integration/api/UsersControllerTest.php" line="30" assertions="1" time="0.783876"/>
      <testcase name="it_returns_a_collection_of_users" class="ApiGfccm\Http\Controllers\Api\UsersControllerTest" file="/home/vagrant/Code/gfccm/api-gfccm-systems/tests/integration/api/UsersControllerTest.php" line="38" assertions="2" time="1.258082"/>
      <testcase name="it_returns_an_empty_collection_when_users_does_not_exist" class="ApiGfccm\Http\Controllers\Api\UsersControllerTest" file="/home/vagrant/Code/gfccm/api-gfccm-systems/tests/integration/api/UsersControllerTest.php" line="52" assertions="2" time="0.798803"/>
      <testcase name="it_returns_a_user_on_update" class="ApiGfccm\Http\Controllers\Api\UsersControllerTest" file="/home/vagrant/Code/gfccm/api-gfccm-systems/tests/integration/api/UsersControllerTest.php" line="61" assertions="3" time="0.944444"/>
      <testcase name="it_returns_error_on_update_if_a_user_tries_to_modify_member_id" class="ApiGfccm\Http\Controllers\Api\UsersControllerTest" file="/home/vagrant/Code/gfccm/api-gfccm-systems/tests/integration/api/UsersControllerTest.php" line="76" assertions="1" time="0.931951"/>
      <testcase name="it_returns_error_on_update_if_a_user_does_not_exist" class="ApiGfccm\Http\Controllers\Api\UsersControllerTest" file="/home/vagrant/Code/gfccm/api-gfccm-systems/tests/integration/api/UsersControllerTest.php" line="89" assertions="1" time="0.796137"/>
    </testsuite>
    <testsuite name="DenominationTransformerTest" file="/home/vagrant/Code/gfccm/api-gfccm-systems/tests/unit/ApiGfccm/Http/Controllers/Api/Transformers/DenominationTransformerTest.php" tests="1" assertions="7" failures="0" errors="0" time="0.790415">
      <testcase name="it_transforms_a_denomination_into_an_api_payload" class="DenominationTransformerTest" file="/home/vagrant/Code/gfccm/api-gfccm-systems/tests/unit/ApiGfccm/Http/Controllers/Api/Transformers/DenominationTransformerTest.php" line="19" assertions="7" time="0.790415"/>
    </testsuite>
    <testsuite name="FundItemTransformerTest" file="/home/vagrant/Code/gfccm/api-gfccm-systems/tests/unit/ApiGfccm/Http/Controllers/Api/Transformers/FundItemTransformerTest.php" tests="1" assertions="9" failures="0" errors="0" time="0.791395">
      <testcase name="it_transforms_a_fund_item_into_an_api_payload" class="FundItemTransformerTest" file="/home/vagrant/Code/gfccm/api-gfccm-systems/tests/unit/ApiGfccm/Http/Controllers/Api/Transformers/FundItemTransformerTest.php" line="20" assertions="9" time="0.791395"/>
    </testsuite>
    <testsuite name="FundTransformerTest" file="/home/vagrant/Code/gfccm/api-gfccm-systems/tests/unit/ApiGfccm/Http/Controllers/Api/Transformers/FundTransformerTest.php" tests="1" assertions="11" failures="0" errors="0" time="0.787837">
      <testcase name="it_transforms_a_fund_into_an_api_payload" class="FundTransformerTest" file="/home/vagrant/Code/gfccm/api-gfccm-systems/tests/unit/ApiGfccm/Http/Controllers/Api/Transformers/FundTransformerTest.php" line="19" assertions="11" time="0.787837"/>
    </testsuite>
    <testsuite name="MinistryTransformerTest" file="/home/vagrant/Code/gfccm/api-gfccm-systems/tests/unit/ApiGfccm/Http/Controllers/Api/Transformers/MinistryRepositoryTest.php" tests="1" assertions="7" failures="0" errors="0" time="0.777176">
      <testcase name="it_transforms_a_ministry_into_an_api_payload" class="MinistryTransformerTest" file="/home/vagrant/Code/gfccm/api-gfccm-systems/tests/unit/ApiGfccm/Http/Controllers/Api/Transformers/MinistryRepositoryTest.php" line="19" assertions="7" time="0.777176"/>
    </testsuite>
    <testsuite name="RoleTransformerTest" file="/home/vagrant/Code/gfccm/api-gfccm-systems/tests/unit/ApiGfccm/Http/Controllers/Api/Transformers/RoleTransformerTest.php" tests="1" assertions="7" failures="0" errors="0" time="0.793493">
      <testcase name="it_transforms_a_role_into_an_api_payload" class="RoleTransformerTest" file="/home/vagrant/Code/gfccm/api-gfccm-systems/tests/unit/ApiGfccm/Http/Controllers/Api/Transformers/RoleTransformerTest.php" line="19" assertions="7" time="0.793493"/>
    </testsuite>
    <testsuite name="ServiceTransformerTest" file="/home/vagrant/Code/gfccm/api-gfccm-systems/tests/unit/ApiGfccm/Http/Controllers/Api/Transformers/ServiceTransformerTest.php" tests="1" assertions="11" failures="0" errors="0" time="0.791895">
      <testcase name="it_transforms_a_service_into_an_api_payload" class="ServiceTransformerTest" file="/home/vagrant/Code/gfccm/api-gfccm-systems/tests/unit/ApiGfccm/Http/Controllers/Api/Transformers/ServiceTransformerTest.php" line="19" assertions="11" time="0.791895"/>
    </testsuite>
    <testsuite name="UserTransformerTest" file="/home/vagrant/Code/gfccm/api-gfccm-systems/tests/unit/ApiGfccm/Http/Controllers/Api/Transformers/UserTransformerTest.php" tests="1" assertions="12" failures="0" errors="0" time="0.916810">
      <testcase name="it_transforms_a_user_into_an_api_payload" class="UserTransformerTest" file="/home/vagrant/Code/gfccm/api-gfccm-systems/tests/unit/ApiGfccm/Http/Controllers/Api/Transformers/UserTransformerTest.php" line="18" assertions="12" time="0.916810"/>
    </testsuite>
    <testsuite name="FundItemTest" file="/home/vagrant/Code/gfccm/api-gfccm-systems/tests/unit/ApiGfccm/Models/FundItemTest.php" tests="1" assertions="1" failures="0" errors="0" time="0.389518">
      <testcase name="it_belongs_to_a_fund" class="FundItemTest" file="/home/vagrant/Code/gfccm/api-gfccm-systems/tests/unit/ApiGfccm/Models/FundItemTest.php" line="15" assertions="1" time="0.389518"/>
    </testsuite>
    <testsuite name="FundTest" file="/home/vagrant/Code/gfccm/api-gfccm-systems/tests/unit/ApiGfccm/Models/FundTest.php" tests="1" assertions="1" failures="0" errors="0" time="0.356456">
      <testcase name="it_has_many_items" class="FundTest" file="/home/vagrant/Code/gfccm/api-gfccm-systems/tests/unit/ApiGfccm/Models/FundTest.php" line="15" assertions="1" time="0.356456"/>
    </testsuite>
    <testsuite name="IncomeServiceDenominationTest" file="/home/vagrant/Code/gfccm/api-gfccm-systems/tests/unit/ApiGfccm/Models/IncomeServiceDenominationTest.php" tests="2" assertions="2" failures="0" errors="0" time="0.591016">
      <testcase name="it_belongs_to_an_income_service" class="IncomeServiceDenominationTest" file="/home/vagrant/Code/gfccm/api-gfccm-systems/tests/unit/ApiGfccm/Models/IncomeServiceDenominationTest.php" line="16" assertions="1" time="0.354126"/>
      <testcase name="it_belongs_to_a_denomination" class="IncomeServiceDenominationTest" file="/home/vagrant/Code/gfccm/api-gfccm-systems/tests/unit/ApiGfccm/Models/IncomeServiceDenominationTest.php" line="27" assertions="1" time="0.236890"/>
    </testsuite>
    <testsuite name="IncomeServiceFundItemStructureTest" file="/home/vagrant/Code/gfccm/api-gfccm-systems/tests/unit/ApiGfccm/Models/IncomeServiceFundItemStructureTest.php" tests="1" assertions="1" failures="0" errors="0" time="0.342615">
      <testcase name="it_belongs_to_an_income_service_fund_item_structure" class="IncomeServiceFundItemStructureTest" file="/home/vagrant/Code/gfccm/api-gfccm-systems/tests/unit/ApiGfccm/Models/IncomeServiceFundItemStructureTest.php" line="15" assertions="1" time="0.342615"/>
    </testsuite>
    <testsuite name="IncomeServiceFundStructureTest" file="/home/vagrant/Code/gfccm/api-gfccm-systems/tests/unit/ApiGfccm/Models/IncomeServiceFundStructureTest.php" tests="1" assertions="1" failures="0" errors="0" time="0.334632">
      <testcase name="it_has_many_income_service_fund_item_structure" class="IncomeServiceFundStructureTest" file="/home/vagrant/Code/gfccm/api-gfccm-systems/tests/unit/ApiGfccm/Models/IncomeServiceFundStructureTest.php" line="15" assertions="1" time="0.334632"/>
    </testsuite>
    <testsuite name="IncomeServiceMemberFundTest" file="/home/vagrant/Code/gfccm/api-gfccm-systems/tests/unit/ApiGfccm/Models/IncomeServiceMemberFundTest.php" tests="1" assertions="1" failures="0" errors="0" time="0.334589">
      <testcase name="it_belongs_to_an_income_service_member_fund" class="IncomeServiceMemberFundTest" file="/home/vagrant/Code/gfccm/api-gfccm-systems/tests/unit/ApiGfccm/Models/IncomeServiceMemberFundTest.php" line="15" assertions="1" time="0.334589"/>
    </testsuite>
    <testsuite name="IncomeServiceMemberFundTotalTest" file="/home/vagrant/Code/gfccm/api-gfccm-systems/tests/unit/ApiGfccm/Models/IncomeServiceMemberFundTotalTest.php" tests="2" assertions="2" failures="0" errors="0" time="0.591013">
      <testcase name="it_belongs_to_an_income_service_member_fund" class="IncomeServiceMemberFundTotalTest" file="/home/vagrant/Code/gfccm/api-gfccm-systems/tests/unit/ApiGfccm/Models/IncomeServiceMemberFundTotalTest.php" line="16" assertions="1" time="0.352224"/>
      <testcase name="it_belongs_to_a_member" class="IncomeServiceMemberFundTotalTest" file="/home/vagrant/Code/gfccm/api-gfccm-systems/tests/unit/ApiGfccm/Models/IncomeServiceMemberFundTotalTest.php" line="27" assertions="1" time="0.238789"/>
    </testsuite>
    <testsuite name="IncomeServiceTest" file="/home/vagrant/Code/gfccm/api-gfccm-systems/tests/unit/ApiGfccm/Models/IncomeServiceTest.php" tests="5" assertions="5" failures="0" errors="0" time="1.535830">
      <testcase name="it_belongs_to_a_service" class="IncomeServiceTest" file="/home/vagrant/Code/gfccm/api-gfccm-systems/tests/unit/ApiGfccm/Models/IncomeServiceTest.php" line="19" assertions="1" time="0.357984"/>
      <testcase name="it_has_one_user" class="IncomeServiceTest" file="/home/vagrant/Code/gfccm/api-gfccm-systems/tests/unit/ApiGfccm/Models/IncomeServiceTest.php" line="30" assertions="1" time="0.342322"/>
      <testcase name="it_has_many_fund_structures" class="IncomeServiceTest" file="/home/vagrant/Code/gfccm/api-gfccm-systems/tests/unit/ApiGfccm/Models/IncomeServiceTest.php" line="41" assertions="1" time="0.338329"/>
      <testcase name="it_has_many_denomination_structures" class="IncomeServiceTest" file="/home/vagrant/Code/gfccm/api-gfccm-systems/tests/unit/ApiGfccm/Models/IncomeServiceTest.php" line="52" assertions="1" time="0.234984"/>
      <testcase name="it_has_many_member_fund_totals" class="IncomeServiceTest" file="/home/vagrant/Code/gfccm/api-gfccm-systems/tests/unit/ApiGfccm/Models/IncomeServiceTest.php" line="63" assertions="1" time="0.262212"/>
    </testsuite>
    <testsuite name="MemberTest" file="/home/vagrant/Code/gfccm/api-gfccm-systems/tests/unit/ApiGfccm/Models/MemberTest.php" tests="3" assertions="3" failures="0" errors="0" time="1.041530">
      <testcase name="it_belongs_to_a_user" class="MemberTest" file="/home/vagrant/Code/gfccm/api-gfccm-systems/tests/unit/ApiGfccm/Models/MemberTest.php" line="17" assertions="1" time="0.356654"/>
      <testcase name="it_belongs_to_many_member_ministries" class="MemberTest" file="/home/vagrant/Code/gfccm/api-gfccm-systems/tests/unit/ApiGfccm/Models/MemberTest.php" line="28" assertions="1" time="0.344816"/>
      <testcase name="it_has_many_income_service_member_fund_total" class="MemberTest" file="/home/vagrant/Code/gfccm/api-gfccm-systems/tests/unit/ApiGfccm/Models/MemberTest.php" line="39" assertions="1" time="0.340060"/>
    </testsuite>
    <testsuite name="MinistryTest" file="/home/vagrant/Code/gfccm/api-gfccm-systems/tests/unit/ApiGfccm/Models/MinistryTest.php" tests="1" assertions="1" failures="0" errors="0" time="0.336816">
      <testcase name="it_belongs_to_many_member_ministries" class="MinistryTest" file="/home/vagrant/Code/gfccm/api-gfccm-systems/tests/unit/ApiGfccm/Models/MinistryTest.php" line="15" assertions="1" time="0.336816"/>
    </testsuite>
    <testsuite name="MinistryTransactionTest" file="/home/vagrant/Code/gfccm/api-gfccm-systems/tests/unit/ApiGfccm/Models/MinistryTransactionTest.php" tests="1" assertions="1" failures="0" errors="0" time="0.359717">
      <testcase name="it_belongs_to_a_ministry" class="MinistryTransactionTest" file="/home/vagrant/Code/gfccm/api-gfccm-systems/tests/unit/ApiGfccm/Models/MinistryTransactionTest.php" line="15" assertions="1" time="0.359717"/>
    </testsuite>
    <testsuite name="RoleTest" file="/home/vagrant/Code/gfccm/api-gfccm-systems/tests/unit/ApiGfccm/Models/RoleTest.php" tests="1" assertions="1" failures="0" errors="0" time="0.355473">
      <testcase name="it_belongs_to_many_users" class="RoleTest" file="/home/vagrant/Code/gfccm/api-gfccm-systems/tests/unit/ApiGfccm/Models/RoleTest.php" line="15" assertions="1" time="0.355473"/>
    </testsuite>
    <testsuite name="UserTest" file="/home/vagrant/Code/gfccm/api-gfccm-systems/tests/unit/ApiGfccm/Models/UserTest.php" tests="2" assertions="2" failures="0" errors="0" time="0.703501">
      <testcase name="it_belongs_to_a_member" class="UserTest" file="/home/vagrant/Code/gfccm/api-gfccm-systems/tests/unit/ApiGfccm/Models/UserTest.php" line="16" assertions="1" time="0.349559"/>
      <testcase name="it_belongs_to_many_roles" class="UserTest" file="/home/vagrant/Code/gfccm/api-gfccm-systems/tests/unit/ApiGfccm/Models/UserTest.php" line="27" assertions="1" time="0.353942"/>
    </testsuite>
    <testsuite name="DenominationRepositoryEloquentTest" file="/home/vagrant/Code/gfccm/api-gfccm-systems/tests/unit/ApiGfccm/Repositories/Eloquent/DenominationRepositoryEloquentTest.php" tests="7" assertions="19" failures="0" errors="0" time="5.894441">
      <testcase name="it_returns_denominations_order_by_amount" class="DenominationRepositoryEloquentTest" file="/home/vagrant/Code/gfccm/api-gfccm-systems/tests/unit/ApiGfccm/Repositories/Eloquent/DenominationRepositoryEloquentTest.php" line="14" assertions="2" time="0.897004"/>
      <testcase name="it_returns_denominations" class="DenominationRepositoryEloquentTest" file="/home/vagrant/Code/gfccm/api-gfccm-systems/tests/unit/ApiGfccm/Repositories/Eloquent/DenominationRepositoryEloquentTest.php" line="36" assertions="2" time="0.898648"/>
      <testcase name="it_returns_denomination_when_fetched_by_id" class="DenominationRepositoryEloquentTest" file="/home/vagrant/Code/gfccm/api-gfccm-systems/tests/unit/ApiGfccm/Repositories/Eloquent/DenominationRepositoryEloquentTest.php" line="49" assertions="5" time="0.840843"/>
      <testcase name="it_returns_exception_when_denomination_does_not_exists" class="DenominationRepositoryEloquentTest" file="/home/vagrant/Code/gfccm/api-gfccm-systems/tests/unit/ApiGfccm/Repositories/Eloquent/DenominationRepositoryEloquentTest.php" line="65" assertions="1" time="0.795994"/>
      <testcase name="it_returns_denomination_when_the_denomination_is_updated" class="DenominationRepositoryEloquentTest" file="/home/vagrant/Code/gfccm/api-gfccm-systems/tests/unit/ApiGfccm/Repositories/Eloquent/DenominationRepositoryEloquentTest.php" line="75" assertions="4" time="0.868761"/>
      <testcase name="it_returns_null_when_denomination_not_found" class="DenominationRepositoryEloquentTest" file="/home/vagrant/Code/gfccm/api-gfccm-systems/tests/unit/ApiGfccm/Repositories/Eloquent/DenominationRepositoryEloquentTest.php" line="93" assertions="1" time="0.769181"/>
      <testcase name="it_returns_denomination_when_a_new_denomination_is_created" class="DenominationRepositoryEloquentTest" file="/home/vagrant/Code/gfccm/api-gfccm-systems/tests/unit/ApiGfccm/Repositories/Eloquent/DenominationRepositoryEloquentTest.php" line="105" assertions="4" time="0.824010"/>
    </testsuite>
    <testsuite name="FundItemRepositoryEloquentTest" file="/home/vagrant/Code/gfccm/api-gfccm-systems/tests/unit/ApiGfccm/Repositories/Eloquent/FundItemRepositoryEloquentTest.php" tests="10" assertions="27" failures="0" errors="0" time="8.511592">
      <testcase name="it_returns_fund_items" class="FundItemRepositoryEloquentTest" file="/home/vagrant/Code/gfccm/api-gfccm-systems/tests/unit/ApiGfccm/Repositories/Eloquent/FundItemRepositoryEloquentTest.php" line="16" assertions="2" time="0.978404"/>
      <testcase name="it_returns_empty_when_fund_items_are_not_found" class="FundItemRepositoryEloquentTest" file="/home/vagrant/Code/gfccm/api-gfccm-systems/tests/unit/ApiGfccm/Repositories/Eloquent/FundItemRepositoryEloquentTest.php" line="30" assertions="1" time="0.765161"/>
      <testcase name="it_returns_a_fund_item_when_fetched_by_id" class="FundItemRepositoryEloquentTest" file="/home/vagrant/Code/gfccm/api-gfccm-systems/tests/unit/ApiGfccm/Repositories/Eloquent/FundItemRepositoryEloquentTest.php" line="37" assertions="6" time="0.847839"/>
      <testcase name="it_return_null_when_fund_item_is_not_found" class="FundItemRepositoryEloquentTest" file="/home/vagrant/Code/gfccm/api-gfccm-systems/tests/unit/ApiGfccm/Repositories/Eloquent/FundItemRepositoryEloquentTest.php" line="52" assertions="1" time="0.783212"/>
      <testcase name="it_returns_fund_items_which_belonged_to_a_fund" class="FundItemRepositoryEloquentTest" file="/home/vagrant/Code/gfccm/api-gfccm-systems/tests/unit/ApiGfccm/Repositories/Eloquent/FundItemRepositoryEloquentTest.php" line="59" assertions="3" time="0.902712"/>
      <testcase name="it_returns_empty_when_there_is_no_fund_items_associated_by_fund" class="FundItemRepositoryEloquentTest" file="/home/vagrant/Code/gfccm/api-gfccm-systems/tests/unit/ApiGfccm/Repositories/Eloquent/FundItemRepositoryEloquentTest.php" line="74" assertions="1" time="0.757560"/>
      <testcase name="it_returns_a_fund_item_when_created" class="FundItemRepositoryEloquentTest" file="/home/vagrant/Code/gfccm/api-gfccm-systems/tests/unit/ApiGfccm/Repositories/Eloquent/FundItemRepositoryEloquentTest.php" line="81" assertions="2" time="0.845050"/>
      <testcase name="it_returns_a_fund_item_when_updated" class="FundItemRepositoryEloquentTest" file="/home/vagrant/Code/gfccm/api-gfccm-systems/tests/unit/ApiGfccm/Repositories/Eloquent/FundItemRepositoryEloquentTest.php" line="100" assertions="5" time="0.861235"/>
      <testcase name="it_returns_empty_on_update_when_fund_item_does_not_exists" class="FundItemRepositoryEloquentTest" file="/home/vagrant/Code/gfccm/api-gfccm-systems/tests/unit/ApiGfccm/Repositories/Eloquent/FundItemRepositoryEloquentTest.php" line="129" assertions="1" time="0.781663"/>
      <testcase name="it_returns_active_fund_items" class="FundItemRepositoryEloquentTest" file="/home/vagrant/Code/gfccm/api-gfccm-systems/tests/unit/ApiGfccm/Repositories/Eloquent/FundItemRepositoryEloquentTest.php" line="138" assertions="5" time="0.988756"/>
    </testsuite>
    <testsuite name="FundRepositoryEloquentTest" file="/home/vagrant/Code/gfccm/api-gfccm-systems/tests/unit/ApiGfccm/Repositories/Eloquent/FundRepositoryEloquentTest.php" tests="8" assertions="29" failures="0" errors="0" time="7.330490">
      <testcase name="it_returns_fund_with_items" class="FundRepositoryEloquentTest" file="/home/vagrant/Code/gfccm/api-gfccm-systems/tests/unit/ApiGfccm/Repositories/Eloquent/FundRepositoryEloquentTest.php" line="15" assertions="4" time="1.302532"/>
      <testcase name="it_returns_empty_if_funds_are_empty" class="FundRepositoryEloquentTest" file="/home/vagrant/Code/gfccm/api-gfccm-systems/tests/unit/ApiGfccm/Repositories/Eloquent/FundRepositoryEloquentTest.php" line="30" assertions="1" time="0.811209"/>
      <testcase name="it_returns_fund_if_fund_exists" class="FundRepositoryEloquentTest" file="/home/vagrant/Code/gfccm/api-gfccm-systems/tests/unit/ApiGfccm/Repositories/Eloquent/FundRepositoryEloquentTest.php" line="40" assertions="2" time="0.854783"/>
      <testcase name="it_returns_null_if_fund_does_not_exists" class="FundRepositoryEloquentTest" file="/home/vagrant/Code/gfccm/api-gfccm-systems/tests/unit/ApiGfccm/Repositories/Eloquent/FundRepositoryEloquentTest.php" line="53" assertions="1" time="0.805782"/>
      <testcase name="it_returns_fund_when_fund_is_created" class="FundRepositoryEloquentTest" file="/home/vagrant/Code/gfccm/api-gfccm-systems/tests/unit/ApiGfccm/Repositories/Eloquent/FundRepositoryEloquentTest.php" line="63" assertions="6" time="0.835629"/>
      <testcase name="it_returns_fund_when_fund_is_updated" class="FundRepositoryEloquentTest" file="/home/vagrant/Code/gfccm/api-gfccm-systems/tests/unit/ApiGfccm/Repositories/Eloquent/FundRepositoryEloquentTest.php" line="83" assertions="7" time="0.918742"/>
      <testcase name="it_returns_null_on_update_if_fund_does_not_exists" class="FundRepositoryEloquentTest" file="/home/vagrant/Code/gfccm/api-gfccm-systems/tests/unit/ApiGfccm/Repositories/Eloquent/FundRepositoryEloquentTest.php" line="112" assertions="1" time="0.786465"/>
      <testcase name="it_returns_active_funds" class="FundRepositoryEloquentTest" file="/home/vagrant/Code/gfccm/api-gfccm-systems/tests/unit/ApiGfccm/Repositories/Eloquent/FundRepositoryEloquentTest.php" line="122" assertions="7" time="1.015348"/>
    </testsuite>
    <testsuite name="IncomeServiceMemberFundRepositoryEloquentTest" file="/home/vagrant/Code/gfccm/api-gfccm-systems/tests/unit/ApiGfccm/Repositories/Eloquent/IncomeServiceMemberFundRepositoryEloquentTest.php" tests="1" assertions="0" failures="0" errors="0" time="0.757045">
      <testcase name="insert_test" class="IncomeServiceMemberFundRepositoryEloquentTest" file="/home/vagrant/Code/gfccm/api-gfccm-systems/tests/unit/ApiGfccm/Repositories/Eloquent/IncomeServiceMemberFundRepositoryEloquentTest.php" line="12" assertions="0" time="0.757045"/>
    </testsuite>
    <testsuite name="IncomeServiceRepositoryEloquentTest" file="/home/vagrant/Code/gfccm/api-gfccm-systems/tests/unit/ApiGfccm/Repositories/Eloquent/IncomeServiceRepositoryEloquentTest.php" tests="13" assertions="48" failures="0" errors="0" time="11.980437">
      <testcase name="it_returns_income_service_on_create" class="IncomeServiceRepositoryEloquentTest" file="/home/vagrant/Code/gfccm/api-gfccm-systems/tests/unit/ApiGfccm/Repositories/Eloquent/IncomeServiceRepositoryEloquentTest.php" line="25" assertions="10" time="0.888918"/>
      <testcase name="it_returns_income_service" class="IncomeServiceRepositoryEloquentTest" file="/home/vagrant/Code/gfccm/api-gfccm-systems/tests/unit/ApiGfccm/Repositories/Eloquent/IncomeServiceRepositoryEloquentTest.php" line="55" assertions="2" time="0.919980"/>
      <testcase name="it_returns_null_when_income_service_does_not_exist" class="IncomeServiceRepositoryEloquentTest" file="/home/vagrant/Code/gfccm/api-gfccm-systems/tests/unit/ApiGfccm/Repositories/Eloquent/IncomeServiceRepositoryEloquentTest.php" line="66" assertions="1" time="0.826515"/>
      <testcase name="it_returns_a_collection_income_services" class="IncomeServiceRepositoryEloquentTest" file="/home/vagrant/Code/gfccm/api-gfccm-systems/tests/unit/ApiGfccm/Repositories/Eloquent/IncomeServiceRepositoryEloquentTest.php" line="74" assertions="2" time="0.969786"/>
      <testcase name="it_returns_an_empty_collection_if_no_income_service_exists" class="IncomeServiceRepositoryEloquentTest" file="/home/vagrant/Code/gfccm/api-gfccm-systems/tests/unit/ApiGfccm/Repositories/Eloquent/IncomeServiceRepositoryEloquentTest.php" line="85" assertions="1" time="0.787933"/>
      <testcase name="it_returns_income_service_on_update" class="IncomeServiceRepositoryEloquentTest" file="/home/vagrant/Code/gfccm/api-gfccm-systems/tests/unit/ApiGfccm/Repositories/Eloquent/IncomeServiceRepositoryEloquentTest.php" line="93" assertions="8" time="0.951626"/>
      <testcase name="it_returns_null_on_update_if_income_service_does_not_exist" class="IncomeServiceRepositoryEloquentTest" file="/home/vagrant/Code/gfccm/api-gfccm-systems/tests/unit/ApiGfccm/Repositories/Eloquent/IncomeServiceRepositoryEloquentTest.php" line="128" assertions="1" time="0.810306"/>
      <testcase name="it_returns_income_service_when_filter_by_year_and_month" class="IncomeServiceRepositoryEloquentTest" file="/home/vagrant/Code/gfccm/api-gfccm-systems/tests/unit/ApiGfccm/Repositories/Eloquent/IncomeServiceRepositoryEloquentTest.php" line="136" assertions="2" time="1.055387"/>
      <testcase name="it_returns_income_service_filtered_to_current_year_and_date_when_no_year_and_month_declared" class="IncomeServiceRepositoryEloquentTest" file="/home/vagrant/Code/gfccm/api-gfccm-systems/tests/unit/ApiGfccm/Repositories/Eloquent/IncomeServiceRepositoryEloquentTest.php" line="151" assertions="2" time="1.020861"/>
      <testcase name="it_returns_and_empty_collection_when_no_income_service_found_on_filter_by_year_and_month" class="IncomeServiceRepositoryEloquentTest" file="/home/vagrant/Code/gfccm/api-gfccm-systems/tests/unit/ApiGfccm/Repositories/Eloquent/IncomeServiceRepositoryEloquentTest.php" line="163" assertions="1" time="0.763186"/>
      <testcase name="it_creates_fund_structures" class="IncomeServiceRepositoryEloquentTest" file="/home/vagrant/Code/gfccm/api-gfccm-systems/tests/unit/ApiGfccm/Repositories/Eloquent/IncomeServiceRepositoryEloquentTest.php" line="172" assertions="6" time="0.967108"/>
      <testcase name="it_creates_fund_item_structures" class="IncomeServiceRepositoryEloquentTest" file="/home/vagrant/Code/gfccm/api-gfccm-systems/tests/unit/ApiGfccm/Repositories/Eloquent/IncomeServiceRepositoryEloquentTest.php" line="184" assertions="6" time="1.033104"/>
      <testcase name="it_creates_denomination_structures" class="IncomeServiceRepositoryEloquentTest" file="/home/vagrant/Code/gfccm/api-gfccm-systems/tests/unit/ApiGfccm/Repositories/Eloquent/IncomeServiceRepositoryEloquentTest.php" line="195" assertions="6" time="0.985727"/>
    </testsuite>
    <testsuite name="MemberRepositoryEloquentTest" file="/home/vagrant/Code/gfccm/api-gfccm-systems/tests/unit/ApiGfccm/Repositories/Eloquent/MemberRepositoryEloquentTest.php" tests="7" assertions="28" failures="0" errors="0" time="5.802235">
      <testcase name="it_returns_members" class="MemberRepositoryEloquentTest" file="/home/vagrant/Code/gfccm/api-gfccm-systems/tests/unit/ApiGfccm/Repositories/Eloquent/MemberRepositoryEloquentTest.php" line="23" assertions="2" time="0.923951"/>
      <testcase name="it_returns_empty_when_members_does_not_exist" class="MemberRepositoryEloquentTest" file="/home/vagrant/Code/gfccm/api-gfccm-systems/tests/unit/ApiGfccm/Repositories/Eloquent/MemberRepositoryEloquentTest.php" line="34" assertions="1" time="0.793007"/>
      <testcase name="it_returns_a_member" class="MemberRepositoryEloquentTest" file="/home/vagrant/Code/gfccm/api-gfccm-systems/tests/unit/ApiGfccm/Repositories/Eloquent/MemberRepositoryEloquentTest.php" line="42" assertions="2" time="0.835573"/>
      <testcase name="it_returns_null_when_member_does_not_exist" class="MemberRepositoryEloquentTest" file="/home/vagrant/Code/gfccm/api-gfccm-systems/tests/unit/ApiGfccm/Repositories/Eloquent/MemberRepositoryEloquentTest.php" line="53" assertions="1" time="0.762457"/>
      <testcase name="it_returns_a_member_on_create" class="MemberRepositoryEloquentTest" file="/home/vagrant/Code/gfccm/api-gfccm-systems/tests/unit/ApiGfccm/Repositories/Eloquent/MemberRepositoryEloquentTest.php" line="61" assertions="13" time="0.848337"/>
      <testcase name="it_returns_member_on_update" class="MemberRepositoryEloquentTest" file="/home/vagrant/Code/gfccm/api-gfccm-systems/tests/unit/ApiGfccm/Repositories/Eloquent/MemberRepositoryEloquentTest.php" line="97" assertions="8" time="0.855657"/>
      <testcase name="it_returns_null_on_update_when_member_does_not_exist" class="MemberRepositoryEloquentTest" file="/home/vagrant/Code/gfccm/api-gfccm-systems/tests/unit/ApiGfccm/Repositories/Eloquent/MemberRepositoryEloquentTest.php" line="114" assertions="1" time="0.783253"/>
    </testsuite>
    <testsuite name="MinistryRepositoryEloquentTest" file="/home/vagrant/Code/gfccm/api-gfccm-systems/tests/unit/ApiGfccm/Repositories/Eloquent/MinistryRepositoryEloquentTest.php" tests="8" assertions="24" failures="0" errors="0" time="6.727520">
      <testcase name="it_return_ministries" class="MinistryRepositoryEloquentTest" file="/home/vagrant/Code/gfccm/api-gfccm-systems/tests/unit/ApiGfccm/Repositories/Eloquent/MinistryRepositoryEloquentTest.php" line="23" assertions="2" time="0.854361"/>
      <testcase name="it_returns_empty_when_there_is_no_ministry_that_exists" class="MinistryRepositoryEloquentTest" file="/home/vagrant/Code/gfccm/api-gfccm-systems/tests/unit/ApiGfccm/Repositories/Eloquent/MinistryRepositoryEloquentTest.php" line="34" assertions="1" time="0.766935"/>
      <testcase name="it_returns_a_ministry_when_find_by_id" class="MinistryRepositoryEloquentTest" file="/home/vagrant/Code/gfccm/api-gfccm-systems/tests/unit/ApiGfccm/Repositories/Eloquent/MinistryRepositoryEloquentTest.php" line="42" assertions="6" time="0.831360"/>
      <testcase name="it_returns_null_when_Ministry_does_not_exist" class="MinistryRepositoryEloquentTest" file="/home/vagrant/Code/gfccm/api-gfccm-systems/tests/unit/ApiGfccm/Repositories/Eloquent/MinistryRepositoryEloquentTest.php" line="53" assertions="1" time="0.820448"/>
      <testcase name="it_returns_ministry_after_create" class="MinistryRepositoryEloquentTest" file="/home/vagrant/Code/gfccm/api-gfccm-systems/tests/unit/ApiGfccm/Repositories/Eloquent/MinistryRepositoryEloquentTest.php" line="61" assertions="4" time="0.879790"/>
      <testcase name="it_returns_ministry_after_update" class="MinistryRepositoryEloquentTest" file="/home/vagrant/Code/gfccm/api-gfccm-systems/tests/unit/ApiGfccm/Repositories/Eloquent/MinistryRepositoryEloquentTest.php" line="74" assertions="5" time="0.871690"/>
      <testcase name="it_returns_null_on_update_when_ministry_does_not_exist" class="MinistryRepositoryEloquentTest" file="/home/vagrant/Code/gfccm/api-gfccm-systems/tests/unit/ApiGfccm/Repositories/Eloquent/MinistryRepositoryEloquentTest.php" line="89" assertions="1" time="0.817764"/>
      <testcase name="it_returns_a_collection_of_ministry_as_list" class="MinistryRepositoryEloquentTest" file="/home/vagrant/Code/gfccm/api-gfccm-systems/tests/unit/ApiGfccm/Repositories/Eloquent/MinistryRepositoryEloquentTest.php" line="97" assertions="4" time="0.885172"/>
    </testsuite>
    <testsuite name="RoleRepositoryEloquentTest" file="/home/vagrant/Code/gfccm/api-gfccm-systems/tests/unit/ApiGfccm/Repositories/Eloquent/RoleRepositoryEloquentTest.php" tests="4" assertions="8" failures="0" errors="0" time="3.357641">
      <testcase name="it_returns_roles" class="RoleRepositoryEloquentTest" file="/home/vagrant/Code/gfccm/api-gfccm-systems/tests/unit/ApiGfccm/Repositories/Eloquent/RoleRepositoryEloquentTest.php" line="22" assertions="2" time="0.933648"/>
      <testcase name="it_returns_empty_data_if_roles_are_empty" class="RoleRepositoryEloquentTest" file="/home/vagrant/Code/gfccm/api-gfccm-systems/tests/unit/ApiGfccm/Repositories/Eloquent/RoleRepositoryEloquentTest.php" line="33" assertions="1" time="0.802969"/>
      <testcase name="it_return_role_when_find_by_id" class="RoleRepositoryEloquentTest" file="/home/vagrant/Code/gfccm/api-gfccm-systems/tests/unit/ApiGfccm/Repositories/Eloquent/RoleRepositoryEloquentTest.php" line="42" assertions="4" time="0.836842"/>
      <testcase name="it_returns_null_when_role_does_not_exist" class="RoleRepositoryEloquentTest" file="/home/vagrant/Code/gfccm/api-gfccm-systems/tests/unit/ApiGfccm/Repositories/Eloquent/RoleRepositoryEloquentTest.php" line="54" assertions="1" time="0.784182"/>
    </testsuite>
    <testsuite name="ServiceRepositoryEloquentTest" file="/home/vagrant/Code/gfccm/api-gfccm-systems/tests/unit/ApiGfccm/Repositories/Eloquent/ServiceRepositoryEloquentTest.php" tests="8" assertions="30" failures="0" errors="0" time="6.747523">
      <testcase name="it_return_services" class="ServiceRepositoryEloquentTest" file="/home/vagrant/Code/gfccm/api-gfccm-systems/tests/unit/ApiGfccm/Repositories/Eloquent/ServiceRepositoryEloquentTest.php" line="23" assertions="2" time="0.890658"/>
      <testcase name="it_returns_empty_when_there_is_no_service_that_exists" class="ServiceRepositoryEloquentTest" file="/home/vagrant/Code/gfccm/api-gfccm-systems/tests/unit/ApiGfccm/Repositories/Eloquent/ServiceRepositoryEloquentTest.php" line="34" assertions="1" time="0.794578"/>
      <testcase name="it_returns_a_service_when_find_by_id" class="ServiceRepositoryEloquentTest" file="/home/vagrant/Code/gfccm/api-gfccm-systems/tests/unit/ApiGfccm/Repositories/Eloquent/ServiceRepositoryEloquentTest.php" line="42" assertions="8" time="0.863926"/>
      <testcase name="it_returns_null_when_service_does_not_exist" class="ServiceRepositoryEloquentTest" file="/home/vagrant/Code/gfccm/api-gfccm-systems/tests/unit/ApiGfccm/Repositories/Eloquent/ServiceRepositoryEloquentTest.php" line="53" assertions="1" time="0.788495"/>
      <testcase name="it_returns_service_after_create" class="ServiceRepositoryEloquentTest" file="/home/vagrant/Code/gfccm/api-gfccm-systems/tests/unit/ApiGfccm/Repositories/Eloquent/ServiceRepositoryEloquentTest.php" line="61" assertions="6" time="0.864747"/>
      <testcase name="it_returns_service_after_update" class="ServiceRepositoryEloquentTest" file="/home/vagrant/Code/gfccm/api-gfccm-systems/tests/unit/ApiGfccm/Repositories/Eloquent/ServiceRepositoryEloquentTest.php" line="78" assertions="7" time="0.871145"/>
      <testcase name="it_returns_null_on_update_when_service_does_not_exist" class="ServiceRepositoryEloquentTest" file="/home/vagrant/Code/gfccm/api-gfccm-systems/tests/unit/ApiGfccm/Repositories/Eloquent/ServiceRepositoryEloquentTest.php" line="98" assertions="1" time="0.787022"/>
      <testcase name="it_returns_a_collection_services_as_list" class="ServiceRepositoryEloquentTest" file="/home/vagrant/Code/gfccm/api-gfccm-systems/tests/unit/ApiGfccm/Repositories/Eloquent/ServiceRepositoryEloquentTest.php" line="106" assertions="4" time="0.886952"/>
    </testsuite>
    <testsuite name="UserRepositoryEloquentTest" file="/home/vagrant/Code/gfccm/api-gfccm-systems/tests/unit/ApiGfccm/Repositories/Eloquent/UserRepositoryEloquentTest.php" tests="10" assertions="35" failures="0" errors="0" time="8.941128">
      <testcase name="it_returns_all_users" class="UserRepositoryEloquentTest" file="/home/vagrant/Code/gfccm/api-gfccm-systems/tests/unit/ApiGfccm/Repositories/Eloquent/UserRepositoryEloquentTest.php" line="21" assertions="2" time="1.217001"/>
      <testcase name="it_returns_empty_when_there_is_no_user_that_exist" class="UserRepositoryEloquentTest" file="/home/vagrant/Code/gfccm/api-gfccm-systems/tests/unit/ApiGfccm/Repositories/Eloquent/UserRepositoryEloquentTest.php" line="33" assertions="1" time="0.774538"/>
      <testcase name="it_returns_a_user_when_find_by_id" class="UserRepositoryEloquentTest" file="/home/vagrant/Code/gfccm/api-gfccm-systems/tests/unit/ApiGfccm/Repositories/Eloquent/UserRepositoryEloquentTest.php" line="41" assertions="8" time="0.925871"/>
      <testcase name="it_returns_null_when_user_does_not_exist" class="UserRepositoryEloquentTest" file="/home/vagrant/Code/gfccm/api-gfccm-systems/tests/unit/ApiGfccm/Repositories/Eloquent/UserRepositoryEloquentTest.php" line="61" assertions="1" time="0.761289"/>
      <testcase name="it_returns_a_user_when_find_by_username" class="UserRepositoryEloquentTest" file="/home/vagrant/Code/gfccm/api-gfccm-systems/tests/unit/ApiGfccm/Repositories/Eloquent/UserRepositoryEloquentTest.php" line="69" assertions="8" time="0.894562"/>
      <testcase name="it_returns_null_when_finding_user_by_username_and_does_not_exist" class="UserRepositoryEloquentTest" file="/home/vagrant/Code/gfccm/api-gfccm-systems/tests/unit/ApiGfccm/Repositories/Eloquent/UserRepositoryEloquentTest.php" line="89" assertions="1" time="0.779462"/>
      <testcase name="it_returns_user_after_create" class="UserRepositoryEloquentTest" file="/home/vagrant/Code/gfccm/api-gfccm-systems/tests/unit/ApiGfccm/Repositories/Eloquent/UserRepositoryEloquentTest.php" line="98" assertions="6" time="0.951990"/>
      <testcase name="it_returns_a_user_after_update" class="UserRepositoryEloquentTest" file="/home/vagrant/Code/gfccm/api-gfccm-systems/tests/unit/ApiGfccm/Repositories/Eloquent/UserRepositoryEloquentTest.php" line="118" assertions="6" time="0.924087"/>
      <testcase name="it_returns_null_on_update_if_user_tries_to_update_member_id" class="UserRepositoryEloquentTest" file="/home/vagrant/Code/gfccm/api-gfccm-systems/tests/unit/ApiGfccm/Repositories/Eloquent/UserRepositoryEloquentTest.php" line="139" assertions="1" time="0.904767"/>
      <testcase name="it_returns_null_on_update_when_user_does_not_exist" class="UserRepositoryEloquentTest" file="/home/vagrant/Code/gfccm/api-gfccm-systems/tests/unit/ApiGfccm/Repositories/Eloquent/UserRepositoryEloquentTest.php" line="152" assertions="1" time="0.807561"/>
    </testsuite>
  </testsuite>
</testsuites>
